2025-06-25 14:40:15 | INFO     | Frontend | info:76 | Starting QA-Suite Frontend | Context: {"streamlit_version": "1.24.0", "python_version": "3.12.3 (main, Jun 18 2025, 17:59:45) [GCC 13.3.0]"}
2025-06-25 14:40:15 | INFO     | Frontend | info:76 | Initialized session state | Context: {"current_step": 0}
2025-06-25 14:40:20 | INFO     | QA-Suite | user_action:150 | USER ACTION: entered_website_url | Context: {"url": "https://valueinsightpro.jumpiq.com/auth/login?redirect=/"}
2025-06-25 14:40:20 | INFO     | QA-Suite | step:108 | STEP [1/7] Enter Website URL | Context: {"url": "https://valueinsightpro.jumpiq.com/auth/login?redirect=/"}
2025-06-25 14:40:26 | INFO     | QA-Suite | user_action:150 | USER ACTION: uploaded_js_file | Context: {"filename": "jump_full_flow.js", "file_size": 10432}
2025-06-25 14:40:26 | INFO     | QA-Suite | step:108 | STEP [2/7] Upload JS File | Context: {"filename": "jump_full_flow.js", "file_size": 10432}
2025-06-25 14:40:32 | INFO     | QA-Suite | user_action:150 | USER ACTION: clicked_generate_test_ideas | Context: {"functionality": "Just for login"}
2025-06-25 14:40:39 | INFO     | QA-Suite | api_call:124 | API POST /generate_test_ideas | Status: 200 | Time: 6.86s | Context: {"functionality": "Just for login", "js_content_length": 10432}
2025-06-25 14:40:39 | INFO     | QA-Suite | performance:157 | PERFORMANCE test_ideas_generation_ui | Duration: 6.87s | Context: {"functionality": "Just for login", "test_ideas_count": 20}
2025-06-25 14:40:39 | INFO     | QA-Suite | step:108 | STEP [3/7] Generate Test Ideas | Context: {"functionality": "Just for login", "test_ideas_count": 20}
2025-06-25 14:40:41 | INFO     | QA-Suite | user_action:150 | USER ACTION: clicked_generate_script | Context: {"selected_tests_count": 20, "selected_tests": ["Verify successful login with valid credentials and accepted Terms & Conditions.", "Verify login failure with invalid email and valid password.", "Verify login failure with valid email and invalid password.", "Verify login failure when email field is left empty.", "Verify login failure when password field is left empty.", "Verify login failure when both email and password fields are empty.", "Verify email input field validates for invalid email format.", "Verify login failure when Terms & Conditions checkbox is not accepted.", "Verify 'Sign In' button is disabled until all required login fields are filled.", "Verify appropriate error message is displayed for invalid login credentials.", "Verify password input field obscures characters (e.g., shows dots).", "Verify navigation to OTP verification page after submitting valid login credentials.", "Verify successful OTP verification with a valid 5-digit code.", "Verify OTP verification failure with an invalid 5-digit code.", "Verify OTP verification failure when all OTP fields are left empty.", "Verify OTP verification failure with an incomplete (less than 5) digit code.", "Verify OTP input fields only accept numeric characters.", "Verify 'Verify' button is disabled until all OTP fields are filled.", "Verify appropriate error message is displayed for an invalid OTP.", "Verify navigation to the main application dashboard after successful OTP verification."]}
2025-06-25 14:42:35 | INFO     | QA-Suite | api_call:124 | API POST /generate_script | Status: 200 | Time: 113.90s | Context: {"website_url": "https://valueinsightpro.jumpiq.com/auth/login?redirect=/", "selected_tests_count": 20}
2025-06-25 14:42:35 | INFO     | QA-Suite | performance:157 | PERFORMANCE script_generation_ui | Duration: 113.90s | Context: {"selected_tests_count": 20, "script_length": 29163}
2025-06-25 14:42:35 | INFO     | QA-Suite | step:108 | STEP [4/7] Generate Script | Context: {"selected_tests_count": 20, "script_length": 29163}
2025-06-25 14:42:45 | INFO     | QA-Suite | user_action:150 | USER ACTION: clicked_run_script | Context: {"script_length": 29163}
2025-06-25 14:46:47 | INFO     | QA-Suite | api_call:124 | API POST /run_script | Status: 200 | Time: 241.80s | Context: {"script_length": 29163, "execution_mode": "specific_tests"}
2025-06-25 14:46:47 | INFO     | QA-Suite | performance:157 | PERFORMANCE script_execution_ui | Duration: 241.80s | Context: {"script_length": 29163}
2025-06-25 14:46:47 | INFO     | QA-Suite | step:108 | STEP [6/7] Run Tests | Context: {"logs_count": 0, "stats": {"passed": 0, "failed": 0, "total": 0}}
2025-06-25 14:59:22 | INFO     | QA-Suite | user_action:150 | USER ACTION: entered_website_url | Context: {"url": "https://valueinsightpro.jumpiq.com/auth/login?redirect=/"}
2025-06-25 14:59:22 | INFO     | QA-Suite | step:108 | STEP [1/7] Enter Website URL | Context: {"url": "https://valueinsightpro.jumpiq.com/auth/login?redirect=/"}
2025-06-25 14:59:25 | INFO     | QA-Suite | user_action:150 | USER ACTION: uploaded_js_file | Context: {"filename": "jump_full_flow.js", "file_size": 10432}
2025-06-25 14:59:25 | INFO     | QA-Suite | step:108 | STEP [2/7] Upload JS File | Context: {"filename": "jump_full_flow.js", "file_size": 10432}
2025-06-25 14:59:33 | INFO     | QA-Suite | user_action:150 | USER ACTION: clicked_generate_test_ideas | Context: {"functionality": "Just for login"}
2025-06-25 14:59:45 | INFO     | QA-Suite | api_call:124 | API POST /generate_test_ideas | Status: 200 | Time: 12.35s | Context: {"functionality": "Just for login", "js_content_length": 10432}
2025-06-25 14:59:45 | INFO     | QA-Suite | performance:157 | PERFORMANCE test_ideas_generation_ui | Duration: 12.35s | Context: {"functionality": "Just for login", "test_ideas_count": 20}
2025-06-25 14:59:45 | INFO     | QA-Suite | step:108 | STEP [3/7] Generate Test Ideas | Context: {"functionality": "Just for login", "test_ideas_count": 20}
2025-06-25 14:59:47 | INFO     | QA-Suite | user_action:150 | USER ACTION: clicked_generate_script | Context: {"selected_tests_count": 20, "selected_tests": ["Verify successful navigation to the JumpIQ login page.", "Test successful user login with valid company email, password, and accepted T&C.", "Test login attempt with an invalid format for the company email.", "Test login attempt with a non-existent company email.", "Test login attempt with an incorrect password for a valid company email.", "Test login attempt with an empty company email field.", "Test login attempt with an empty password field.", "Test login attempt with both company email and password fields empty.", "Test login attempt without accepting the Terms & Conditions.", "Verify that an error message is displayed for invalid login credentials.", "Verify that an error message is displayed when Terms & Conditions are not accepted.", "Test login with company email containing leading or trailing spaces.", "Test login with password containing leading or trailing spaces.", "Verify successful navigation to the OTP verification page after login submission.", "Test successful OTP verification with a valid 5-digit OTP.", "Test OTP verification with an invalid 5-digit OTP.", "Test OTP verification with an incomplete OTP (less than 5 digits).", "Test OTP verification with an empty OTP field.", "Verify that an error message is displayed for invalid OTP attempts.", "Verify successful navigation to the main application dashboard after valid OTP submission."]}
2025-06-25 15:01:18 | INFO     | QA-Suite | api_call:124 | API POST /generate_script | Status: 200 | Time: 90.76s | Context: {"website_url": "https://valueinsightpro.jumpiq.com/auth/login?redirect=/", "selected_tests_count": 20}
2025-06-25 15:01:18 | INFO     | QA-Suite | performance:157 | PERFORMANCE script_generation_ui | Duration: 90.76s | Context: {"selected_tests_count": 20, "script_length": 28126}
2025-06-25 15:01:18 | INFO     | QA-Suite | step:108 | STEP [4/7] Generate Script | Context: {"selected_tests_count": 20, "script_length": 28126}
2025-06-25 15:03:28 | INFO     | QA-Suite | user_action:150 | USER ACTION: clicked_run_script | Context: {"script_length": 28126}
2025-06-25 15:07:02 | INFO     | QA-Suite | api_call:124 | API POST /run_script | Status: 200 | Time: 214.44s | Context: {"script_length": 28126, "execution_mode": "specific_tests"}
2025-06-25 15:07:02 | INFO     | QA-Suite | performance:157 | PERFORMANCE script_execution_ui | Duration: 214.44s | Context: {"script_length": 28126}
2025-06-25 15:07:02 | INFO     | QA-Suite | step:108 | STEP [6/7] Run Tests | Context: {"logs_count": 1, "stats": {"failed": 0, "passed": 1, "total": 1}}
2025-06-25 15:07:02 | INFO     | QA-Suite | user_action:150 | USER ACTION: downloaded_results | Context: {"script_length": 28126, "logs_count": 1}
2025-06-25 15:07:02 | INFO     | QA-Suite | step:108 | STEP [7/7] Download Results | Context: {"script_length": 28126, "logs_count": 1}
2025-06-25 15:08:58 | INFO     | QA-Suite | user_action:150 | USER ACTION: clicked_run_script | Context: {"script_length": 28126}
2025-06-25 15:12:34 | INFO     | QA-Suite | api_call:124 | API POST /run_script | Status: 200 | Time: 215.99s | Context: {"script_length": 28126, "execution_mode": "specific_tests"}
2025-06-25 15:12:34 | INFO     | QA-Suite | performance:157 | PERFORMANCE script_execution_ui | Duration: 215.99s | Context: {"script_length": 28126}
2025-06-25 15:12:34 | INFO     | QA-Suite | user_action:150 | USER ACTION: downloaded_results | Context: {"script_length": 28126, "logs_count": 1}
2025-06-25 15:12:34 | INFO     | QA-Suite | step:108 | STEP [7/7] Download Results | Context: {"script_length": 28126, "logs_count": 1}
2025-06-25 15:12:44 | INFO     | QA-Suite | user_action:150 | USER ACTION: entered_website_url | Context: {"url": "https://valueinsightpro.jumpiq.com/auth/login?redirect=/"}
2025-06-25 15:12:44 | INFO     | QA-Suite | step:108 | STEP [1/7] Enter Website URL | Context: {"url": "https://valueinsightpro.jumpiq.com/auth/login?redirect=/"}
2025-06-25 15:12:47 | INFO     | QA-Suite | user_action:150 | USER ACTION: uploaded_js_file | Context: {"filename": "jump_full_flow.js", "file_size": 10432}
2025-06-25 15:12:47 | INFO     | QA-Suite | step:108 | STEP [2/7] Upload JS File | Context: {"filename": "jump_full_flow.js", "file_size": 10432}
2025-06-25 15:12:52 | INFO     | QA-Suite | user_action:150 | USER ACTION: clicked_generate_test_ideas | Context: {"functionality": "For login"}
2025-06-25 15:13:03 | INFO     | QA-Suite | api_call:124 | API POST /generate_test_ideas | Status: 200 | Time: 11.12s | Context: {"functionality": "For login", "js_content_length": 10432}
2025-06-25 15:13:03 | INFO     | QA-Suite | performance:157 | PERFORMANCE test_ideas_generation_ui | Duration: 11.12s | Context: {"functionality": "For login", "test_ideas_count": 20}
2025-06-25 15:13:03 | INFO     | QA-Suite | step:108 | STEP [3/7] Generate Test Ideas | Context: {"functionality": "For login", "test_ideas_count": 20}
2025-06-25 15:13:04 | INFO     | QA-Suite | user_action:150 | USER ACTION: clicked_generate_script | Context: {"selected_tests_count": 20, "selected_tests": ["Verify successful login with valid credentials and accepted Terms & Conditions.", "Verify login failure with an invalid company email.", "Verify login failure with an invalid password.", "Verify login failure with both invalid company email and password.", "Verify login failure when the company email field is left empty.", "Verify login failure when the password field is left empty.", "Verify login failure when both company email and password fields are empty.", "Verify login failure when the Terms & Conditions checkbox is not checked.", "Verify the display of an error message for an invalid company email.", "Verify the display of an error message for an invalid password.", "Verify the display of an error message when Terms & Conditions are not accepted.", "Verify that the 'Sign In' button is enabled and clickable after valid inputs.", "Verify navigation to the OTP verification page upon successful login credential submission.", "Verify the presence and visibility of all login form elements (email, password, T&C checkbox, Sign In button).", "Verify that the password input field masks characters.", "Verify handling of company email with leading/trailing spaces.", "Verify handling of password with leading/trailing spaces.", "Verify case sensitivity for the company email field.", "Verify case sensitivity for the password field.", "Verify the login page URL and title are correct upon initial navigation."]}
2025-06-25 15:14:22 | INFO     | QA-Suite | api_call:124 | API POST /generate_script | Status: 200 | Time: 77.88s | Context: {"website_url": "https://valueinsightpro.jumpiq.com/auth/login?redirect=/", "selected_tests_count": 20}
2025-06-25 15:14:22 | INFO     | QA-Suite | performance:157 | PERFORMANCE script_generation_ui | Duration: 77.89s | Context: {"selected_tests_count": 20, "script_length": 20194}
2025-06-25 15:14:22 | INFO     | QA-Suite | step:108 | STEP [4/7] Generate Script | Context: {"selected_tests_count": 20, "script_length": 20194}
2025-06-25 15:15:01 | INFO     | QA-Suite | user_action:150 | USER ACTION: clicked_run_script | Context: {"script_length": 20194}
2025-06-25 15:17:40 | INFO     | QA-Suite | api_call:124 | API POST /run_script | Status: 200 | Time: 159.15s | Context: {"script_length": 20194, "execution_mode": "specific_tests"}
2025-06-25 15:17:40 | INFO     | QA-Suite | performance:157 | PERFORMANCE script_execution_ui | Duration: 159.16s | Context: {"script_length": 20194}
2025-06-25 15:17:40 | INFO     | QA-Suite | step:108 | STEP [6/7] Run Tests | Context: {"logs_count": 1, "stats": {"failed": 1, "passed": 0, "total": 1}}
2025-06-25 15:17:40 | INFO     | QA-Suite | user_action:150 | USER ACTION: downloaded_results | Context: {"script_length": 20194, "logs_count": 1}
2025-06-25 15:17:40 | INFO     | QA-Suite | step:108 | STEP [7/7] Download Results | Context: {"script_length": 20194, "logs_count": 1}
2025-06-25 15:22:39 | INFO     | QA-Suite | user_action:150 | USER ACTION: entered_website_url | Context: {"url": "https://valueinsightpro.jumpiq.com/auth/login?redirect=/"}
2025-06-25 15:22:39 | INFO     | QA-Suite | step:108 | STEP [1/7] Enter Website URL | Context: {"url": "https://valueinsightpro.jumpiq.com/auth/login?redirect=/"}
2025-06-25 15:22:45 | INFO     | QA-Suite | user_action:150 | USER ACTION: uploaded_js_file | Context: {"filename": "jump_full_flow.js", "file_size": 10432}
2025-06-25 15:22:45 | INFO     | QA-Suite | step:108 | STEP [2/7] Upload JS File | Context: {"filename": "jump_full_flow.js", "file_size": 10432}
2025-06-25 15:22:53 | INFO     | QA-Suite | user_action:150 | USER ACTION: clicked_generate_test_ideas | Context: {"functionality": "Generate 5 test cases for login"}
2025-06-25 15:23:02 | INFO     | QA-Suite | api_call:124 | API POST /generate_test_ideas | Status: 200 | Time: 9.23s | Context: {"functionality": "Generate 5 test cases for login", "js_content_length": 10432}
2025-06-25 15:23:02 | INFO     | QA-Suite | performance:157 | PERFORMANCE test_ideas_generation_ui | Duration: 9.23s | Context: {"functionality": "Generate 5 test cases for login", "test_ideas_count": 20}
2025-06-25 15:23:02 | INFO     | QA-Suite | step:108 | STEP [3/7] Generate Test Ideas | Context: {"functionality": "Generate 5 test cases for login", "test_ideas_count": 20}
2025-06-25 15:28:26 | INFO     | QA-Suite | user_action:150 | USER ACTION: entered_website_url | Context: {"url": "https://valueinsightpro.jumpiq.com/auth/login?redirect=/"}
2025-06-25 15:28:26 | INFO     | QA-Suite | step:108 | STEP [1/7] Enter Website URL | Context: {"url": "https://valueinsightpro.jumpiq.com/auth/login?redirect=/"}
2025-06-25 15:28:29 | INFO     | QA-Suite | user_action:150 | USER ACTION: uploaded_js_file | Context: {"filename": "jump_full_flow.js", "file_size": 10432}
2025-06-25 15:28:29 | INFO     | QA-Suite | step:108 | STEP [2/7] Upload JS File | Context: {"filename": "jump_full_flow.js", "file_size": 10432}
2025-06-25 15:28:38 | INFO     | QA-Suite | user_action:150 | USER ACTION: clicked_generate_test_ideas | Context: {"functionality": "Generate 5 test cases for login only"}
2025-06-25 15:28:45 | INFO     | QA-Suite | api_call:124 | API POST /generate_test_ideas | Status: 200 | Time: 6.69s | Context: {"functionality": "Generate 5 test cases for login only", "js_content_length": 10432}
2025-06-25 15:28:45 | INFO     | QA-Suite | performance:157 | PERFORMANCE test_ideas_generation_ui | Duration: 6.69s | Context: {"functionality": "Generate 5 test cases for login only", "test_ideas_count": 5}
2025-06-25 15:28:45 | INFO     | QA-Suite | step:108 | STEP [3/7] Generate Test Ideas | Context: {"functionality": "Generate 5 test cases for login only", "test_ideas_count": 5}
2025-06-25 15:29:14 | INFO     | QA-Suite | user_action:150 | USER ACTION: clicked_generate_script | Context: {"selected_tests_count": 5, "selected_tests": ["Verify successful user login with valid credentials and OTP", "Verify login failure with invalid company email", "Verify login failure with invalid password", "Verify login failure when Terms & Conditions are not accepted", "Verify OTP verification failure with incorrect OTP"]}
2025-06-25 15:30:05 | INFO     | QA-Suite | api_call:124 | API POST /generate_script | Status: 200 | Time: 50.46s | Context: {"website_url": "https://valueinsightpro.jumpiq.com/auth/login?redirect=/", "selected_tests_count": 5}
2025-06-25 15:30:05 | INFO     | QA-Suite | performance:157 | PERFORMANCE script_generation_ui | Duration: 50.46s | Context: {"selected_tests_count": 5, "script_length": 9983}
2025-06-25 15:30:05 | INFO     | QA-Suite | step:108 | STEP [4/7] Generate Script | Context: {"selected_tests_count": 5, "script_length": 9983}
2025-06-25 15:30:20 | INFO     | QA-Suite | user_action:150 | USER ACTION: clicked_run_script | Context: {"script_length": 9983}
2025-06-25 15:31:27 | INFO     | QA-Suite | api_call:124 | API POST /run_script | Status: 200 | Time: 67.33s | Context: {"script_length": 9983, "execution_mode": "specific_tests"}
2025-06-25 15:31:27 | INFO     | QA-Suite | performance:157 | PERFORMANCE script_execution_ui | Duration: 67.33s | Context: {"script_length": 9983}
2025-06-25 15:31:27 | INFO     | QA-Suite | step:108 | STEP [6/7] Run Tests | Context: {"logs_count": 1, "stats": {"failed": 0, "passed": 1, "total": 1}}
2025-06-25 15:31:27 | INFO     | QA-Suite | user_action:150 | USER ACTION: downloaded_results | Context: {"script_length": 9983, "logs_count": 1}
2025-06-25 15:31:27 | INFO     | QA-Suite | step:108 | STEP [7/7] Download Results | Context: {"script_length": 9983, "logs_count": 1}
2025-06-25 15:37:35 | INFO     | QA-Suite | user_action:150 | USER ACTION: entered_website_url | Context: {"url": "https://valueinsightpro.jumpiq.com/auth/login?redirect=/"}
2025-06-25 15:37:35 | INFO     | QA-Suite | step:108 | STEP [1/7] Enter Website URL | Context: {"url": "https://valueinsightpro.jumpiq.com/auth/login?redirect=/"}
2025-06-25 15:37:38 | INFO     | QA-Suite | user_action:150 | USER ACTION: uploaded_js_file | Context: {"filename": "jump_full_flow.js", "file_size": 10432}
2025-06-25 15:37:38 | INFO     | QA-Suite | step:108 | STEP [2/7] Upload JS File | Context: {"filename": "jump_full_flow.js", "file_size": 10432}
2025-06-25 15:37:53 | INFO     | QA-Suite | user_action:150 | USER ACTION: clicked_generate_test_ideas | Context: {"functionality": "5 test cases for login"}
2025-06-25 15:37:56 | INFO     | QA-Suite | api_call:124 | API POST /generate_test_ideas | Status: 200 | Time: 3.33s | Context: {"functionality": "5 test cases for login", "js_content_length": 10432}
2025-06-25 15:37:56 | INFO     | QA-Suite | performance:157 | PERFORMANCE test_ideas_generation_ui | Duration: 3.33s | Context: {"functionality": "5 test cases for login", "test_ideas_count": 5}
2025-06-25 15:37:56 | INFO     | QA-Suite | step:108 | STEP [3/7] Generate Test Ideas | Context: {"functionality": "5 test cases for login", "test_ideas_count": 5}
2025-06-25 15:38:01 | INFO     | QA-Suite | user_action:150 | USER ACTION: clicked_generate_script | Context: {"selected_tests_count": 5, "selected_tests": ["Verify successful user login with valid credentials and OTP verification", "Verify login failure with invalid company email", "Verify login failure with invalid password", "Verify login failure when Terms & Conditions are not accepted", "Verify login failure with empty company email and password fields"]}
2025-06-25 15:38:33 | INFO     | QA-Suite | api_call:124 | API POST /generate_script | Status: 200 | Time: 32.18s | Context: {"website_url": "https://valueinsightpro.jumpiq.com/auth/login?redirect=/", "selected_tests_count": 5}
2025-06-25 15:38:33 | INFO     | QA-Suite | performance:157 | PERFORMANCE script_generation_ui | Duration: 32.18s | Context: {"selected_tests_count": 5, "script_length": 8074}
2025-06-25 15:38:33 | INFO     | QA-Suite | step:108 | STEP [4/7] Generate Script | Context: {"selected_tests_count": 5, "script_length": 8074}
2025-06-25 15:39:01 | INFO     | QA-Suite | user_action:150 | USER ACTION: clicked_run_script | Context: {"script_length": 8074}
2025-06-25 15:39:56 | INFO     | QA-Suite | api_call:124 | API POST /run_script | Status: 200 | Time: 55.40s | Context: {"script_length": 8074, "execution_mode": "specific_tests"}
2025-06-25 15:39:56 | INFO     | QA-Suite | performance:157 | PERFORMANCE script_execution_ui | Duration: 55.40s | Context: {"script_length": 8074}
2025-06-25 15:39:56 | INFO     | QA-Suite | step:108 | STEP [6/7] Run Tests | Context: {"logs_count": 1, "stats": {"failed": 0, "passed": 1, "total": 1}}
2025-06-25 15:39:56 | INFO     | QA-Suite | user_action:150 | USER ACTION: downloaded_results | Context: {"script_length": 8074, "logs_count": 1}
2025-06-25 15:39:56 | INFO     | QA-Suite | step:108 | STEP [7/7] Download Results | Context: {"script_length": 8074, "logs_count": 1}
2025-06-25 15:40:24 | INFO     | QA-Suite | user_action:150 | USER ACTION: downloaded_results | Context: {"script_length": 8074, "logs_count": 1}
2025-06-25 15:40:24 | INFO     | QA-Suite | step:108 | STEP [7/7] Download Results | Context: {"script_length": 8074, "logs_count": 1}
2025-06-25 15:41:33 | INFO     | QA-Suite | user_action:150 | USER ACTION: downloaded_results | Context: {"script_length": 8074, "logs_count": 1}
2025-06-25 15:41:33 | INFO     | QA-Suite | step:108 | STEP [7/7] Download Results | Context: {"script_length": 8074, "logs_count": 1}
2025-06-25 15:54:47 | INFO     | QA-Suite | user_action:150 | USER ACTION: entered_website_url | Context: {"url": "https://valueinsightpro.jumpiq.com/auth/login?redirect=/"}
2025-06-25 15:54:47 | INFO     | QA-Suite | step:108 | STEP [1/7] Enter Website URL | Context: {"url": "https://valueinsightpro.jumpiq.com/auth/login?redirect=/"}
2025-06-25 15:54:53 | INFO     | QA-Suite | user_action:150 | USER ACTION: uploaded_js_file | Context: {"filename": "jump_full_flow.js", "file_size": 10432}
2025-06-25 15:54:53 | INFO     | QA-Suite | step:108 | STEP [2/7] Upload JS File | Context: {"filename": "jump_full_flow.js", "file_size": 10432}
2025-06-25 15:55:04 | INFO     | QA-Suite | user_action:150 | USER ACTION: clicked_generate_test_ideas | Context: {"functionality": "2 test cases for login only"}
2025-06-25 15:55:10 | INFO     | QA-Suite | api_call:124 | API POST /generate_test_ideas | Status: 200 | Time: 5.92s | Context: {"functionality": "2 test cases for login only", "js_content_length": 10432}
2025-06-25 15:55:10 | INFO     | QA-Suite | performance:157 | PERFORMANCE test_ideas_generation_ui | Duration: 5.92s | Context: {"functionality": "2 test cases for login only", "test_ideas_count": 2}
2025-06-25 15:55:10 | INFO     | QA-Suite | step:108 | STEP [3/7] Generate Test Ideas | Context: {"functionality": "2 test cases for login only", "test_ideas_count": 2}
2025-06-25 15:55:15 | INFO     | QA-Suite | user_action:150 | USER ACTION: clicked_generate_script | Context: {"selected_tests_count": 2, "selected_tests": ["Verify successful login with valid credentials navigates to OTP verification page", "Verify complete user authentication with valid credentials and OTP leads to application dashboard"]}
2025-06-25 15:55:29 | INFO     | QA-Suite | api_call:124 | API POST /generate_script | Status: 200 | Time: 13.47s | Context: {"website_url": "https://valueinsightpro.jumpiq.com/auth/login?redirect=/", "selected_tests_count": 2}
2025-06-25 15:55:29 | INFO     | QA-Suite | performance:157 | PERFORMANCE script_generation_ui | Duration: 13.47s | Context: {"selected_tests_count": 2, "script_length": 3398}
2025-06-25 15:55:29 | INFO     | QA-Suite | step:108 | STEP [4/7] Generate Script | Context: {"selected_tests_count": 2, "script_length": 3398}
2025-06-25 15:55:31 | INFO     | QA-Suite | user_action:150 | USER ACTION: clicked_run_script | Context: {"script_length": 3398}
2025-06-25 15:55:56 | INFO     | QA-Suite | api_call:124 | API POST /run_script | Status: 200 | Time: 25.33s | Context: {"script_length": 3398, "execution_mode": "specific_tests"}
2025-06-25 15:55:56 | INFO     | QA-Suite | performance:157 | PERFORMANCE script_execution_ui | Duration: 25.34s | Context: {"script_length": 3398}
2025-06-25 15:55:56 | INFO     | QA-Suite | step:108 | STEP [6/7] Run Tests | Context: {"logs_count": 2, "stats": {"failed": 0, "passed": 2, "total": 2}}
2025-06-25 15:55:56 | INFO     | QA-Suite | user_action:150 | USER ACTION: downloaded_results | Context: {"script_length": 3398, "logs_count": 2}
2025-06-25 15:55:56 | INFO     | QA-Suite | step:108 | STEP [7/7] Download Results | Context: {"script_length": 3398, "logs_count": 2}
