2025-06-22 23:26:58 | INFO     | Frontend | info:76 | Starting QA-Suite Frontend | Context: {"streamlit_version": "1.24.0", "python_version": "3.12.3 (main, May 26 2025, 18:50:19) [GCC 13.3.0]"}
2025-06-22 23:26:58 | INFO     | Frontend | info:76 | Initialized session state | Context: {"current_step": 0}
2025-06-22 23:27:40 | INFO     | QA-Suite | user_action:150 | USER ACTION: entered_website_url | Context: {"url": "https://geneconnectdoctor.shorthills.ai/login"}
2025-06-22 23:27:40 | INFO     | QA-Suite | step:108 | STEP [1/7] Enter Website URL | Context: {"url": "https://geneconnectdoctor.shorthills.ai/login"}
2025-06-22 23:27:46 | INFO     | QA-Suite | user_action:150 | USER ACTION: entered_website_url | Context: {"url": "https://geneconnectdoctor.shorthills.ai/login"}
2025-06-22 23:27:46 | INFO     | QA-Suite | step:108 | STEP [1/7] Enter Website URL | Context: {"url": "https://geneconnectdoctor.shorthills.ai/login"}
2025-06-22 23:27:48 | INFO     | QA-Suite | user_action:150 | USER ACTION: uploaded_js_file | Context: {"filename": "geneconnect 2 copy.js", "file_size": 4672}
2025-06-22 23:27:48 | INFO     | QA-Suite | step:108 | STEP [2/7] Upload JS File | Context: {"filename": "geneconnect 2 copy.js", "file_size": 4672}
2025-06-22 23:28:02 | INFO     | QA-Suite | user_action:150 | USER ACTION: clicked_generate_test_ideas | Context: {"functionality": "Generate Test Cases for Login and Form 1"}
2025-06-22 23:28:13 | INFO     | QA-Suite | api_call:124 | API POST /generate_test_ideas | Status: 200 | Time: 10.74s | Context: {"functionality": "Generate Test Cases for Login and Form 1", "js_content_length": 4672}
2025-06-22 23:28:13 | INFO     | QA-Suite | performance:157 | PERFORMANCE test_ideas_generation_ui | Duration: 10.74s | Context: {"functionality": "Generate Test Cases for Login and Form 1", "test_ideas_count": 20}
2025-06-22 23:28:13 | INFO     | QA-Suite | step:108 | STEP [3/7] Generate Test Ideas | Context: {"functionality": "Generate Test Cases for Login and Form 1", "test_ideas_count": 20}
2025-06-22 23:28:25 | INFO     | QA-Suite | user_action:150 | USER ACTION: clicked_generate_script | Context: {"selected_tests_count": 20, "selected_tests": ["Verify successful login with valid credentials.", "Verify redirection to dashboard after successful login.", "Verify login button state when username field is empty.", "Verify login button state when password field is empty.", "Verify login button state when both username and password fields are empty.", "Verify initial login page elements are displayed correctly.", "Verify 'New Chat' button is handled correctly post-login before form access.", "Verify successful submission of Patient Information Form (Form 1) with all required fields.", "Verify navigation to Medical History Form (Form 2) after successful Form 1 submission.", "Verify 'First Name' field accepts alphanumeric input.", "Verify 'Last Name' field accepts alphanumeric input.", "Verify 'Date of Birth' field accepts input in MM/DD/YYYY format.", "Verify 'Age' field auto-populates correctly after 'Date of Birth' entry.", "Verify 'Gender' radio buttons can be selected.", "Verify 'Adoption Status' radio buttons can be selected.", "Verify Form 1 submission button state when 'First Name' is empty.", "Verify Form 1 submission button state when 'Last Name' is empty.", "Verify Form 1 submission button state when 'Date of Birth' is empty.", "Verify Form 1 submission button state when 'Gender' is not selected.", "Verify Form 1 submission button state when 'Adoption Status' is not selected."]}
2025-06-22 23:29:34 | INFO     | QA-Suite | api_call:124 | API POST /generate_script | Status: 200 | Time: 69.00s | Context: {"website_url": "https://geneconnectdoctor.shorthills.ai/login", "selected_tests_count": 20}
2025-06-22 23:29:34 | INFO     | QA-Suite | performance:157 | PERFORMANCE script_generation_ui | Duration: 69.00s | Context: {"selected_tests_count": 20, "script_length": 16166}
2025-06-22 23:29:34 | INFO     | QA-Suite | step:108 | STEP [4/7] Generate Script | Context: {"selected_tests_count": 20, "script_length": 16166}
2025-06-22 23:29:39 | INFO     | QA-Suite | user_action:150 | USER ACTION: clicked_run_script | Context: {"script_length": 16166}
2025-06-22 23:30:11 | INFO     | QA-Suite | api_call:124 | API POST /run_script | Status: 200 | Time: 32.03s | Context: {"script_length": 16166}
2025-06-22 23:30:11 | INFO     | QA-Suite | performance:157 | PERFORMANCE script_execution_ui | Duration: 32.03s | Context: {"script_length": 16166}
2025-06-22 23:30:11 | INFO     | QA-Suite | step:108 | STEP [6/7] Run Tests | Context: {"logs_count": 18, "stats": {"failed": 18, "passed": 0, "success_rate": "0.0%", "total": 18}}
2025-06-22 23:30:11 | INFO     | QA-Suite | user_action:150 | USER ACTION: downloaded_results | Context: {"script_length": 16166, "logs_count": 18}
2025-06-22 23:30:11 | INFO     | QA-Suite | step:108 | STEP [7/7] Download Results | Context: {"script_length": 16166, "logs_count": 18}
