2025-06-23 10:29:46 | INFO     | Frontend | info:76 | Starting QA-Suite Frontend | Context: {"streamlit_version": "1.24.0", "python_version": "3.12.3 (main, May 26 2025, 18:50:19) [GCC 13.3.0]"}
2025-06-23 10:29:46 | INFO     | Frontend | info:76 | Initialized session state | Context: {"current_step": 0}
2025-06-23 10:29:53 | INFO     | QA-Suite | user_action:150 | USER ACTION: entered_website_url | Context: {"url": "https://valueinsightpro.jumpiq.com/auth/login?redirect=/"}
2025-06-23 10:29:53 | INFO     | QA-Suite | step:108 | STEP [1/7] Enter Website URL | Context: {"url": "https://valueinsightpro.jumpiq.com/auth/login?redirect=/"}
2025-06-23 10:29:56 | INFO     | QA-Suite | user_action:150 | USER ACTION: uploaded_js_file | Context: {"filename": "jumpIQ_basic.js", "file_size": 2413}
2025-06-23 10:29:56 | INFO     | QA-Suite | step:108 | STEP [2/7] Upload JS File | Context: {"filename": "jumpIQ_basic.js", "file_size": 2413}
2025-06-23 10:30:00 | INFO     | QA-Suite | user_action:150 | USER ACTION: entered_website_url | Context: {"url": "https://valueinsightpro.jumpiq.com/auth/login?redirect=/"}
2025-06-23 10:30:00 | INFO     | QA-Suite | step:108 | STEP [1/7] Enter Website URL | Context: {"url": "https://valueinsightpro.jumpiq.com/auth/login?redirect=/"}
2025-06-23 10:30:02 | INFO     | QA-Suite | user_action:150 | USER ACTION: clicked_generate_test_ideas | Context: {"functionality": "Make test cases for Login; OTP and further navigation"}
2025-06-23 10:30:12 | INFO     | QA-Suite | api_call:124 | API POST /generate_test_ideas | Status: 200 | Time: 10.01s | Context: {"functionality": "Make test cases for Login; OTP and further navigation", "js_content_length": 2413}
2025-06-23 10:30:12 | INFO     | QA-Suite | performance:157 | PERFORMANCE test_ideas_generation_ui | Duration: 10.01s | Context: {"functionality": "Make test cases for Login; OTP and further navigation", "test_ideas_count": 20}
2025-06-23 10:30:12 | INFO     | QA-Suite | step:108 | STEP [3/7] Generate Test Ideas | Context: {"functionality": "Make test cases for Login; OTP and further navigation", "test_ideas_count": 20}
2025-06-23 10:30:17 | INFO     | QA-Suite | user_action:150 | USER ACTION: clicked_generate_script | Context: {"selected_tests_count": 20, "selected_tests": ["Verify successful login with valid credentials and accepted Terms & Conditions.", "Verify login failure when Company Email field is left empty.", "Verify login failure when Password field is left empty.", "Verify login failure when both Company Email and Password fields are empty.", "Verify login failure when Terms & Conditions checkbox is not accepted.", "Verify Login button remains disabled when required Company Email or Password fields are empty.", "Verify navigation does not occur on login with incorrect Company Email.", "Verify navigation does not occur on login with incorrect Password.", "Verify successful OTP verification with all correct digits entered.", "Verify OTP submission failure when the first OTP digit field is empty.", "Verify OTP submission failure when all OTP digit fields are empty.", "Verify OTP submission failure when incorrect OTP digits are entered.", "Verify OTP submit button remains disabled when OTP fields are incomplete.", "Verify navigation does not occur on OTP submission with incorrect digits.", "Verify successful navigation to the Instant Report selection screen after OTP verification.", "Verify the 'Instant Report' card is clickable and leads to the company selection dropdown.", "Verify successful selection of a company from the dropdown menu.", "Verify the 'Next' button is enabled after a company is selected from the dropdown.", "Verify successful navigation to the subsequent page after clicking 'Next' with a selected company.", "Verify the 'Next' button remains disabled if no company is selected from the dropdown."]}
2025-06-23 10:31:03 | INFO     | QA-Suite | api_call:124 | API POST /generate_script | Status: 200 | Time: 46.41s | Context: {"website_url": "https://valueinsightpro.jumpiq.com/auth/login?redirect=/", "selected_tests_count": 20}
2025-06-23 10:31:03 | INFO     | QA-Suite | performance:157 | PERFORMANCE script_generation_ui | Duration: 46.41s | Context: {"selected_tests_count": 20, "script_length": 17294}
2025-06-23 10:31:03 | INFO     | QA-Suite | step:108 | STEP [4/7] Generate Script | Context: {"selected_tests_count": 20, "script_length": 17294}
2025-06-23 10:31:45 | INFO     | QA-Suite | user_action:150 | USER ACTION: clicked_run_script | Context: {"script_length": 17294}
2025-06-23 10:34:18 | INFO     | QA-Suite | api_call:124 | API POST /run_script | Status: 200 | Time: 153.51s | Context: {"script_length": 17294}
2025-06-23 10:34:18 | INFO     | QA-Suite | performance:157 | PERFORMANCE script_execution_ui | Duration: 153.51s | Context: {"script_length": 17294}
2025-06-23 10:34:18 | INFO     | QA-Suite | step:108 | STEP [6/7] Run Tests | Context: {"logs_count": 16, "stats": {"failed": 6, "passed": 10, "success_rate": "62.5%", "total": 16}}
2025-06-23 10:34:18 | INFO     | QA-Suite | user_action:150 | USER ACTION: downloaded_results | Context: {"script_length": 17294, "logs_count": 16}
2025-06-23 10:34:18 | INFO     | QA-Suite | step:108 | STEP [7/7] Download Results | Context: {"script_length": 17294, "logs_count": 16}
2025-06-23 10:47:22 | INFO     | QA-Suite | user_action:150 | USER ACTION: entered_website_url | Context: {"url": "https://valueinsightpro.jumpiq.com/auth/login?redirect=/"}
2025-06-23 10:47:22 | INFO     | QA-Suite | step:108 | STEP [1/7] Enter Website URL | Context: {"url": "https://valueinsightpro.jumpiq.com/auth/login?redirect=/"}
2025-06-23 10:47:26 | INFO     | QA-Suite | user_action:150 | USER ACTION: uploaded_js_file | Context: {"filename": "jumpIQ_basic.js", "file_size": 3313}
2025-06-23 10:47:26 | INFO     | QA-Suite | step:108 | STEP [2/7] Upload JS File | Context: {"filename": "jumpIQ_basic.js", "file_size": 3313}
2025-06-23 10:49:17 | INFO     | QA-Suite | user_action:150 | USER ACTION: clicked_generate_test_ideas | Context: {"functionality": "The full user workflow: Login, OTP verification, and starting an Instant Report"}
2025-06-23 10:49:24 | INFO     | QA-Suite | api_call:124 | API POST /generate_test_ideas | Status: 200 | Time: 6.85s | Context: {"functionality": "The full user workflow: Login, OTP verification, and starting an Instant Report", "js_content_length": 3313}
2025-06-23 10:49:24 | INFO     | QA-Suite | performance:157 | PERFORMANCE test_ideas_generation_ui | Duration: 6.85s | Context: {"functionality": "The full user workflow: Login, OTP verification, and starting an Instant Report", "test_ideas_count": 20}
2025-06-23 10:49:24 | INFO     | QA-Suite | step:108 | STEP [3/7] Generate Test Ideas | Context: {"functionality": "The full user workflow: Login, OTP verification, and starting an Instant Report", "test_ideas_count": 20}
2025-06-23 10:49:42 | INFO     | QA-Suite | user_action:150 | USER ACTION: clicked_generate_script | Context: {"selected_tests_count": 20, "selected_tests": ["Verify successful login with valid company email, password, and accepted Terms & Conditions.", "Verify navigation to the OTP verification page after successful login.", "Verify login button is disabled when the company email field is left empty.", "Verify login button is disabled when the password field is left empty.", "Verify login button is disabled when both company email and password fields are empty.", "Verify login button is disabled when Terms & Conditions checkbox is not accepted.", "Verify login attempt with valid email and an empty password field.", "Verify login attempt with an empty email field and a valid password.", "Verify successful OTP verification with a valid five-digit OTP.", "Verify navigation to the main application dashboard after successful OTP verification.", "Verify OTP submission button is disabled when all OTP input fields are empty.", "Verify OTP submission button is disabled when OTP input fields are partially filled.", "Verify OTP submission button is disabled when an invalid OTP is entered.", "Verify user can successfully select the 'Instant Report' workflow from the dashboard.", "Verify the dealership selection dropdown is present on the 'Create Instant Report' modal.", "Verify user can successfully open the dealership selection dropdown.", "Verify user can successfully select a specific dealership from the dropdown list.", "Verify the 'Next' button is disabled in the report creation wizard before a dealership is selected.", "Verify successful navigation to the 'Radius' step after selecting a dealership and clicking 'Next'.", "Verify user can scroll down on the 'Radius' step of the report creation wizard."]}
2025-06-23 10:50:37 | INFO     | QA-Suite | api_call:124 | API POST /generate_script | Status: 200 | Time: 54.48s | Context: {"website_url": "https://valueinsightpro.jumpiq.com/auth/login?redirect=/", "selected_tests_count": 20}
2025-06-23 10:50:37 | INFO     | QA-Suite | performance:157 | PERFORMANCE script_generation_ui | Duration: 54.48s | Context: {"selected_tests_count": 20, "script_length": 17938}
2025-06-23 10:50:37 | INFO     | QA-Suite | step:108 | STEP [4/7] Generate Script | Context: {"selected_tests_count": 20, "script_length": 17938}
2025-06-23 10:50:45 | INFO     | QA-Suite | user_action:150 | USER ACTION: clicked_run_script | Context: {"script_length": 17938}
2025-06-23 10:52:36 | INFO     | QA-Suite | api_call:124 | API POST /run_script | Status: 200 | Time: 111.63s | Context: {"script_length": 17938}
2025-06-23 10:52:36 | INFO     | QA-Suite | performance:157 | PERFORMANCE script_execution_ui | Duration: 111.63s | Context: {"script_length": 17938}
2025-06-23 10:52:36 | INFO     | QA-Suite | step:108 | STEP [6/7] Run Tests | Context: {"logs_count": 18, "stats": {"failed": 17, "passed": 1, "success_rate": "5.6%", "total": 18}}
2025-06-23 10:52:36 | INFO     | QA-Suite | user_action:150 | USER ACTION: downloaded_results | Context: {"script_length": 17938, "logs_count": 18}
2025-06-23 10:52:36 | INFO     | QA-Suite | step:108 | STEP [7/7] Download Results | Context: {"script_length": 17938, "logs_count": 18}
2025-06-23 10:55:36 | INFO     | QA-Suite | user_action:150 | USER ACTION: entered_website_url | Context: {"url": "https://valueinsightpro.jumpiq.com/auth/login?redirect=/"}
2025-06-23 10:55:36 | INFO     | QA-Suite | step:108 | STEP [1/7] Enter Website URL | Context: {"url": "https://valueinsightpro.jumpiq.com/auth/login?redirect=/"}
2025-06-23 10:55:38 | INFO     | QA-Suite | user_action:150 | USER ACTION: uploaded_js_file | Context: {"filename": "jumpIQ_basic.js", "file_size": 3487}
2025-06-23 10:55:38 | INFO     | QA-Suite | step:108 | STEP [2/7] Upload JS File | Context: {"filename": "jumpIQ_basic.js", "file_size": 3487}
2025-06-23 10:55:47 | INFO     | QA-Suite | user_action:150 | USER ACTION: clicked_generate_test_ideas | Context: {"functionality": "Make test cases for Login; OTP and further navigation"}
2025-06-23 10:56:06 | INFO     | QA-Suite | api_call:124 | API POST /generate_test_ideas | Status: 200 | Time: 18.62s | Context: {"functionality": "Make test cases for Login; OTP and further navigation", "js_content_length": 3487}
2025-06-23 10:56:06 | INFO     | QA-Suite | performance:157 | PERFORMANCE test_ideas_generation_ui | Duration: 18.62s | Context: {"functionality": "Make test cases for Login; OTP and further navigation", "test_ideas_count": 20}
2025-06-23 10:56:06 | INFO     | QA-Suite | step:108 | STEP [3/7] Generate Test Ideas | Context: {"functionality": "Make test cases for Login; OTP and further navigation", "test_ideas_count": 20}
2025-06-23 10:56:47 | INFO     | QA-Suite | user_action:150 | USER ACTION: clicked_generate_script | Context: {"selected_tests_count": 20, "selected_tests": ["Verify successful login with valid credentials and accepted Terms & Conditions.", "Verify that navigation to the OTP page does not occur when the company email field is left empty.", "Verify that navigation to the OTP page does not occur when the password field is left empty.", "Verify that navigation to the OTP page does not occur when both company email and password fields are left empty.", "Verify that navigation to the OTP page does not occur with an incorrect company email.", "Verify that navigation to the OTP page does not occur with an incorrect password.", "Verify that navigation to the OTP page does not occur with incorrect company email and password.", "Verify that the Sign In button is not clickable or does not navigate when Terms & Conditions are not accepted.", "Verify the initial state of the Sign In button before any user input.", "Verify successful OTP verification with a valid five-digit OTP.", "Verify that navigation to the dashboard does not occur when all OTP fields are left empty.", "Verify that navigation to the dashboard does not occur when OTP is partially entered.", "Verify that navigation to the dashboard does not occur with an incorrect five-digit OTP.", "Verify the 'Verify' button is clickable even when OTP fields are empty.", "Verify the 'Verify' button is clickable even when OTP is partially filled.", "Verify successful navigation to the main application dashboard after OTP verification.", "Verify successful navigation to the 'Create Instant Report' modal after selecting 'Instant Report' from the dashboard.", "Verify successful navigation to the next step in report creation after selecting a dealership and clicking 'Next'.", "Verify navigation to the next step occurs when 'Next' is clicked without selecting a dealership.", "Verify the dealership selection dropdown opens and displays options."]}
2025-06-23 10:57:33 | INFO     | QA-Suite | api_call:124 | API POST /generate_script | Status: 200 | Time: 45.57s | Context: {"website_url": "https://valueinsightpro.jumpiq.com/auth/login?redirect=/", "selected_tests_count": 20}
2025-06-23 10:57:33 | INFO     | QA-Suite | performance:157 | PERFORMANCE script_generation_ui | Duration: 45.57s | Context: {"selected_tests_count": 20, "script_length": 26390}
2025-06-23 10:57:33 | INFO     | QA-Suite | step:108 | STEP [4/7] Generate Script | Context: {"selected_tests_count": 20, "script_length": 26390}
2025-06-23 10:58:05 | INFO     | QA-Suite | user_action:150 | USER ACTION: clicked_run_script | Context: {"script_length": 26390}
2025-06-23 11:00:43 | INFO     | QA-Suite | api_call:124 | API POST /run_script | Status: 200 | Time: 157.83s | Context: {"script_length": 26390}
2025-06-23 11:00:43 | INFO     | QA-Suite | performance:157 | PERFORMANCE script_execution_ui | Duration: 157.83s | Context: {"script_length": 26390}
2025-06-23 11:00:43 | INFO     | QA-Suite | step:108 | STEP [6/7] Run Tests | Context: {"logs_count": 20, "stats": {"failed": 9, "passed": 11, "success_rate": "55.0%", "total": 20}}
2025-06-23 11:00:43 | INFO     | QA-Suite | user_action:150 | USER ACTION: downloaded_results | Context: {"script_length": 26390, "logs_count": 20}
2025-06-23 11:00:43 | INFO     | QA-Suite | step:108 | STEP [7/7] Download Results | Context: {"script_length": 26390, "logs_count": 20}
2025-06-23 11:25:45 | INFO     | QA-Suite | user_action:150 | USER ACTION: downloaded_results | Context: {"script_length": 26390, "logs_count": 20}
2025-06-23 11:25:45 | INFO     | QA-Suite | step:108 | STEP [7/7] Download Results | Context: {"script_length": 26390, "logs_count": 20}
2025-06-23 11:31:25 | INFO     | QA-Suite | user_action:150 | USER ACTION: downloaded_results | Context: {"script_length": 26390, "logs_count": 20}
2025-06-23 11:31:25 | INFO     | QA-Suite | step:108 | STEP [7/7] Download Results | Context: {"script_length": 26390, "logs_count": 20}
2025-06-23 11:33:57 | INFO     | QA-Suite | user_action:150 | USER ACTION: downloaded_results | Context: {"script_length": 26390, "logs_count": 20}
2025-06-23 11:33:57 | INFO     | QA-Suite | step:108 | STEP [7/7] Download Results | Context: {"script_length": 26390, "logs_count": 20}
