2025-06-22 00:07:03 | INFO     | Frontend | info:76 | Starting QA-Suite Frontend | Context: {"streamlit_version": "1.24.0", "python_version": "3.12.3 (main, May 26 2025, 18:50:19) [GCC 13.3.0]"}
2025-06-22 00:07:03 | INFO     | Frontend | info:76 | Initialized session state | Context: {"current_step": 0}
2025-06-22 00:07:07 | INFO     | QA-Suite | user_action:150 | USER ACTION: entered_website_url | Context: {"url": "99"}
2025-06-22 00:07:07 | INFO     | QA-Suite | step:108 | STEP [1/7] Enter Website URL | Context: {"url": "99"}
2025-06-22 00:07:10 | INFO     | QA-Suite | user_action:150 | USER ACTION: uploaded_js_file | Context: {"filename": "geneconnect 2 copy.js", "file_size": 3450}
2025-06-22 00:07:10 | INFO     | QA-Suite | step:108 | STEP [2/7] Upload JS File | Context: {"filename": "geneconnect 2 copy.js", "file_size": 3450}
2025-06-22 00:07:32 | INFO     | QA-Suite | user_action:150 | USER ACTION: clicked_generate_test_ideas | Context: {"functionality": "Generate test cases for Login and Form 1"}
2025-06-22 00:07:41 | INFO     | QA-Suite | api_call:124 | API POST /generate_test_ideas | Status: 200 | Time: 8.43s | Context: {"functionality": "Generate test cases for Login and Form 1", "js_content_length": 3450}
2025-06-22 00:07:41 | INFO     | QA-Suite | performance:157 | PERFORMANCE test_ideas_generation_ui | Duration: 8.43s | Context: {"functionality": "Generate test cases for Login and Form 1", "test_ideas_count": 20}
2025-06-22 00:07:41 | INFO     | QA-Suite | step:108 | STEP [3/7] Generate Test Ideas | Context: {"functionality": "Generate test cases for Login and Form 1", "test_ideas_count": 20}
2025-06-22 00:07:47 | INFO     | QA-Suite | user_action:150 | USER ACTION: clicked_generate_script | Context: {"selected_tests_count": 20, "selected_tests": ["Verify successful login with valid credentials.", "Verify login failure with incorrect username.", "Verify login failure with incorrect password.", "Verify login failure with empty username field.", "Verify login failure with empty password field.", "Verify login failure with both username and password fields empty.", "Verify submit button is disabled when username field is empty.", "Verify submit button is disabled when password field is empty.", "Verify submit button is disabled when both username and password fields are empty.", "Verify navigation to dashboard upon successful login.", "Verify successful submission of Form 1 with all required fields filled.", "Verify Form 1 submission fails when 'First Name' is empty.", "Verify Form 1 submission fails when 'Last Name' is empty.", "Verify Form 1 submission fails when 'Date of Birth' is empty.", "Verify Form 1 submission fails when 'Age' is empty.", "Verify Form 1 submission fails when 'Gender' is not selected.", "Verify Form 1 submission fails when 'Adoption Status' is not selected.", "Verify submit button for Form 1 is disabled when 'First Name' is empty.", "Verify submit button for Form 1 is disabled when 'Date of Birth' is empty.", "Verify navigation to Form 2 upon successful submission of Form 1."]}
2025-06-22 00:08:29 | INFO     | QA-Suite | api_call:124 | API POST /generate_script | Status: 200 | Time: 42.22s | Context: {"website_url": "99", "selected_tests_count": 20}
2025-06-22 00:08:29 | INFO     | QA-Suite | performance:157 | PERFORMANCE script_generation_ui | Duration: 42.22s | Context: {"selected_tests_count": 20, "script_length": 13750}
2025-06-22 00:08:29 | INFO     | QA-Suite | step:108 | STEP [4/7] Generate Script | Context: {"selected_tests_count": 20, "script_length": 13750}
2025-06-22 00:09:04 | INFO     | QA-Suite | user_action:150 | USER ACTION: clicked_run_script | Context: {"script_length": 13750}
2025-06-22 00:12:33 | INFO     | QA-Suite | api_call:124 | API POST /run_script | Status: 200 | Time: 208.59s | Context: {"script_length": 13750}
2025-06-22 00:12:33 | INFO     | QA-Suite | performance:157 | PERFORMANCE script_execution_ui | Duration: 208.59s | Context: {"script_length": 13750}
2025-06-22 00:12:33 | INFO     | QA-Suite | step:108 | STEP [6/7] Run Tests | Context: {"logs_count": 20, "stats": {"failed": 9, "passed": 11, "success_rate": "55.0%", "total": 20}}
2025-06-22 00:12:33 | INFO     | QA-Suite | user_action:150 | USER ACTION: downloaded_results | Context: {"script_length": 13750, "logs_count": 20}
2025-06-22 00:12:33 | INFO     | QA-Suite | step:108 | STEP [7/7] Download Results | Context: {"script_length": 13750, "logs_count": 20}
2025-06-22 00:26:23 | INFO     | QA-Suite | user_action:150 | USER ACTION: entered_website_url | Context: {"url": "23"}
2025-06-22 00:26:23 | INFO     | QA-Suite | step:108 | STEP [1/7] Enter Website URL | Context: {"url": "23"}
2025-06-22 00:26:26 | INFO     | QA-Suite | user_action:150 | USER ACTION: uploaded_js_file | Context: {"filename": "geneconnect 2 copy.js", "file_size": 3450}
2025-06-22 00:26:26 | INFO     | QA-Suite | step:108 | STEP [2/7] Upload JS File | Context: {"filename": "geneconnect 2 copy.js", "file_size": 3450}
2025-06-22 00:26:35 | INFO     | QA-Suite | user_action:150 | USER ACTION: clicked_generate_test_ideas | Context: {"functionality": "Generate tst cases for login and form 1"}
2025-06-22 00:26:43 | INFO     | QA-Suite | api_call:124 | API POST /generate_test_ideas | Status: 200 | Time: 8.03s | Context: {"functionality": "Generate tst cases for login and form 1", "js_content_length": 3450}
2025-06-22 00:26:43 | INFO     | QA-Suite | performance:157 | PERFORMANCE test_ideas_generation_ui | Duration: 8.03s | Context: {"functionality": "Generate tst cases for login and form 1", "test_ideas_count": 20}
2025-06-22 00:26:43 | INFO     | QA-Suite | step:108 | STEP [3/7] Generate Test Ideas | Context: {"functionality": "Generate tst cases for login and form 1", "test_ideas_count": 20}
2025-06-22 00:26:52 | INFO     | QA-Suite | user_action:150 | USER ACTION: clicked_generate_script | Context: {"selected_tests_count": 20, "selected_tests": ["Verify successful login with valid credentials redirects to the dashboard.", "Verify login fails with invalid username and valid password.", "Verify login fails with valid username and invalid password.", "Verify login fails when username field is empty.", "Verify login fails when password field is empty.", "Verify login fails when both username and password fields are empty.", "Verify submit button is initially disabled and enables after filling login credentials.", "Verify URL changes from '/login' after successful login.", "Verify user remains on the login page after a failed login attempt.", "Verify 'New Chat' button is visible after successful login if applicable.", "Verify successful submission of Form 1 with all valid patient information.", "Verify Form 1 submission fails when First Name is empty.", "Verify Form 1 submission fails when Last Name is empty.", "Verify Form 1 submission fails when Date of Birth is empty.", "Verify Form 1 submission fails when Gender is not selected.", "Verify Form 1 submission fails when Adoption Status is not selected.", "Verify Date of Birth field handles invalid date format (e.g., 'DD/MM/YYYY').", "Verify Date of Birth field handles a future date.", "Verify submit button for Form 1 is disabled until all required fields are filled.", "Verify URL changes after successful Form 1 submission, indicating progression to Form 2."]}
2025-06-22 00:27:46 | INFO     | QA-Suite | api_call:124 | API POST /generate_script | Status: 200 | Time: 54.04s | Context: {"website_url": "23", "selected_tests_count": 20}
2025-06-22 00:27:46 | INFO     | QA-Suite | performance:157 | PERFORMANCE script_generation_ui | Duration: 54.04s | Context: {"selected_tests_count": 20, "script_length": 17122}
2025-06-22 00:27:46 | INFO     | QA-Suite | step:108 | STEP [4/7] Generate Script | Context: {"selected_tests_count": 20, "script_length": 17122}
2025-06-22 00:27:48 | INFO     | QA-Suite | user_action:150 | USER ACTION: clicked_run_script | Context: {"script_length": 17122}
2025-06-22 00:29:45 | INFO     | QA-Suite | api_call:124 | API POST /run_script | Status: 200 | Time: 116.70s | Context: {"script_length": 17122}
2025-06-22 00:29:45 | INFO     | QA-Suite | performance:157 | PERFORMANCE script_execution_ui | Duration: 116.71s | Context: {"script_length": 17122}
2025-06-22 00:29:45 | INFO     | QA-Suite | step:108 | STEP [6/7] Run Tests | Context: {"logs_count": 20, "stats": {"failed": 19, "passed": 1, "success_rate": "5.0%", "total": 20}}
2025-06-22 00:29:45 | INFO     | QA-Suite | user_action:150 | USER ACTION: downloaded_results | Context: {"script_length": 17122, "logs_count": 20}
2025-06-22 00:29:45 | INFO     | QA-Suite | step:108 | STEP [7/7] Download Results | Context: {"script_length": 17122, "logs_count": 20}
2025-06-22 00:41:25 | INFO     | QA-Suite | user_action:150 | USER ACTION: entered_website_url | Context: {"url": "3"}
2025-06-22 00:41:25 | INFO     | QA-Suite | step:108 | STEP [1/7] Enter Website URL | Context: {"url": "3"}
2025-06-22 00:41:27 | INFO     | QA-Suite | user_action:150 | USER ACTION: uploaded_js_file | Context: {"filename": "geneconnect 2 copy.js", "file_size": 3450}
2025-06-22 00:41:27 | INFO     | QA-Suite | step:108 | STEP [2/7] Upload JS File | Context: {"filename": "geneconnect 2 copy.js", "file_size": 3450}
2025-06-22 00:41:41 | INFO     | QA-Suite | user_action:150 | USER ACTION: clicked_generate_test_ideas | Context: {"functionality": "Generate test cases for Login and Form 1"}
2025-06-22 00:41:51 | INFO     | QA-Suite | api_call:124 | API POST /generate_test_ideas | Status: 200 | Time: 9.84s | Context: {"functionality": "Generate test cases for Login and Form 1", "js_content_length": 3450}
2025-06-22 00:41:51 | INFO     | QA-Suite | performance:157 | PERFORMANCE test_ideas_generation_ui | Duration: 9.84s | Context: {"functionality": "Generate test cases for Login and Form 1", "test_ideas_count": 20}
2025-06-22 00:41:51 | INFO     | QA-Suite | step:108 | STEP [3/7] Generate Test Ideas | Context: {"functionality": "Generate test cases for Login and Form 1", "test_ideas_count": 20}
2025-06-22 00:45:17 | INFO     | QA-Suite | user_action:150 | USER ACTION: clicked_generate_script | Context: {"selected_tests_count": 20, "selected_tests": ["Verify login page loads successfully.", "Verify presence of username, password fields, and submit button on login page.", "Test successful login with valid credentials and redirection to dashboard.", "Test login attempt with empty username and valid password, verify no navigation.", "Test login attempt with valid username and empty password, verify no navigation.", "Test login attempt with empty username and empty password, verify no navigation.", "Verify login submit button is disabled when username field is empty.", "Verify login submit button is disabled when password field is empty.", "Verify user is redirected to Patient Information Form (Form 1) after successful login.", "Verify presence of First Name, Last Name, DOB, Age, Gender, and Adoption Status fields on Form 1.", "Test successful submission of Form 1 with all valid patient information.", "Test Form 1 submission attempt with empty First Name, verify no navigation.", "Test Form 1 submission attempt with empty Last Name, verify no navigation.", "Test Form 1 submission attempt with empty Date of Birth, verify no navigation.", "Test Form 1 submission attempt with empty Age, verify no navigation.", "Test Form 1 submission attempt without selecting Gender, verify no navigation.", "Test Form 1 submission attempt without selecting Adoption Status, verify no navigation.", "Verify Form 1 submit button is disabled when First Name field is empty.", "Verify Form 1 submit button is disabled when Gender is not selected.", "Verify date picker opens when DOB field is clicked and closes on escape key press."]}
2025-06-22 00:46:03 | INFO     | QA-Suite | api_call:124 | API POST /generate_script | Status: 200 | Time: 45.36s | Context: {"website_url": "3", "selected_tests_count": 20}
2025-06-22 00:46:03 | INFO     | QA-Suite | performance:157 | PERFORMANCE script_generation_ui | Duration: 45.36s | Context: {"selected_tests_count": 20, "script_length": 37160}
2025-06-22 00:46:03 | INFO     | QA-Suite | step:108 | STEP [4/7] Generate Script | Context: {"selected_tests_count": 20, "script_length": 37160}
2025-06-22 00:46:10 | INFO     | QA-Suite | user_action:150 | USER ACTION: clicked_run_script | Context: {"script_length": 37160}
2025-06-22 00:48:11 | INFO     | QA-Suite | api_call:124 | API POST /run_script | Status: 200 | Time: 120.85s | Context: {"script_length": 37160}
2025-06-22 00:48:11 | INFO     | QA-Suite | performance:157 | PERFORMANCE script_execution_ui | Duration: 120.85s | Context: {"script_length": 37160}
2025-06-22 00:48:11 | INFO     | QA-Suite | step:108 | STEP [6/7] Run Tests | Context: {"logs_count": 20, "stats": {"failed": 18, "passed": 2, "success_rate": "10.0%", "total": 20}}
2025-06-22 00:48:11 | INFO     | QA-Suite | user_action:150 | USER ACTION: downloaded_results | Context: {"script_length": 37160, "logs_count": 20}
2025-06-22 00:48:11 | INFO     | QA-Suite | step:108 | STEP [7/7] Download Results | Context: {"script_length": 37160, "logs_count": 20}
