2025-06-21 23:04:51 | INFO     | Frontend | info:76 | Starting QA-Suite Frontend | Context: {"streamlit_version": "1.24.0", "python_version": "3.12.3 (main, May 26 2025, 18:50:19) [GCC 13.3.0]"}
2025-06-21 23:04:51 | INFO     | Frontend | info:76 | Initialized session state | Context: {"current_step": 0}
2025-06-21 23:04:54 | INFO     | QA-Suite | user_action:150 | USER ACTION: entered_website_url | Context: {"url": "123"}
2025-06-21 23:04:54 | INFO     | QA-Suite | step:108 | STEP [1/7] Enter Website URL | Context: {"url": "123"}
2025-06-21 23:04:57 | INFO     | QA-Suite | user_action:150 | USER ACTION: uploaded_js_file | Context: {"filename": "geneconnect 2.js", "file_size": 3054}
2025-06-21 23:04:57 | INFO     | QA-Suite | step:108 | STEP [2/7] Upload JS File | Context: {"filename": "geneconnect 2.js", "file_size": 3054}
2025-06-21 23:05:14 | INFO     | QA-Suite | user_action:150 | USER ACTION: clicked_generate_test_ideas | Context: {"functionality": "Check functionality for login and form 1"}
2025-06-21 23:05:29 | INFO     | QA-Suite | api_call:124 | API POST /generate_test_ideas | Status: 200 | Time: 14.62s | Context: {"functionality": "Check functionality for login and form 1", "js_content_length": 3054}
2025-06-21 23:05:29 | INFO     | QA-Suite | performance:157 | PERFORMANCE test_ideas_generation_ui | Duration: 14.62s | Context: {"functionality": "Check functionality for login and form 1", "test_ideas_count": 20}
2025-06-21 23:05:29 | INFO     | QA-Suite | step:108 | STEP [3/7] Generate Test Ideas | Context: {"functionality": "Check functionality for login and form 1", "test_ideas_count": 20}
2025-06-21 23:06:05 | INFO     | QA-Suite | user_action:150 | USER ACTION: clicked_generate_script | Context: {"selected_tests_count": 20, "selected_tests": ["Verify successful login with valid username and password.", "Verify navigation to the dashboard URL after successful login.", "Verify login failure when username field is empty and 'Submit' button is disabled.", "Verify login failure when password field is empty and 'Submit' button is disabled.", "Verify login failure when both username and password fields are empty and 'Submit' button is disabled.", "Verify login failure with invalid username and password, and URL remains unchanged.", "Verify 'New Chat' button appears after successful login.", "Verify 'New Chat' button is clickable and navigates to a new chat interface.", "Verify successful submission of Patient Demographics form with all valid fields.", "Verify navigation to Medical History form after Patient Demographics submission.", "Verify 'Next' button is disabled when First Name field is empty.", "Verify 'Next' button is disabled when Last Name field is empty.", "Verify 'Next' button is disabled when DOB field is empty.", "Verify 'Next' button is disabled when Gender is not selected.", "Verify 'Next' button is enabled only when all mandatory fields (First Name, Last Name, DOB, Gender) are filled.", "Verify First Name field accepts valid input.", "Verify Last Name field accepts valid input.", "Verify DOB field accepts valid date in dd/mm/yyyy format.", "Verify Gender 'Male' can be successfully selected.", "Verify 'Is Adopted' 'Unknown' can be successfully selected."]}
2025-06-21 23:07:08 | INFO     | QA-Suite | api_call:124 | API POST /generate_script | Status: 200 | Time: 62.49s | Context: {"website_url": "123", "selected_tests_count": 20}
2025-06-21 23:07:13 | INFO     | QA-Suite | user_action:150 | USER ACTION: entered_website_url | Context: {"url": "123"}
2025-06-21 23:07:13 | INFO     | QA-Suite | step:108 | STEP [1/7] Enter Website URL | Context: {"url": "123"}
2025-06-21 23:07:15 | INFO     | QA-Suite | user_action:150 | USER ACTION: uploaded_js_file | Context: {"filename": "geneconnect 2.js", "file_size": 3054}
2025-06-21 23:07:15 | INFO     | QA-Suite | step:108 | STEP [2/7] Upload JS File | Context: {"filename": "geneconnect 2.js", "file_size": 3054}
2025-06-21 23:07:36 | INFO     | QA-Suite | user_action:150 | USER ACTION: clicked_generate_test_ideas | Context: {"functionality": "Check functioanlity for Login and Form 1"}
2025-06-21 23:07:58 | INFO     | QA-Suite | api_call:124 | API POST /generate_test_ideas | Status: 200 | Time: 22.26s | Context: {"functionality": "Check functioanlity for Login and Form 1", "js_content_length": 3054}
2025-06-21 23:07:58 | INFO     | QA-Suite | performance:157 | PERFORMANCE test_ideas_generation_ui | Duration: 22.26s | Context: {"functionality": "Check functioanlity for Login and Form 1", "test_ideas_count": 20}
2025-06-21 23:07:58 | INFO     | QA-Suite | step:108 | STEP [3/7] Generate Test Ideas | Context: {"functionality": "Check functioanlity for Login and Form 1", "test_ideas_count": 20}
2025-06-21 23:08:01 | INFO     | QA-Suite | user_action:150 | USER ACTION: clicked_generate_script | Context: {"selected_tests_count": 20, "selected_tests": ["Verify successful login with valid username and password and navigation to dashboard.", "Verify login button is disabled when username field is empty.", "Verify login button is disabled when password field is empty.", "Verify login button is disabled when both username and password fields are empty.", "Verify no navigation occurs on submit with invalid username.", "Verify no navigation occurs on submit with invalid password.", "Verify 'New Chat' button is displayed and clickable after successful login.", "Verify successful submission of Form 1 with all valid mandatory and optional fields.", "Verify 'Next' button is disabled when First Name field is left empty.", "Verify 'Next' button is disabled when Last Name field is left empty.", "Verify 'Next' button is disabled when DOB field is left empty.", "Verify 'Next' button is disabled when Gender is not selected.", "Verify 'Next' button is disabled when Age field is empty (if not auto-filled from DOB).", "Verify 'Next' button becomes enabled after filling all mandatory fields (First Name, Last Name, DOB, Gender, Age).", "Verify navigation to Medical History form upon successful Form 1 submission.", "Verify First Name field accepts valid alphanumeric input.", "Verify Last Name field accepts valid alphanumeric input.", "Verify DOB field accepts date in dd/mm/yyyy format.", "Verify DOB field validation for a future date input.", "Verify DOB field validation for an invalid date format (e.g., 'invalid-text')."]}
2025-06-21 23:09:06 | INFO     | QA-Suite | api_call:124 | API POST /generate_script | Status: 200 | Time: 65.08s | Context: {"website_url": "123", "selected_tests_count": 20}
2025-06-21 23:09:06 | INFO     | QA-Suite | performance:157 | PERFORMANCE script_generation_ui | Duration: 65.08s | Context: {"selected_tests_count": 20, "script_length": 17866}
2025-06-21 23:09:06 | INFO     | QA-Suite | step:108 | STEP [4/7] Generate Script | Context: {"selected_tests_count": 20, "script_length": 17866}
2025-06-21 23:09:09 | INFO     | QA-Suite | user_action:150 | USER ACTION: clicked_run_script | Context: {"script_length": 17866}
2025-06-21 23:11:42 | INFO     | QA-Suite | api_call:124 | API POST /run_script | Status: 200 | Time: 153.04s | Context: {"script_length": 17866}
2025-06-21 23:11:42 | INFO     | QA-Suite | performance:157 | PERFORMANCE script_execution_ui | Duration: 153.04s | Context: {"script_length": 17866}
2025-06-21 23:11:42 | INFO     | QA-Suite | step:108 | STEP [6/7] Run Tests | Context: {"logs_count": 19, "stats": {"failed": 11, "passed": 8, "total": 19}}
2025-06-21 23:11:42 | INFO     | QA-Suite | user_action:150 | USER ACTION: downloaded_results | Context: {"script_length": 17866, "logs_count": 19}
2025-06-21 23:11:42 | INFO     | QA-Suite | step:108 | STEP [7/7] Download Results | Context: {"script_length": 17866, "logs_count": 19}
