2025-06-22 21:48:47 | INFO     | Frontend | info:76 | Starting QA-Suite Frontend | Context: {"streamlit_version": "1.24.0", "python_version": "3.12.3 (main, May 26 2025, 18:50:19) [GCC 13.3.0]"}
2025-06-22 21:48:47 | INFO     | Frontend | info:76 | Initialized session state | Context: {"current_step": 0}
2025-06-22 21:48:54 | INFO     | QA-Suite | user_action:150 | USER ACTION: entered_website_url | Context: {"url": "23"}
2025-06-22 21:48:54 | INFO     | QA-Suite | step:108 | STEP [1/7] Enter Website URL | Context: {"url": "23"}
2025-06-22 21:48:57 | INFO     | QA-Suite | user_action:150 | USER ACTION: uploaded_js_file | Context: {"filename": "geneconnect 2 copy.js", "file_size": 4672}
2025-06-22 21:48:57 | INFO     | QA-Suite | step:108 | STEP [2/7] Upload JS File | Context: {"filename": "geneconnect 2 copy.js", "file_size": 4672}
2025-06-22 21:49:16 | INFO     | QA-Suite | user_action:150 | USER ACTION: clicked_generate_test_ideas | Context: {"functionality": "Generate Test cases for login form and form 1"}
2025-06-22 21:49:25 | INFO     | QA-Suite | api_call:124 | API POST /generate_test_ideas | Status: 200 | Time: 9.22s | Context: {"functionality": "Generate Test cases for login form and form 1", "js_content_length": 4672}
2025-06-22 21:49:25 | INFO     | QA-Suite | performance:157 | PERFORMANCE test_ideas_generation_ui | Duration: 9.23s | Context: {"functionality": "Generate Test cases for login form and form 1", "test_ideas_count": 20}
2025-06-22 21:49:25 | INFO     | QA-Suite | step:108 | STEP [3/7] Generate Test Ideas | Context: {"functionality": "Generate Test cases for login form and form 1", "test_ideas_count": 20}
2025-06-22 21:49:27 | INFO     | QA-Suite | user_action:150 | USER ACTION: clicked_generate_script | Context: {"selected_tests_count": 20, "selected_tests": ["Verify application navigates to the login page successfully.", "Verify username input field is visible and interactable on the login page.", "Verify password input field is visible and interactable on the login page.", "Verify login submit button is visible and interactable on the login page.", "Test successful login with valid username and password.", "Verify URL changes to dashboard after successful login.", "Test login attempt with empty username and valid password, ensuring no navigation occurs.", "Test login attempt with valid username and empty password, ensuring no navigation occurs.", "Test login attempt with both username and password empty, ensuring no navigation occurs.", "Verify navigation to Patient Information Form (Form 1) after successful login.", "Verify First Name field is present and interactable in Form 1.", "Verify Last Name field is present and interactable in Form 1.", "Verify Date of Birth field is present and interactable in Form 1.", "Verify Age field is present and auto-populates after entering Date of Birth in Form 1.", "Verify Gender radio buttons (Male, Female, Other) are present and selectable in Form 1.", "Verify Adoption status options (Yes, No, Unknown) are present and selectable in Form 1.", "Test successful submission of Form 1 after filling all required fields.", "Test Form 1 submission with empty First Name, ensuring 'Next' button is disabled or no navigation.", "Test Form 1 submission with empty Last Name, ensuring 'Next' button is disabled or no navigation.", "Test Form 1 submission with empty Date of Birth, ensuring 'Next' button is disabled or no navigation."]}
2025-06-22 21:49:58 | INFO     | QA-Suite | api_call:124 | API POST /generate_script | Status: 200 | Time: 30.29s | Context: {"website_url": "23", "selected_tests_count": 20}
2025-06-22 21:49:58 | INFO     | QA-Suite | performance:157 | PERFORMANCE script_generation_ui | Duration: 30.29s | Context: {"selected_tests_count": 20, "script_length": 11197}
2025-06-22 21:49:58 | INFO     | QA-Suite | step:108 | STEP [4/7] Generate Script | Context: {"selected_tests_count": 20, "script_length": 11197}
2025-06-22 21:49:59 | INFO     | QA-Suite | user_action:150 | USER ACTION: clicked_run_script | Context: {"script_length": 11197}
2025-06-22 21:51:07 | INFO     | QA-Suite | api_call:124 | API POST /run_script | Status: 200 | Time: 67.24s | Context: {"script_length": 11197}
2025-06-22 21:51:07 | INFO     | QA-Suite | performance:157 | PERFORMANCE script_execution_ui | Duration: 67.24s | Context: {"script_length": 11197}
2025-06-22 21:51:07 | INFO     | QA-Suite | step:108 | STEP [6/7] Run Tests | Context: {"logs_count": 19, "stats": {"failed": 3, "passed": 16, "success_rate": "84.2%", "total": 19}}
2025-06-22 21:51:07 | INFO     | QA-Suite | user_action:150 | USER ACTION: downloaded_results | Context: {"script_length": 11197, "logs_count": 19}
2025-06-22 21:51:07 | INFO     | QA-Suite | step:108 | STEP [7/7] Download Results | Context: {"script_length": 11197, "logs_count": 19}
