2025-06-20 16:01:27 | INFO     | Frontend | info:76 | Starting QA-Suite Frontend | Context: {"streamlit_version": "1.24.0", "python_version": "3.12.3 (main, May 26 2025, 18:50:19) [GCC 13.3.0]"}
2025-06-20 16:01:27 | INFO     | Frontend | info:76 | Initialized session state | Context: {"current_step": 0}
2025-06-20 16:01:27 | INFO     | QA-Suite | user_action:150 | USER ACTION: entered_website_url | Context: {"url": "123"}
2025-06-20 16:01:27 | INFO     | QA-Suite | step:108 | STEP [1/7] Enter Website URL | Context: {"url": "123"}
2025-06-20 16:01:32 | INFO     | QA-Suite | user_action:150 | USER ACTION: entered_website_url | Context: {"url": "123"}
2025-06-20 16:01:32 | INFO     | QA-Suite | step:108 | STEP [1/7] Enter Website URL | Context: {"url": "123"}
2025-06-20 16:01:35 | INFO     | QA-Suite | user_action:150 | USER ACTION: uploaded_js_file | Context: {"filename": "geneconnect 2.js", "file_size": 3054}
2025-06-20 16:01:35 | INFO     | QA-Suite | step:108 | STEP [2/7] Upload JS File | Context: {"filename": "geneconnect 2.js", "file_size": 3054}
2025-06-20 16:01:42 | INFO     | QA-Suite | user_action:150 | USER ACTION: clicked_generate_test_ideas | Context: {"functionality": "Login n form flow"}
2025-06-20 16:01:58 | INFO     | QA-Suite | api_call:124 | API POST /generate_test_ideas | Status: 200 | Time: 16.40s | Context: {"functionality": "Login n form flow", "js_content_length": 3054}
2025-06-20 16:01:58 | INFO     | QA-Suite | performance:157 | PERFORMANCE test_ideas_generation_ui | Duration: 16.40s | Context: {"functionality": "Login n form flow", "test_ideas_count": 20}
2025-06-20 16:01:58 | INFO     | QA-Suite | step:108 | STEP [3/7] Generate Test Ideas | Context: {"functionality": "Login n form flow", "test_ideas_count": 20}
2025-06-20 16:03:48 | INFO     | QA-Suite | user_action:150 | USER ACTION: clicked_generate_script | Context: {"selected_tests_count": 20, "selected_tests": ["Verify successful login with valid credentials.", "Verify navigation to dashboard/home page after successful login.", "Verify login button state and no navigation when username and password fields are empty.", "Verify login button state and no navigation when username is empty and password is valid.", "Verify login button state and no navigation when username is valid and password is empty.", "Verify login failure and no navigation with invalid username and valid password.", "Verify login failure and no navigation with valid username and invalid password.", "Verify login failure and no navigation with invalid username and invalid password.", "Verify 'New Chat' button is clickable and performs its action if visible after login.", "Verify successful submission of Personal Details form with all fields filled.", "Verify navigation to Medical History form after Personal Details submission.", "Verify 'Next' button is disabled/no navigation when Gender is not selected in Personal Details form.", "Verify 'Next' button is disabled/no navigation when Age is not filled in Personal Details form.", "Verify 'Next' button is disabled/no navigation when both Gender and Age are not filled in Personal Details form.", "Verify successful submission of Personal Details form with only mandatory fields (Gender, Age) filled.", "Verify 'Next' button is enabled when mandatory fields (Gender, Age) are filled in Personal Details form.", "Verify successful submission of Medical History form with selected options.", "Verify navigation after Medical History form submission.", "Verify 'Save and Continue' button is disabled/no navigation when no medical history options are selected.", "Verify successful logout and navigation back to the login page."]}
2025-06-20 16:04:57 | INFO     | QA-Suite | api_call:124 | API POST /generate_script | Status: 200 | Time: 69.08s | Context: {"website_url": "123", "selected_tests_count": 20}
2025-06-20 16:04:57 | INFO     | QA-Suite | performance:157 | PERFORMANCE script_generation_ui | Duration: 69.08s | Context: {"selected_tests_count": 20, "script_length": 15011}
2025-06-20 16:04:57 | INFO     | QA-Suite | step:108 | STEP [4/7] Generate Script | Context: {"selected_tests_count": 20, "script_length": 15011}
2025-06-20 16:06:23 | INFO     | QA-Suite | user_action:150 | USER ACTION: clicked_run_script | Context: {"script_length": 15011}
2025-06-20 16:13:31 | INFO     | QA-Suite | api_call:124 | API POST /run_script | Status: 200 | Time: 428.02s | Context: {"script_length": 15011}
2025-06-20 16:13:31 | INFO     | QA-Suite | performance:157 | PERFORMANCE script_execution_ui | Duration: 428.02s | Context: {"script_length": 15011}
2025-06-20 16:13:31 | INFO     | QA-Suite | step:108 | STEP [6/7] Run Tests | Context: {"logs_count": 19, "stats": {"failed": 16, "passed": 3, "total": 19}}
2025-06-20 16:13:31 | INFO     | QA-Suite | user_action:150 | USER ACTION: downloaded_results | Context: {"script_length": 15011, "logs_count": 19}
2025-06-20 16:13:31 | INFO     | QA-Suite | step:108 | STEP [7/7] Download Results | Context: {"script_length": 15011, "logs_count": 19}
2025-06-20 16:29:19 | INFO     | QA-Suite | user_action:150 | USER ACTION: entered_website_url | Context: {"url": "123"}
2025-06-20 16:29:19 | INFO     | QA-Suite | step:108 | STEP [1/7] Enter Website URL | Context: {"url": "123"}
2025-06-20 16:29:23 | INFO     | QA-Suite | user_action:150 | USER ACTION: uploaded_js_file | Context: {"filename": "geneconnect 2.js", "file_size": 3054}
2025-06-20 16:29:23 | INFO     | QA-Suite | step:108 | STEP [2/7] Upload JS File | Context: {"filename": "geneconnect 2.js", "file_size": 3054}
2025-06-20 16:29:35 | INFO     | QA-Suite | user_action:150 | USER ACTION: clicked_generate_test_ideas | Context: {"functionality": "For login and signup page"}
2025-06-20 16:29:52 | INFO     | QA-Suite | api_call:124 | API POST /generate_test_ideas | Status: 200 | Time: 16.40s | Context: {"functionality": "For login and signup page", "js_content_length": 3054}
2025-06-20 16:29:52 | INFO     | QA-Suite | performance:157 | PERFORMANCE test_ideas_generation_ui | Duration: 16.40s | Context: {"functionality": "For login and signup page", "test_ideas_count": 20}
2025-06-20 16:29:52 | INFO     | QA-Suite | step:108 | STEP [3/7] Generate Test Ideas | Context: {"functionality": "For login and signup page", "test_ideas_count": 20}
2025-06-20 16:29:54 | INFO     | QA-Suite | user_action:150 | USER ACTION: clicked_generate_script | Context: {"selected_tests_count": 20, "selected_tests": ["Verify successful login with valid username and password.", "Verify navigation to the expected dashboard/home page after successful login.", "Verify URL changes to the dashboard/home page after successful login.", "Verify login failure with an incorrect username and correct password.", "Verify login failure with a correct username and incorrect password.", "Verify login failure with both incorrect username and password.", "Verify login failure when username field is left empty.", "Verify login failure when password field is left empty.", "Verify login failure when both username and password fields are left empty.", "Verify that the submit button is disabled or URL remains unchanged for invalid/empty login attempts.", "Verify the presence and clickability of the 'New Chat' button after successful login (if it appears).", "Verify the initial load of the login page.", "Verify the presence of the username input field on the login page.", "Verify the presence of the password input field on the login page.", "Verify the presence of the submit button on the login page.", "Verify that the username field accepts input correctly.", "Verify that the password field accepts input correctly.", "Verify successful logout from the application.", "Verify navigation back to the login page after successful logout.", "Verify the 'Confirm' action for logout functions correctly."]}
2025-06-20 16:30:48 | INFO     | QA-Suite | api_call:124 | API POST /generate_script | Status: 200 | Time: 53.68s | Context: {"website_url": "123", "selected_tests_count": 20}
2025-06-20 16:30:48 | INFO     | QA-Suite | performance:157 | PERFORMANCE script_generation_ui | Duration: 53.68s | Context: {"selected_tests_count": 20, "script_length": 6682}
2025-06-20 16:30:48 | INFO     | QA-Suite | step:108 | STEP [4/7] Generate Script | Context: {"selected_tests_count": 20, "script_length": 6682}
2025-06-20 16:31:02 | INFO     | QA-Suite | user_action:150 | USER ACTION: clicked_run_script | Context: {"script_length": 6682}
2025-06-20 16:31:03 | INFO     | QA-Suite | api_call:124 | API POST /run_script | Status: 200 | Time: 0.98s | Context: {"script_length": 6682}
2025-06-20 16:31:03 | INFO     | QA-Suite | performance:157 | PERFORMANCE script_execution_ui | Duration: 0.98s | Context: {"script_length": 6682}
2025-06-20 16:31:03 | INFO     | QA-Suite | step:108 | STEP [6/7] Run Tests | Context: {"logs_count": 0, "stats": {"failed": 0, "passed": 0, "total": 0}}
2025-06-20 16:31:10 | INFO     | QA-Suite | user_action:150 | USER ACTION: clicked_run_script | Context: {"script_length": 6682}
2025-06-20 16:31:11 | INFO     | QA-Suite | api_call:124 | API POST /run_script | Status: 200 | Time: 0.94s | Context: {"script_length": 6682}
2025-06-20 16:31:11 | INFO     | QA-Suite | performance:157 | PERFORMANCE script_execution_ui | Duration: 0.94s | Context: {"script_length": 6682}
2025-06-20 16:31:11 | INFO     | QA-Suite | step:108 | STEP [6/7] Run Tests | Context: {"logs_count": 0, "stats": {"failed": 0, "passed": 0, "total": 0}}
