2025-06-24 00:23:07 | INFO     | Frontend | info:76 | Starting QA-Suite Frontend | Context: {"streamlit_version": "1.24.0", "python_version": "3.12.3 (main, May 26 2025, 18:50:19) [GCC 13.3.0]"}
2025-06-24 00:23:07 | INFO     | Frontend | info:76 | Initialized session state | Context: {"current_step": 0}
2025-06-24 00:23:15 | INFO     | QA-Suite | user_action:150 | USER ACTION: entered_website_url | Context: {"url": "https://valueinsightpro.jumpiq.com/auth/login"}
2025-06-24 00:23:15 | INFO     | QA-Suite | step:108 | STEP [1/7] Enter Website URL | Context: {"url": "https://valueinsightpro.jumpiq.com/auth/login"}
2025-06-24 00:23:17 | INFO     | QA-Suite | user_action:150 | USER ACTION: uploaded_js_file | Context: {"filename": "jump_full_flow.js", "file_size": 10540}
2025-06-24 00:23:17 | INFO     | QA-Suite | step:108 | STEP [2/7] Upload JS File | Context: {"filename": "jump_full_flow.js", "file_size": 10540}
2025-06-24 00:23:24 | INFO     | QA-Suite | user_action:150 | USER ACTION: clicked_generate_test_ideas | Context: {"functionality": "For full Flow"}
2025-06-24 00:23:31 | INFO     | QA-Suite | api_call:124 | API POST /generate_test_ideas | Status: 200 | Time: 6.86s | Context: {"functionality": "For full Flow", "js_content_length": 10540}
2025-06-24 00:23:31 | INFO     | QA-Suite | performance:157 | PERFORMANCE test_ideas_generation_ui | Duration: 6.86s | Context: {"functionality": "For full Flow", "test_ideas_count": 20}
2025-06-24 00:23:31 | INFO     | QA-Suite | step:108 | STEP [3/7] Generate Test Ideas | Context: {"functionality": "For full Flow", "test_ideas_count": 20}
2025-06-24 00:23:45 | INFO     | QA-Suite | user_action:150 | USER ACTION: clicked_generate_full_flow_script
2025-06-24 00:24:10 | INFO     | QA-Suite | api_call:124 | API POST /generate_full_flow_script | Status: 200 | Time: 25.66s | Context: {"website_url": "https://valueinsightpro.jumpiq.com/auth/login"}
2025-06-24 00:24:10 | INFO     | QA-Suite | performance:157 | PERFORMANCE full_flow_script_generation_ui | Duration: 25.66s | Context: {"script_length": 10688}
2025-06-24 00:24:10 | INFO     | QA-Suite | step:108 | STEP [4/7] Generate Full Flow Script | Context: {"script_length": 10688}
2025-06-24 00:24:15 | INFO     | QA-Suite | user_action:150 | USER ACTION: clicked_run_script | Context: {"script_length": 10688}
2025-06-24 00:25:06 | INFO     | QA-Suite | api_call:124 | API POST /run_script | Status: 400 | Time: 51.34s | Context: {"script_length": 10688}
2025-06-24 00:25:06 | INFO     | QA-Suite | performance:157 | PERFORMANCE script_execution_ui | Duration: 51.35s | Context: {"script_length": 10688}
2025-06-24 00:25:06 | INFO     | QA-Suite | step:108 | STEP [6/7] Run Tests | Context: {"logs_count": 1, "stats": {"passed": 0, "failed": 0, "total": 0}}
2025-06-24 00:25:06 | INFO     | QA-Suite | user_action:150 | USER ACTION: downloaded_results | Context: {"script_length": 10688, "logs_count": 1}
2025-06-24 00:25:06 | INFO     | QA-Suite | step:108 | STEP [7/7] Download Results | Context: {"script_length": 10688, "logs_count": 1}
2025-06-24 00:32:31 | INFO     | QA-Suite | user_action:150 | USER ACTION: entered_website_url | Context: {"url": "https://valueinsightpro.jumpiq.com/auth/login"}
2025-06-24 00:32:31 | INFO     | QA-Suite | step:108 | STEP [1/7] Enter Website URL | Context: {"url": "https://valueinsightpro.jumpiq.com/auth/login"}
2025-06-24 00:32:37 | INFO     | QA-Suite | user_action:150 | USER ACTION: uploaded_js_file | Context: {"filename": "jump_full_flow.js", "file_size": 10540}
2025-06-24 00:32:37 | INFO     | QA-Suite | step:108 | STEP [2/7] Upload JS File | Context: {"filename": "jump_full_flow.js", "file_size": 10540}
2025-06-24 00:32:47 | INFO     | QA-Suite | user_action:150 | USER ACTION: clicked_generate_test_ideas | Context: {"functionality": "For full flow"}
2025-06-24 00:32:57 | INFO     | QA-Suite | api_call:124 | API POST /generate_test_ideas | Status: 200 | Time: 10.43s | Context: {"functionality": "For full flow", "js_content_length": 10540}
2025-06-24 00:32:57 | INFO     | QA-Suite | performance:157 | PERFORMANCE test_ideas_generation_ui | Duration: 10.43s | Context: {"functionality": "For full flow", "test_ideas_count": 20}
2025-06-24 00:32:57 | INFO     | QA-Suite | step:108 | STEP [3/7] Generate Test Ideas | Context: {"functionality": "For full flow", "test_ideas_count": 20}
2025-06-24 00:33:00 | INFO     | QA-Suite | user_action:150 | USER ACTION: clicked_generate_full_flow_script
2025-06-24 00:33:29 | INFO     | QA-Suite | api_call:124 | API POST /generate_full_flow_script | Status: 200 | Time: 28.91s | Context: {"website_url": "https://valueinsightpro.jumpiq.com/auth/login"}
2025-06-24 00:33:29 | INFO     | QA-Suite | performance:157 | PERFORMANCE full_flow_script_generation_ui | Duration: 28.91s | Context: {"script_length": 10688}
2025-06-24 00:33:29 | INFO     | QA-Suite | step:108 | STEP [4/7] Generate Full Flow Script | Context: {"script_length": 10688}
2025-06-24 00:33:32 | INFO     | QA-Suite | user_action:150 | USER ACTION: clicked_run_script | Context: {"script_length": 10688}
2025-06-24 00:34:23 | INFO     | QA-Suite | api_call:124 | API POST /run_script | Status: 400 | Time: 51.27s | Context: {"script_length": 10688}
2025-06-24 00:34:23 | INFO     | QA-Suite | performance:157 | PERFORMANCE script_execution_ui | Duration: 51.27s | Context: {"script_length": 10688}
2025-06-24 00:34:23 | INFO     | QA-Suite | step:108 | STEP [6/7] Run Tests | Context: {"logs_count": 1, "stats": {"passed": 0, "failed": 0, "total": 0}}
2025-06-24 00:34:23 | INFO     | QA-Suite | user_action:150 | USER ACTION: downloaded_results | Context: {"script_length": 10688, "logs_count": 1}
2025-06-24 00:34:23 | INFO     | QA-Suite | step:108 | STEP [7/7] Download Results | Context: {"script_length": 10688, "logs_count": 1}
