2025-06-21 23:39:09 | INFO     | Frontend | info:76 | Starting QA-Suite Frontend | Context: {"streamlit_version": "1.24.0", "python_version": "3.12.3 (main, May 26 2025, 18:50:19) [GCC 13.3.0]"}
2025-06-21 23:39:09 | INFO     | Frontend | info:76 | Initialized session state | Context: {"current_step": 0}
2025-06-21 23:39:11 | INFO     | QA-Suite | user_action:150 | USER ACTION: entered_website_url | Context: {"url": "123"}
2025-06-21 23:39:11 | INFO     | QA-Suite | step:108 | STEP [1/7] Enter Website URL | Context: {"url": "123"}
2025-06-21 23:39:15 | INFO     | QA-Suite | user_action:150 | USER ACTION: uploaded_js_file | Context: {"filename": "geneconnect 2 copy.js", "file_size": 2996}
2025-06-21 23:39:15 | INFO     | QA-Suite | step:108 | STEP [2/7] Upload JS File | Context: {"filename": "geneconnect 2 copy.js", "file_size": 2996}
2025-06-21 23:39:30 | INFO     | QA-Suite | user_action:150 | USER ACTION: clicked_generate_test_ideas | Context: {"functionality": "Generate test flow (sanity) for login and form 1"}
2025-06-21 23:39:42 | INFO     | QA-Suite | api_call:124 | API POST /generate_test_ideas | Status: 200 | Time: 12.05s | Context: {"functionality": "Generate test flow (sanity) for login and form 1", "js_content_length": 2996}
2025-06-21 23:39:42 | INFO     | QA-Suite | performance:157 | PERFORMANCE test_ideas_generation_ui | Duration: 12.05s | Context: {"functionality": "Generate test flow (sanity) for login and form 1", "test_ideas_count": 20}
2025-06-21 23:39:42 | INFO     | QA-Suite | step:108 | STEP [3/7] Generate Test Ideas | Context: {"functionality": "Generate test flow (sanity) for login and form 1", "test_ideas_count": 20}
2025-06-21 23:39:55 | INFO     | QA-Suite | user_action:150 | USER ACTION: clicked_generate_script | Context: {"selected_tests_count": 20, "selected_tests": ["Verify login page loads successfully upon navigation.", "Verify username and password input fields are visible on the login page.", "Verify login submit button is visible on the login page.", "Successfully log in with valid username and password.", "Verify navigation to the dashboard after successful login.", "Verify login submit button is disabled when both username and password fields are empty.", "Verify login submit button is disabled when only the username field is filled.", "Verify login submit button is disabled when only the password field is filled.", "Verify Patient Information Form (Form 1) loads after successful login and dashboard navigation.", "Verify First Name, Last Name, DOB, Age, Gender, and Adoption Status fields are visible on Form 1.", "Verify Form 1 submit button is visible.", "Successfully fill all required fields in Form 1 with valid data and submit.", "Verify navigation to Medical History Form (Form 2) after successful Form 1 submission.", "Verify Form 1 submit button is disabled when First Name field is empty.", "Verify Form 1 submit button is disabled when Last Name field is empty.", "Verify Form 1 submit button is disabled when Date of Birth (DOB) field is empty.", "Verify Form 1 submit button is disabled when Age field is empty.", "Verify Form 1 submit button is disabled when Gender is not selected.", "Verify Form 1 submit button is disabled when Adoption Status is not selected.", "Verify Form 1 submit button is disabled when all required fields on Form 1 are empty."]}
2025-06-21 23:40:39 | INFO     | QA-Suite | api_call:124 | API POST /generate_script | Status: 200 | Time: 44.12s | Context: {"website_url": "123", "selected_tests_count": 20}
2025-06-21 23:40:39 | INFO     | QA-Suite | performance:157 | PERFORMANCE script_generation_ui | Duration: 44.12s | Context: {"selected_tests_count": 20, "script_length": 10500}
2025-06-21 23:40:39 | INFO     | QA-Suite | step:108 | STEP [4/7] Generate Script | Context: {"selected_tests_count": 20, "script_length": 10500}
2025-06-21 23:40:42 | INFO     | QA-Suite | user_action:150 | USER ACTION: clicked_run_script | Context: {"script_length": 10500}
2025-06-21 23:42:58 | INFO     | QA-Suite | api_call:124 | API POST /run_script | Status: 200 | Time: 136.38s | Context: {"script_length": 10500}
2025-06-21 23:42:58 | INFO     | QA-Suite | performance:157 | PERFORMANCE script_execution_ui | Duration: 136.38s | Context: {"script_length": 10500}
2025-06-21 23:42:58 | INFO     | QA-Suite | step:108 | STEP [6/7] Run Tests | Context: {"logs_count": 18, "stats": {"failed": 12, "passed": 6, "success_rate": "33.3%", "total": 18}}
2025-06-21 23:42:59 | INFO     | QA-Suite | user_action:150 | USER ACTION: downloaded_results | Context: {"script_length": 10500, "logs_count": 18}
2025-06-21 23:42:59 | INFO     | QA-Suite | step:108 | STEP [7/7] Download Results | Context: {"script_length": 10500, "logs_count": 18}
