2025-06-21 12:58:35 | INFO     | Frontend | info:76 | Starting QA-Suite Frontend | Context: {"streamlit_version": "1.24.0", "python_version": "3.12.3 (main, May 26 2025, 18:50:19) [GCC 13.3.0]"}
2025-06-21 12:58:35 | INFO     | Frontend | info:76 | Initialized session state | Context: {"current_step": 0}
2025-06-21 12:58:39 | INFO     | QA-Suite | user_action:150 | USER ACTION: entered_website_url | Context: {"url": "123"}
2025-06-21 12:58:39 | INFO     | QA-Suite | step:108 | STEP [1/7] Enter Website URL | Context: {"url": "123"}
2025-06-21 12:58:43 | INFO     | QA-Suite | user_action:150 | USER ACTION: uploaded_js_file | Context: {"filename": "geneconnectRecord.js", "file_size": 7232}
2025-06-21 12:58:43 | INFO     | QA-Suite | step:108 | STEP [2/7] Upload JS File | Context: {"filename": "geneconnectRecord.js", "file_size": 7232}
2025-06-21 12:58:54 | INFO     | QA-Suite | user_action:150 | USER ACTION: clicked_generate_test_ideas | Context: {"functionality": "Generate test cases for login and first form"}
2025-06-21 12:59:05 | INFO     | QA-Suite | api_call:124 | API POST /generate_test_ideas | Status: 200 | Time: 11.07s | Context: {"functionality": "Generate test cases for login and first form", "js_content_length": 7232}
2025-06-21 12:59:05 | INFO     | QA-Suite | performance:157 | PERFORMANCE test_ideas_generation_ui | Duration: 11.07s | Context: {"functionality": "Generate test cases for login and first form", "test_ideas_count": 20}
2025-06-21 12:59:05 | INFO     | QA-Suite | step:108 | STEP [3/7] Generate Test Ideas | Context: {"functionality": "Generate test cases for login and first form", "test_ideas_count": 20}
2025-06-21 12:59:30 | INFO     | QA-Suite | user_action:150 | USER ACTION: clicked_generate_script | Context: {"selected_tests_count": 20, "selected_tests": ["Verify successful navigation to the login page URL.", "Test successful user login with valid credentials.", "Test login attempt with an invalid username.", "Test login attempt with an invalid password.", "Test login attempt with empty username and password, verify submit button state.", "Test login attempt with empty username, verify submit button state.", "Test login attempt with empty password, verify submit button state.", "Verify successful navigation to the dashboard/home page after login.", "Test scenario: 'New Chat' button appears and is successfully clicked, verifying navigation.", "Test scenario: 'New Chat' button does not appear, verifying flow continues to the first form.", "Verify successful navigation to the first patient information form.", "Test successful submission of the first form with all valid required fields (First Name, Last Name, DOB, Gender).", "Attempt to submit the first form with an empty First Name, verify 'Next' button state.", "Attempt to submit the first form with an empty Last Name, verify 'Next' button state.", "Attempt to submit the first form with an empty Date of Birth (age), verify 'Next' button state.", "Attempt to submit the first form without selecting Gender, verify 'Next' button state.", "Test Date of Birth selection functionality: selecting year, month, and day.", "Test Gender selection functionality (Male/Female).", "Verify that the 'Next' button is enabled only when all required fields (First Name, Last Name, DOB, Gender) are filled.", "Test submitting the first form with a Date of Birth that results in an invalid age (e.g., future date or below minimum)."]}
2025-06-21 13:00:33 | INFO     | QA-Suite | api_call:124 | API POST /generate_script | Status: 200 | Time: 62.19s | Context: {"website_url": "123", "selected_tests_count": 20}
2025-06-21 13:00:33 | INFO     | QA-Suite | performance:157 | PERFORMANCE script_generation_ui | Duration: 62.19s | Context: {"selected_tests_count": 20, "script_length": 20515}
2025-06-21 13:00:33 | INFO     | QA-Suite | step:108 | STEP [4/7] Generate Script | Context: {"selected_tests_count": 20, "script_length": 20515}
2025-06-21 13:00:39 | INFO     | QA-Suite | user_action:150 | USER ACTION: clicked_run_script | Context: {"script_length": 20515}
2025-06-21 13:02:56 | INFO     | QA-Suite | api_call:124 | API POST /run_script | Status: 200 | Time: 137.38s | Context: {"script_length": 20515}
2025-06-21 13:02:56 | INFO     | QA-Suite | performance:157 | PERFORMANCE script_execution_ui | Duration: 137.38s | Context: {"script_length": 20515}
2025-06-21 13:02:56 | INFO     | QA-Suite | step:108 | STEP [6/7] Run Tests | Context: {"logs_count": 20, "stats": {"failed": 14, "passed": 6, "total": 20}}
2025-06-21 13:02:56 | INFO     | QA-Suite | user_action:150 | USER ACTION: downloaded_results | Context: {"script_length": 20515, "logs_count": 20}
2025-06-21 13:02:56 | INFO     | QA-Suite | step:108 | STEP [7/7] Download Results | Context: {"script_length": 20515, "logs_count": 20}
