2025-06-23 09:45:30 | INFO     | Frontend | info:76 | Starting QA-Suite Frontend | Context: {"streamlit_version": "1.24.0", "python_version": "3.12.3 (main, May 26 2025, 18:50:19) [GCC 13.3.0]"}
2025-06-23 09:45:30 | INFO     | Frontend | info:76 | Initialized session state | Context: {"current_step": 0}
2025-06-23 09:45:42 | INFO     | QA-Suite | user_action:150 | USER ACTION: entered_website_url | Context: {"url": "https://geneconnectdoctor.shorthills.ai/login"}
2025-06-23 09:45:42 | INFO     | QA-Suite | step:108 | STEP [1/7] Enter Website URL | Context: {"url": "https://geneconnectdoctor.shorthills.ai/login"}
2025-06-23 09:45:52 | INFO     | QA-Suite | user_action:150 | USER ACTION: uploaded_js_file | Context: {"filename": "geneconnect 2 copy.js", "file_size": 4672}
2025-06-23 09:45:52 | INFO     | QA-Suite | step:108 | STEP [2/7] Upload JS File | Context: {"filename": "geneconnect 2 copy.js", "file_size": 4672}
2025-06-23 09:46:11 | INFO     | QA-Suite | user_action:150 | USER ACTION: clicked_generate_test_ideas | Context: {"functionality": "Generate Test cases for login and forms"}
2025-06-23 09:46:26 | INFO     | QA-Suite | api_call:124 | API POST /generate_test_ideas | Status: 200 | Time: 15.46s | Context: {"functionality": "Generate Test cases for login and forms", "js_content_length": 4672}
2025-06-23 09:46:26 | INFO     | QA-Suite | performance:157 | PERFORMANCE test_ideas_generation_ui | Duration: 15.46s | Context: {"functionality": "Generate Test cases for login and forms", "test_ideas_count": 20}
2025-06-23 09:46:26 | INFO     | QA-Suite | step:108 | STEP [3/7] Generate Test Ideas | Context: {"functionality": "Generate Test cases for login and forms", "test_ideas_count": 20}
2025-06-23 09:47:16 | INFO     | QA-Suite | user_action:150 | USER ACTION: clicked_generate_script | Context: {"selected_tests_count": 20, "selected_tests": ["Verify successful user login with valid credentials.", "Verify login button remains disabled or URL does not change when username field is empty.", "Verify login button remains disabled or URL does not change when password field is empty.", "Verify login button remains disabled or URL does not change when both username and password fields are empty.", "Verify user remains on login page after attempting login with invalid username and valid password.", "Verify user remains on login page after attempting login with valid username and invalid password.", "Verify user is redirected to the dashboard/main application after successful login.", "Verify successful submission of Patient Information form with all required fields filled.", "Verify 'Next' button is disabled when First Name is empty in Patient Information form.", "Verify 'Next' button is disabled when Last Name is empty in Patient Information form.", "Verify 'Next' button is disabled when Date of Birth is empty in Patient Information form.", "Verify 'Next' button is disabled when Gender is not selected in Patient Information form.", "Verify 'Next' button is disabled when Adoption Status is not selected in Patient Information form.", "Verify Age field auto-populates correctly after entering Date of Birth in Patient Information form.", "Verify navigation to Medical History form after successful Patient Information form submission.", "Verify successful submission of Medical History form with Diabetes checkbox selected.", "Verify successful submission of Medical History form with Asthma checkbox selected.", "Verify successful submission of Medical History form with both Diabetes and Asthma checkboxes selected.", "Verify successful submission of Medical History form with no medical conditions selected.", "Verify successful logout redirects user to the login page."]}
2025-06-23 09:48:18 | INFO     | QA-Suite | api_call:124 | API POST /generate_script | Status: 200 | Time: 61.43s | Context: {"website_url": "https://geneconnectdoctor.shorthills.ai/login", "selected_tests_count": 20}
2025-06-23 09:48:18 | INFO     | QA-Suite | performance:157 | PERFORMANCE script_generation_ui | Duration: 61.43s | Context: {"selected_tests_count": 20, "script_length": 18529}
2025-06-23 09:48:18 | INFO     | QA-Suite | step:108 | STEP [4/7] Generate Script | Context: {"selected_tests_count": 20, "script_length": 18529}
2025-06-23 09:52:12 | INFO     | QA-Suite | user_action:150 | USER ACTION: clicked_run_script | Context: {"script_length": 18529}
2025-06-23 09:55:24 | INFO     | QA-Suite | api_call:124 | API POST /run_script | Status: 200 | Time: 192.60s | Context: {"script_length": 18529}
2025-06-23 09:55:24 | INFO     | QA-Suite | performance:157 | PERFORMANCE script_execution_ui | Duration: 192.60s | Context: {"script_length": 18529}
2025-06-23 09:55:24 | INFO     | QA-Suite | step:108 | STEP [6/7] Run Tests | Context: {"logs_count": 20, "stats": {"failed": 5, "passed": 15, "success_rate": "75.0%", "total": 20}}
2025-06-23 09:55:24 | INFO     | QA-Suite | user_action:150 | USER ACTION: downloaded_results | Context: {"script_length": 18529, "logs_count": 20}
2025-06-23 09:55:24 | INFO     | QA-Suite | step:108 | STEP [7/7] Download Results | Context: {"script_length": 18529, "logs_count": 20}
2025-06-23 10:03:53 | INFO     | QA-Suite | user_action:150 | USER ACTION: entered_website_url | Context: {"url": "https://valueinsightpro.jumpiq.com/auth/login?redirect=/"}
2025-06-23 10:03:53 | INFO     | QA-Suite | step:108 | STEP [1/7] Enter Website URL | Context: {"url": "https://valueinsightpro.jumpiq.com/auth/login?redirect=/"}
2025-06-23 10:03:59 | INFO     | QA-Suite | user_action:150 | USER ACTION: uploaded_js_file | Context: {"filename": "jumpIQ_basic.js", "file_size": 2338}
2025-06-23 10:03:59 | INFO     | QA-Suite | step:108 | STEP [2/7] Upload JS File | Context: {"filename": "jumpIQ_basic.js", "file_size": 2338}
2025-06-23 10:04:20 | INFO     | QA-Suite | user_action:150 | USER ACTION: clicked_generate_test_ideas | Context: {"functionality": "Generate Test cases for Login; otp and further navigation"}
2025-06-23 10:04:29 | INFO     | QA-Suite | api_call:124 | API POST /generate_test_ideas | Status: 200 | Time: 9.24s | Context: {"functionality": "Generate Test cases for Login; otp and further navigation", "js_content_length": 2338}
2025-06-23 10:04:29 | INFO     | QA-Suite | performance:157 | PERFORMANCE test_ideas_generation_ui | Duration: 9.24s | Context: {"functionality": "Generate Test cases for Login; otp and further navigation", "test_ideas_count": 20}
2025-06-23 10:04:29 | INFO     | QA-Suite | step:108 | STEP [3/7] Generate Test Ideas | Context: {"functionality": "Generate Test cases for Login; otp and further navigation", "test_ideas_count": 20}
2025-06-23 10:06:30 | INFO     | QA-Suite | user_action:150 | USER ACTION: entered_website_url | Context: {"url": "https://valueinsightpro.jumpiq.com/auth/login?redirect=/"}
2025-06-23 10:06:30 | INFO     | QA-Suite | step:108 | STEP [1/7] Enter Website URL | Context: {"url": "https://valueinsightpro.jumpiq.com/auth/login?redirect=/"}
2025-06-23 10:06:33 | INFO     | QA-Suite | user_action:150 | USER ACTION: uploaded_js_file | Context: {"filename": "jumpIQ_basic.js", "file_size": 2413}
2025-06-23 10:06:33 | INFO     | QA-Suite | step:108 | STEP [2/7] Upload JS File | Context: {"filename": "jumpIQ_basic.js", "file_size": 2413}
2025-06-23 10:06:57 | INFO     | QA-Suite | user_action:150 | USER ACTION: clicked_generate_test_ideas | Context: {"functionality": "Make test cases for Login ; OTP and further navigation"}
2025-06-23 10:07:08 | INFO     | QA-Suite | api_call:124 | API POST /generate_test_ideas | Status: 200 | Time: 10.44s | Context: {"functionality": "Make test cases for Login ; OTP and further navigation", "js_content_length": 2413}
2025-06-23 10:07:08 | INFO     | QA-Suite | performance:157 | PERFORMANCE test_ideas_generation_ui | Duration: 10.44s | Context: {"functionality": "Make test cases for Login ; OTP and further navigation", "test_ideas_count": 20}
2025-06-23 10:07:08 | INFO     | QA-Suite | step:108 | STEP [3/7] Generate Test Ideas | Context: {"functionality": "Make test cases for Login ; OTP and further navigation", "test_ideas_count": 20}
2025-06-23 10:08:18 | INFO     | QA-Suite | user_action:150 | USER ACTION: clicked_generate_script | Context: {"selected_tests_count": 20, "selected_tests": ["Verify successful login with valid credentials and accepted Terms & Conditions.", "Verify login button is disabled when company email field is empty.", "Verify login button is disabled when password field is empty.", "Verify login button is disabled when both email and password fields are empty.", "Verify login button is disabled when Terms & Conditions checkbox is not checked.", "Verify login page remains on current URL after submitting with an invalid email format.", "Verify login page remains on current URL after submitting with an incorrect password.", "Verify login page remains on current URL after submitting with a non-existent email.", "Verify navigation to the OTP verification page after successful login.", "Verify successful OTP submission with a valid OTP.", "Verify OTP submit button is disabled when all OTP fields are empty.", "Verify OTP submit button is disabled when some OTP fields are empty.", "Verify OTP page remains on current URL after submitting with an incorrect OTP.", "Verify OTP input fields only accept numeric characters.", "Verify OTP input fields enforce maximum digit length per field.", "Verify navigation to the dashboard/home page after successful OTP verification.", "Verify successful navigation after clicking 'Instant Report' and selecting a company.", "Verify 'Next' button is disabled before a company is selected from the dropdown.", "Verify 'Next' button becomes enabled after a company is selected from the dropdown.", "Verify page scrolls down after clicking 'Next' and navigating to the report generation page."]}
2025-06-23 10:09:01 | INFO     | QA-Suite | api_call:124 | API POST /generate_script | Status: 200 | Time: 43.32s | Context: {"website_url": "https://valueinsightpro.jumpiq.com/auth/login?redirect=/", "selected_tests_count": 20}
2025-06-23 10:09:01 | INFO     | QA-Suite | performance:157 | PERFORMANCE script_generation_ui | Duration: 43.32s | Context: {"selected_tests_count": 20, "script_length": 18001}
2025-06-23 10:09:01 | INFO     | QA-Suite | step:108 | STEP [4/7] Generate Script | Context: {"selected_tests_count": 20, "script_length": 18001}
2025-06-23 10:09:05 | INFO     | QA-Suite | user_action:150 | USER ACTION: clicked_run_script | Context: {"script_length": 18001}
2025-06-23 10:12:03 | INFO     | QA-Suite | api_call:124 | API POST /run_script | Status: 200 | Time: 178.12s | Context: {"script_length": 18001}
2025-06-23 10:12:03 | INFO     | QA-Suite | performance:157 | PERFORMANCE script_execution_ui | Duration: 178.12s | Context: {"script_length": 18001}
2025-06-23 10:12:03 | INFO     | QA-Suite | step:108 | STEP [6/7] Run Tests | Context: {"logs_count": 20, "stats": {"failed": 16, "passed": 4, "success_rate": "20.0%", "total": 20}}
2025-06-23 10:12:03 | INFO     | QA-Suite | user_action:150 | USER ACTION: downloaded_results | Context: {"script_length": 18001, "logs_count": 20}
2025-06-23 10:12:03 | INFO     | QA-Suite | step:108 | STEP [7/7] Download Results | Context: {"script_length": 18001, "logs_count": 20}
2025-06-23 10:19:51 | INFO     | QA-Suite | user_action:150 | USER ACTION: entered_website_url | Context: {"url": "https://valueinsightpro.jumpiq.com/auth/login?redirect=/"}
2025-06-23 10:19:51 | INFO     | QA-Suite | step:108 | STEP [1/7] Enter Website URL | Context: {"url": "https://valueinsightpro.jumpiq.com/auth/login?redirect=/"}
2025-06-23 10:19:54 | INFO     | QA-Suite | user_action:150 | USER ACTION: uploaded_js_file | Context: {"filename": "jumpIQ_basic.js", "file_size": 2413}
2025-06-23 10:19:54 | INFO     | QA-Suite | step:108 | STEP [2/7] Upload JS File | Context: {"filename": "jumpIQ_basic.js", "file_size": 2413}
2025-06-23 10:20:01 | INFO     | QA-Suite | user_action:150 | USER ACTION: clicked_generate_test_ideas | Context: {"functionality": "Make test cases for Login; OTP and further navigation"}
2025-06-23 10:20:17 | INFO     | QA-Suite | api_call:124 | API POST /generate_test_ideas | Status: 200 | Time: 15.57s | Context: {"functionality": "Make test cases for Login; OTP and further navigation", "js_content_length": 2413}
2025-06-23 10:20:17 | INFO     | QA-Suite | performance:157 | PERFORMANCE test_ideas_generation_ui | Duration: 15.57s | Context: {"functionality": "Make test cases for Login; OTP and further navigation", "test_ideas_count": 20}
2025-06-23 10:20:17 | INFO     | QA-Suite | step:108 | STEP [3/7] Generate Test Ideas | Context: {"functionality": "Make test cases for Login; OTP and further navigation", "test_ideas_count": 20}
2025-06-23 10:20:19 | INFO     | QA-Suite | user_action:150 | USER ACTION: clicked_generate_script | Context: {"selected_tests_count": 20, "selected_tests": ["Verify successful login with valid credentials and accepted Terms & Conditions.", "Verify login button state when company email field is empty.", "Verify login button state when password field is empty.", "Verify login button state when both company email and password fields are empty.", "Verify login attempt does not proceed when Terms & Conditions are not accepted.", "Verify login failure with an unregistered company email.", "Verify login failure with an incorrect password for a registered email.", "Verify navigation to the OTP verification page upon successful login.", "Verify successful OTP submission with all valid digits entered.", "Verify OTP submit button state when all OTP fields are empty.", "Verify OTP submit button state when some OTP fields are incomplete.", "Verify OTP submission failure with incorrect OTP digits.", "Verify OTP input fields restrict non-numeric character entry.", "Verify navigation to the main application dashboard after successful OTP verification.", "Verify successful navigation to the report generation flow upon clicking 'Instant Report' card.", "Verify successful selection of a company from the dropdown menu.", "Verify 'Next' button state before a company is selected from the dropdown.", "Verify successful navigation to the report configuration screen after company selection and clicking 'Next'.", "Verify page content scrolls down on the report configuration screen.", "Verify the selected company name is reflected on the subsequent report configuration page."]}
2025-06-23 10:21:17 | INFO     | QA-Suite | api_call:124 | API POST /generate_script | Status: 500 | Time: 57.91s | Context: {"website_url": "https://valueinsightpro.jumpiq.com/auth/login?redirect=/", "selected_tests_count": 20}
2025-06-23 10:21:17 | INFO     | QA-Suite | performance:157 | PERFORMANCE script_generation_ui | Duration: 57.92s | Context: {"selected_tests_count": 20, "script_length": 25}
2025-06-23 10:21:31 | INFO     | QA-Suite | user_action:150 | USER ACTION: clicked_generate_script | Context: {"selected_tests_count": 20, "selected_tests": ["Verify successful login with valid credentials and accepted Terms & Conditions.", "Verify login button state when company email field is empty.", "Verify login button state when password field is empty.", "Verify login button state when both company email and password fields are empty.", "Verify login attempt does not proceed when Terms & Conditions are not accepted.", "Verify login failure with an unregistered company email.", "Verify login failure with an incorrect password for a registered email.", "Verify navigation to the OTP verification page upon successful login.", "Verify successful OTP submission with all valid digits entered.", "Verify OTP submit button state when all OTP fields are empty.", "Verify OTP submit button state when some OTP fields are incomplete.", "Verify OTP submission failure with incorrect OTP digits.", "Verify OTP input fields restrict non-numeric character entry.", "Verify navigation to the main application dashboard after successful OTP verification.", "Verify successful navigation to the report generation flow upon clicking 'Instant Report' card.", "Verify successful selection of a company from the dropdown menu.", "Verify 'Next' button state before a company is selected from the dropdown.", "Verify successful navigation to the report configuration screen after company selection and clicking 'Next'.", "Verify page content scrolls down on the report configuration screen.", "Verify the selected company name is reflected on the subsequent report configuration page."]}
