2025-06-21 14:10:50 | INFO     | Frontend | info:76 | Starting QA-Suite Frontend | Context: {"streamlit_version": "1.24.0", "python_version": "3.12.3 (main, May 26 2025, 18:50:19) [GCC 13.3.0]"}
2025-06-21 14:10:50 | INFO     | Frontend | info:76 | Initialized session state | Context: {"current_step": 0}
2025-06-21 14:10:51 | INFO     | QA-Suite | user_action:150 | USER ACTION: entered_website_url | Context: {"url": "123"}
2025-06-21 14:10:51 | INFO     | QA-Suite | step:108 | STEP [1/7] Enter Website URL | Context: {"url": "123"}
2025-06-21 14:10:51 | INFO     | QA-Suite | user_action:150 | USER ACTION: entered_website_url | Context: {"url": "123"}
2025-06-21 14:10:51 | INFO     | QA-Suite | step:108 | STEP [1/7] Enter Website URL | Context: {"url": "123"}
2025-06-21 14:11:01 | INFO     | QA-Suite | user_action:150 | USER ACTION: entered_website_url | Context: {"url": "123"}
2025-06-21 14:11:01 | INFO     | QA-Suite | step:108 | STEP [1/7] Enter Website URL | Context: {"url": "123"}
2025-06-21 14:11:05 | INFO     | QA-Suite | user_action:150 | USER ACTION: uploaded_js_file | Context: {"filename": "geneconnectRecord.js", "file_size": 7465}
2025-06-21 14:11:05 | INFO     | QA-Suite | step:108 | STEP [2/7] Upload JS File | Context: {"filename": "geneconnectRecord.js", "file_size": 7465}
2025-06-21 14:12:07 | INFO     | QA-Suite | user_action:150 | USER ACTION: clicked_generate_test_ideas | Context: {"functionality": "test for login page and form 1"}
2025-06-21 14:12:14 | INFO     | QA-Suite | api_call:124 | API POST /generate_test_ideas | Status: 200 | Time: 7.35s | Context: {"functionality": "test for login page and form 1", "js_content_length": 2615}
2025-06-21 14:12:14 | INFO     | QA-Suite | performance:157 | PERFORMANCE test_ideas_generation_ui | Duration: 7.35s | Context: {"functionality": "test for login page and form 1", "test_ideas_count": 20}
2025-06-21 14:12:14 | INFO     | QA-Suite | step:108 | STEP [3/7] Generate Test Ideas | Context: {"functionality": "test for login page and form 1", "test_ideas_count": 20}
2025-06-21 14:12:51 | INFO     | QA-Suite | user_action:150 | USER ACTION: clicked_generate_script | Context: {"selected_tests_count": 20, "selected_tests": ["Verify successful login with valid username and password.", "Verify login failure with invalid username.", "Verify login failure with invalid password.", "Verify login failure with empty username field.", "Verify login failure with empty password field.", "Verify login failure with both username and password fields empty.", "Verify Submit button is disabled when username field is empty.", "Verify Submit button is disabled when password field is empty.", "Verify Submit button is disabled when both username and password fields are empty.", "Verify navigation to the dashboard/next page after successful login.", "Verify 'New Chat' button is clicked and navigation proceeds when present.", "Verify flow continues correctly when 'New Chat' button is not present.", "Verify successful submission of First Form with all mandatory fields filled.", "Verify 'Next' button is disabled when Gender is not selected in First Form.", "Verify 'Next' button is disabled when Age is not entered in First Form.", "Verify 'Next' button is disabled when both Gender and Age are missing in First Form.", "Verify successful submission of First Form with all personal details filled.", "Verify navigation to Medical History form after submitting First Form.", "Verify successful submission of Medical History form with selected conditions.", "Verify successful submission of Medical History form without selecting any conditions."]}
2025-06-21 14:13:38 | INFO     | QA-Suite | api_call:124 | API POST /generate_script | Status: 200 | Time: 46.45s | Context: {"website_url": "123", "selected_tests_count": 20}
2025-06-21 14:13:38 | INFO     | QA-Suite | performance:157 | PERFORMANCE script_generation_ui | Duration: 46.45s | Context: {"selected_tests_count": 20, "script_length": 16877}
2025-06-21 14:13:38 | INFO     | QA-Suite | step:108 | STEP [4/7] Generate Script | Context: {"selected_tests_count": 20, "script_length": 16877}
2025-06-21 14:13:48 | INFO     | QA-Suite | user_action:150 | USER ACTION: clicked_run_script | Context: {"script_length": 16877}
2025-06-21 14:17:42 | INFO     | QA-Suite | api_call:124 | API POST /run_script | Status: 200 | Time: 233.27s | Context: {"script_length": 16877}
2025-06-21 14:17:42 | INFO     | QA-Suite | performance:157 | PERFORMANCE script_execution_ui | Duration: 233.27s | Context: {"script_length": 16877}
2025-06-21 14:17:42 | INFO     | QA-Suite | step:108 | STEP [6/7] Run Tests | Context: {"logs_count": 15, "stats": {"failed": 12, "passed": 3, "total": 15}}
2025-06-21 14:17:42 | INFO     | QA-Suite | user_action:150 | USER ACTION: downloaded_results | Context: {"script_length": 16877, "logs_count": 15}
2025-06-21 14:17:42 | INFO     | QA-Suite | step:108 | STEP [7/7] Download Results | Context: {"script_length": 16877, "logs_count": 15}
2025-06-21 14:32:12 | INFO     | QA-Suite | user_action:150 | USER ACTION: entered_website_url | Context: {"url": "123"}
2025-06-21 14:32:12 | INFO     | QA-Suite | step:108 | STEP [1/7] Enter Website URL | Context: {"url": "123"}
2025-06-21 15:00:46 | INFO     | QA-Suite | user_action:150 | USER ACTION: uploaded_js_file | Context: {"filename": "geneconnect 2.js", "file_size": 3054}
2025-06-21 15:00:46 | INFO     | QA-Suite | step:108 | STEP [2/7] Upload JS File | Context: {"filename": "geneconnect 2.js", "file_size": 3054}
2025-06-21 15:01:06 | INFO     | QA-Suite | user_action:150 | USER ACTION: clicked_generate_test_ideas | Context: {"functionality": "make test cases for login and first form"}
2025-06-21 15:01:18 | INFO     | QA-Suite | api_call:124 | API POST /generate_test_ideas | Status: 200 | Time: 12.69s | Context: {"functionality": "make test cases for login and first form", "js_content_length": 3054}
2025-06-21 15:01:18 | INFO     | QA-Suite | performance:157 | PERFORMANCE test_ideas_generation_ui | Duration: 12.69s | Context: {"functionality": "make test cases for login and first form", "test_ideas_count": 20}
2025-06-21 15:01:18 | INFO     | QA-Suite | step:108 | STEP [3/7] Generate Test Ideas | Context: {"functionality": "make test cases for login and first form", "test_ideas_count": 20}
2025-06-21 15:01:21 | INFO     | QA-Suite | user_action:150 | USER ACTION: clicked_generate_script | Context: {"selected_tests_count": 20, "selected_tests": ["Verify login page loads successfully.", "Test successful login with valid username and password.", "Attempt login with empty username field and verify no navigation occurs.", "Attempt login with empty password field and verify no navigation occurs.", "Attempt login with both username and password fields empty and verify no navigation occurs.", "Attempt login with an invalid username and verify no navigation occurs.", "Attempt login with an invalid password and verify no navigation occurs.", "Attempt login with invalid username and invalid password and verify no navigation occurs.", "Verify username input field accepts alphanumeric characters.", "Verify password input field accepts alphanumeric characters and masks input.", "Verify 'Submit' button is disabled when mandatory login fields are empty.", "Verify 'New Chat' button appears and is clickable after successful login (if present).", "Verify navigation to the first form after successful login.", "Test successful submission of the first form with all valid mandatory and optional fields.", "Attempt to submit the first form with an empty First Name field and verify no navigation occurs.", "Attempt to submit the first form with an empty Last Name field and verify no navigation occurs.", "Attempt to submit the first form with an empty Date of Birth field and verify no navigation occurs.", "Attempt to submit the first form without selecting a Gender and verify no navigation occurs.", "Verify Date of Birth field accepts valid date format (dd/mm/yyyy).", "Verify 'Next' button becomes enabled only when all mandatory fields (First Name, Last Name, DOB, Gender) are filled."]}
2025-06-21 15:01:45 | INFO     | QA-Suite | performance:157 | PERFORMANCE script_generation_ui | Duration: 23.89s | Context: {"selected_tests_count": 20, "script_length": 25}
2025-06-21 15:02:03 | INFO     | QA-Suite | user_action:150 | USER ACTION: clicked_generate_script | Context: {"selected_tests_count": 20, "selected_tests": ["Verify login page loads successfully.", "Test successful login with valid username and password.", "Attempt login with empty username field and verify no navigation occurs.", "Attempt login with empty password field and verify no navigation occurs.", "Attempt login with both username and password fields empty and verify no navigation occurs.", "Attempt login with an invalid username and verify no navigation occurs.", "Attempt login with an invalid password and verify no navigation occurs.", "Attempt login with invalid username and invalid password and verify no navigation occurs.", "Verify username input field accepts alphanumeric characters.", "Verify password input field accepts alphanumeric characters and masks input.", "Verify 'Submit' button is disabled when mandatory login fields are empty.", "Verify 'New Chat' button appears and is clickable after successful login (if present).", "Verify navigation to the first form after successful login.", "Test successful submission of the first form with all valid mandatory and optional fields.", "Attempt to submit the first form with an empty First Name field and verify no navigation occurs.", "Attempt to submit the first form with an empty Last Name field and verify no navigation occurs.", "Attempt to submit the first form with an empty Date of Birth field and verify no navigation occurs.", "Attempt to submit the first form without selecting a Gender and verify no navigation occurs.", "Verify Date of Birth field accepts valid date format (dd/mm/yyyy).", "Verify 'Next' button becomes enabled only when all mandatory fields (First Name, Last Name, DOB, Gender) are filled."]}
2025-06-21 15:02:03 | INFO     | QA-Suite | performance:157 | PERFORMANCE script_generation_ui | Duration: 0.00s | Context: {"selected_tests_count": 20, "script_length": 25}
2025-06-21 15:02:04 | INFO     | QA-Suite | user_action:150 | USER ACTION: clicked_generate_script | Context: {"selected_tests_count": 20, "selected_tests": ["Verify login page loads successfully.", "Test successful login with valid username and password.", "Attempt login with empty username field and verify no navigation occurs.", "Attempt login with empty password field and verify no navigation occurs.", "Attempt login with both username and password fields empty and verify no navigation occurs.", "Attempt login with an invalid username and verify no navigation occurs.", "Attempt login with an invalid password and verify no navigation occurs.", "Attempt login with invalid username and invalid password and verify no navigation occurs.", "Verify username input field accepts alphanumeric characters.", "Verify password input field accepts alphanumeric characters and masks input.", "Verify 'Submit' button is disabled when mandatory login fields are empty.", "Verify 'New Chat' button appears and is clickable after successful login (if present).", "Verify navigation to the first form after successful login.", "Test successful submission of the first form with all valid mandatory and optional fields.", "Attempt to submit the first form with an empty First Name field and verify no navigation occurs.", "Attempt to submit the first form with an empty Last Name field and verify no navigation occurs.", "Attempt to submit the first form with an empty Date of Birth field and verify no navigation occurs.", "Attempt to submit the first form without selecting a Gender and verify no navigation occurs.", "Verify Date of Birth field accepts valid date format (dd/mm/yyyy).", "Verify 'Next' button becomes enabled only when all mandatory fields (First Name, Last Name, DOB, Gender) are filled."]}
2025-06-21 15:02:04 | INFO     | QA-Suite | performance:157 | PERFORMANCE script_generation_ui | Duration: 0.00s | Context: {"selected_tests_count": 20, "script_length": 25}
2025-06-21 15:02:18 | INFO     | QA-Suite | user_action:150 | USER ACTION: entered_website_url | Context: {"url": "123"}
2025-06-21 15:02:18 | INFO     | QA-Suite | step:108 | STEP [1/7] Enter Website URL | Context: {"url": "123"}
2025-06-21 15:02:21 | INFO     | QA-Suite | user_action:150 | USER ACTION: uploaded_js_file | Context: {"filename": "geneconnect 2.js", "file_size": 3054}
2025-06-21 15:02:21 | INFO     | QA-Suite | step:108 | STEP [2/7] Upload JS File | Context: {"filename": "geneconnect 2.js", "file_size": 3054}
2025-06-21 15:02:54 | INFO     | QA-Suite | user_action:150 | USER ACTION: clicked_generate_test_ideas | Context: {"functionality": "generate test cases for login  n first form"}
2025-06-21 15:02:54 | INFO     | QA-Suite | performance:157 | PERFORMANCE test_ideas_generation_ui | Duration: 0.00s | Context: {"functionality": "generate test cases for login  n first form", "test_ideas_count": 0}
2025-06-21 15:03:01 | INFO     | QA-Suite | user_action:150 | USER ACTION: clicked_generate_test_ideas | Context: {"functionality": "generate test cases for login  n first form"}
2025-06-21 15:03:09 | INFO     | QA-Suite | api_call:124 | API POST /generate_test_ideas | Status: 200 | Time: 8.00s | Context: {"functionality": "generate test cases for login  n first form", "js_content_length": 3054}
2025-06-21 15:03:09 | INFO     | QA-Suite | performance:157 | PERFORMANCE test_ideas_generation_ui | Duration: 8.00s | Context: {"functionality": "generate test cases for login  n first form", "test_ideas_count": 20}
2025-06-21 15:03:09 | INFO     | QA-Suite | step:108 | STEP [3/7] Generate Test Ideas | Context: {"functionality": "generate test cases for login  n first form", "test_ideas_count": 20}
2025-06-21 15:03:11 | INFO     | QA-Suite | user_action:150 | USER ACTION: clicked_generate_script | Context: {"selected_tests_count": 20, "selected_tests": ["Verify successful login with valid credentials.", "Test login with invalid username and valid password.", "Test login with valid username and invalid password.", "Test login with empty username field.", "Test login with empty password field.", "Test login with both username and password fields empty.", "Verify 'Submit' button is disabled when username is empty.", "Verify 'Submit' button is disabled when password is empty.", "Verify 'Submit' button is disabled when both username and password are empty.", "Verify URL remains on login page after failed login attempts.", "Verify 'New Chat' button is clicked if visible after successful login.", "Verify flow continues to the first form if 'New Chat' button is not visible after login.", "Verify successful submission of the first form with all mandatory fields filled.", "Test first form submission with all personal detail fields filled correctly.", "Test first form submission with empty First Name field.", "Test first form submission with empty Last Name field.", "Test first form submission with empty Date of Birth field.", "Test first form submission with empty Age field.", "Test first form submission with Gender not selected.", "Verify 'Next' button is disabled when mandatory fields are empty in the first form."]}
2025-06-21 15:04:18 | INFO     | QA-Suite | api_call:124 | API POST /generate_script | Status: 200 | Time: 66.38s | Context: {"website_url": "123", "selected_tests_count": 20}
2025-06-21 15:04:18 | INFO     | QA-Suite | performance:157 | PERFORMANCE script_generation_ui | Duration: 66.38s | Context: {"selected_tests_count": 20, "script_length": 18781}
2025-06-21 15:04:18 | INFO     | QA-Suite | step:108 | STEP [4/7] Generate Script | Context: {"selected_tests_count": 20, "script_length": 18781}
2025-06-21 15:04:25 | INFO     | QA-Suite | user_action:150 | USER ACTION: clicked_run_script | Context: {"script_length": 18781}
2025-06-21 15:06:23 | INFO     | QA-Suite | api_call:124 | API POST /run_script | Status: 200 | Time: 117.91s | Context: {"script_length": 18781}
2025-06-21 15:06:23 | INFO     | QA-Suite | performance:157 | PERFORMANCE script_execution_ui | Duration: 117.91s | Context: {"script_length": 18781}
2025-06-21 15:06:23 | INFO     | QA-Suite | step:108 | STEP [6/7] Run Tests | Context: {"logs_count": 20, "stats": {"failed": 6, "passed": 14, "total": 20}}
2025-06-21 15:06:23 | INFO     | QA-Suite | user_action:150 | USER ACTION: downloaded_results | Context: {"script_length": 18781, "logs_count": 20}
2025-06-21 15:06:23 | INFO     | QA-Suite | step:108 | STEP [7/7] Download Results | Context: {"script_length": 18781, "logs_count": 20}
2025-06-21 15:24:45 | INFO     | QA-Suite | user_action:150 | USER ACTION: downloaded_results | Context: {"script_length": 18781, "logs_count": 20}
2025-06-21 15:24:45 | INFO     | QA-Suite | step:108 | STEP [7/7] Download Results | Context: {"script_length": 18781, "logs_count": 20}
