2025-06-24 14:39:46 | INFO     | Frontend | info:76 | Starting QA-Suite Frontend | Context: {"streamlit_version": "1.24.0", "python_version": "3.12.3 (main, Jun 18 2025, 17:59:45) [GCC 13.3.0]"}
2025-06-24 14:39:46 | INFO     | Frontend | info:76 | Initialized session state | Context: {"current_step": 0}
2025-06-24 14:40:20 | INFO     | QA-Suite | user_action:150 | USER ACTION: entered_website_url | Context: {"url": "https://digitreetest.shorthills.ai/auth/login"}
2025-06-24 14:40:20 | INFO     | QA-Suite | step:108 | STEP [1/7] Enter Website URL | Context: {"url": "https://digitreetest.shorthills.ai/auth/login"}
2025-06-24 14:40:49 | INFO     | QA-Suite | user_action:150 | USER ACTION: uploaded_js_file | Context: {"filename": "digitree.js", "file_size": 1938}
2025-06-24 14:40:49 | INFO     | QA-Suite | step:108 | STEP [2/7] Upload JS File | Context: {"filename": "digitree.js", "file_size": 1938}
2025-06-24 14:41:06 | INFO     | QA-Suite | user_action:150 | USER ACTION: clicked_generate_test_ideas | Context: {"functionality": "Write test cases for the complete flow."}
2025-06-24 14:41:15 | INFO     | QA-Suite | api_call:124 | API POST /generate_test_ideas | Status: 200 | Time: 9.72s | Context: {"functionality": "Write test cases for the complete flow.", "js_content_length": 1938}
2025-06-24 14:41:15 | INFO     | QA-Suite | performance:157 | PERFORMANCE test_ideas_generation_ui | Duration: 9.73s | Context: {"functionality": "Write test cases for the complete flow.", "test_ideas_count": 20}
2025-06-24 14:41:15 | INFO     | QA-Suite | step:108 | STEP [3/7] Generate Test Ideas | Context: {"functionality": "Write test cases for the complete flow.", "test_ideas_count": 20}
2025-06-24 14:41:20 | INFO     | QA-Suite | user_action:150 | USER ACTION: clicked_generate_script | Context: {"selected_tests_count": 20, "selected_tests": ["Verify successful user login with valid credentials.", "Test login functionality with an invalid username.", "Test login functionality with an invalid password.", "Verify error message when attempting login with empty username field.", "Verify error message when attempting login with empty password field.", "Validate navigation to the dashboard after successful login.", "Verify the presence and functionality of the '+ Upload Image' button.", "Test successful image upload using a valid JPG file.", "Verify the uploaded image is displayed in the gallery/list.", "Test image upload with an unsupported file type (e.g., .txt, .pdf).", "Verify error message when attempting to upload a file exceeding size limits.", "Test submitting the upload form without selecting any file.", "Validate the functionality of the 'View Tree' button after image upload.", "Verify navigation to the 'View Tree' page after clicking the button.", "Test the action icon functionality next to an uploaded image (e.g., edit/delete).", "Verify the user profile dropdown menu opens upon clicking the username.", "Test successful user logout from the application.", "Verify the logout confirmation dialog is displayed.", "Test canceling the logout operation from the confirmation dialog.", "Verify redirection to the login page after successful logout."]}
2025-06-24 14:42:04 | INFO     | QA-Suite | api_call:124 | API POST /generate_script | Status: 200 | Time: 44.24s | Context: {"website_url": "https://digitreetest.shorthills.ai/auth/login", "selected_tests_count": 20}
2025-06-24 14:42:04 | INFO     | QA-Suite | performance:157 | PERFORMANCE script_generation_ui | Duration: 44.24s | Context: {"selected_tests_count": 20, "script_length": 13141}
2025-06-24 14:42:04 | INFO     | QA-Suite | step:108 | STEP [4/7] Generate Script | Context: {"selected_tests_count": 20, "script_length": 13141}
2025-06-24 14:42:09 | INFO     | QA-Suite | user_action:150 | USER ACTION: clicked_run_script | Context: {"script_length": 13141}
2025-06-24 14:42:10 | INFO     | QA-Suite | api_call:124 | API POST /run_script | Status: 400 | Time: 1.05s | Context: {"script_length": 13141}
2025-06-24 14:42:10 | INFO     | QA-Suite | performance:157 | PERFORMANCE script_execution_ui | Duration: 1.05s | Context: {"script_length": 13141}
2025-06-24 14:42:10 | INFO     | QA-Suite | step:108 | STEP [6/7] Run Tests | Context: {"logs_count": 1, "stats": {"passed": 0, "failed": 0, "total": 0}}
2025-06-24 14:42:10 | INFO     | QA-Suite | user_action:150 | USER ACTION: downloaded_results | Context: {"script_length": 13141, "logs_count": 1}
2025-06-24 14:42:10 | INFO     | QA-Suite | step:108 | STEP [7/7] Download Results | Context: {"script_length": 13141, "logs_count": 1}
