2025-06-22 22:33:32 | INFO     | Frontend | info:76 | Starting QA-Suite Frontend | Context: {"streamlit_version": "1.24.0", "python_version": "3.12.3 (main, May 26 2025, 18:50:19) [GCC 13.3.0]"}
2025-06-22 22:33:32 | INFO     | Frontend | info:76 | Initialized session state | Context: {"current_step": 0}
2025-06-22 22:33:36 | INFO     | QA-Suite | user_action:150 | USER ACTION: entered_website_url | Context: {"url": "123"}
2025-06-22 22:33:36 | INFO     | QA-Suite | step:108 | STEP [1/7] Enter Website URL | Context: {"url": "123"}
2025-06-22 22:33:41 | INFO     | QA-Suite | user_action:150 | USER ACTION: uploaded_js_file | Context: {"filename": "geneconnect 2 copy.js", "file_size": 4672}
2025-06-22 22:33:41 | INFO     | QA-Suite | step:108 | STEP [2/7] Upload JS File | Context: {"filename": "geneconnect 2 copy.js", "file_size": 4672}
2025-06-22 22:34:07 | INFO     | QA-Suite | user_action:150 | USER ACTION: clicked_generate_test_ideas | Context: {"functionality": "Generate Test Cases for Login and Form 1"}
2025-06-22 22:34:20 | INFO     | QA-Suite | api_call:124 | API POST /generate_test_ideas | Status: 200 | Time: 12.55s | Context: {"functionality": "Generate Test Cases for Login and Form 1", "js_content_length": 4672}
2025-06-22 22:34:20 | INFO     | QA-Suite | performance:157 | PERFORMANCE test_ideas_generation_ui | Duration: 12.55s | Context: {"functionality": "Generate Test Cases for Login and Form 1", "test_ideas_count": 20}
2025-06-22 22:34:20 | INFO     | QA-Suite | step:108 | STEP [3/7] Generate Test Ideas | Context: {"functionality": "Generate Test Cases for Login and Form 1", "test_ideas_count": 20}
2025-06-22 22:36:08 | INFO     | QA-Suite | user_action:150 | USER ACTION: clicked_generate_script | Context: {"selected_tests_count": 20, "selected_tests": ["Verify successful login redirects to the dashboard.", "Verify username field accepts input.", "Verify password field accepts input and masks characters.", "Verify login button is disabled when username field is empty.", "Verify login button is disabled when password field is empty.", "Verify login button is disabled when both username and password fields are empty.", "Verify URL remains login page when attempting login with empty credentials.", "Verify successful submission of Patient Information Form (Form 1) with all required fields filled.", "Verify navigation to Medical History Form (Form 2) after successful Form 1 submission.", "Verify First Name field accepts input in Form 1.", "Verify Last Name field accepts input in Form 1.", "Verify Date of Birth field accepts input in mm/dd/yyyy format in Form 1.", "Verify Age field auto-populates correctly after entering Date of Birth in Form 1.", "Verify 'Male' gender option can be selected in Form 1.", "Verify 'Unknown' adoption status option can be selected in Form 1.", "Verify 'Next' button is disabled when First Name field is empty in Form 1.", "Verify 'Next' button is disabled when Last Name field is empty in Form 1.", "Verify 'Next' button is disabled when Date of Birth field is empty in Form 1.", "Verify 'Next' button is disabled when Gender is not selected in Form 1.", "Verify 'Next' button is disabled when Adoption Status is not selected in Form 1."]}
2025-06-22 22:37:09 | INFO     | QA-Suite | api_call:124 | API POST /generate_script | Status: 200 | Time: 60.67s | Context: {"website_url": "123", "selected_tests_count": 20}
2025-06-22 22:37:09 | INFO     | QA-Suite | performance:157 | PERFORMANCE script_generation_ui | Duration: 60.67s | Context: {"selected_tests_count": 20, "script_length": 14567}
2025-06-22 22:37:09 | INFO     | QA-Suite | step:108 | STEP [4/7] Generate Script | Context: {"selected_tests_count": 20, "script_length": 14567}
2025-06-22 22:37:32 | INFO     | QA-Suite | user_action:150 | USER ACTION: clicked_run_script | Context: {"script_length": 14567}
2025-06-22 22:38:36 | INFO     | QA-Suite | api_call:124 | API POST /run_script | Status: 200 | Time: 64.61s | Context: {"script_length": 14567}
2025-06-22 22:38:36 | INFO     | QA-Suite | performance:157 | PERFORMANCE script_execution_ui | Duration: 64.61s | Context: {"script_length": 14567}
2025-06-22 22:38:36 | INFO     | QA-Suite | step:108 | STEP [6/7] Run Tests | Context: {"logs_count": 20, "stats": {"errors": 0, "failed": 14, "passed": 6, "success_rate": "30.0%", "total": 20}}
2025-06-22 22:38:36 | INFO     | QA-Suite | user_action:150 | USER ACTION: downloaded_results | Context: {"script_length": 14567, "logs_count": 20}
2025-06-22 22:38:36 | INFO     | QA-Suite | step:108 | STEP [7/7] Download Results | Context: {"script_length": 14567, "logs_count": 20}
