2025-06-23 22:29:59 | INFO     | Frontend | info:76 | Starting QA-Suite Frontend | Context: {"streamlit_version": "1.24.0", "python_version": "3.12.3 (main, May 26 2025, 18:50:19) [GCC 13.3.0]"}
2025-06-23 22:29:59 | INFO     | Frontend | info:76 | Initialized session state | Context: {"current_step": 0}
2025-06-23 22:30:06 | INFO     | QA-Suite | user_action:150 | USER ACTION: entered_website_url | Context: {"url": "https://valueinsightpro.jumpiq.com/auth/login"}
2025-06-23 22:30:06 | INFO     | QA-Suite | step:108 | STEP [1/7] Enter Website URL | Context: {"url": "https://valueinsightpro.jumpiq.com/auth/login"}
2025-06-23 22:30:09 | INFO     | QA-Suite | user_action:150 | USER ACTION: uploaded_js_file | Context: {"filename": "jump_full_flow.js", "file_size": 10540}
2025-06-23 22:30:09 | INFO     | QA-Suite | step:108 | STEP [2/7] Upload JS File | Context: {"filename": "jump_full_flow.js", "file_size": 10540}
2025-06-23 22:30:15 | INFO     | QA-Suite | user_action:150 | USER ACTION: clicked_generate_test_ideas | Context: {"functionality": "For full flow"}
2025-06-23 22:30:28 | INFO     | QA-Suite | api_call:124 | API POST /generate_test_ideas | Status: 200 | Time: 12.74s | Context: {"functionality": "For full flow", "js_content_length": 10540}
2025-06-23 22:30:28 | INFO     | QA-Suite | performance:157 | PERFORMANCE test_ideas_generation_ui | Duration: 12.74s | Context: {"functionality": "For full flow", "test_ideas_count": 20}
2025-06-23 22:30:28 | INFO     | QA-Suite | step:108 | STEP [3/7] Generate Test Ideas | Context: {"functionality": "For full flow", "test_ideas_count": 20}
2025-06-23 22:32:41 | INFO     | QA-Suite | user_action:150 | USER ACTION: clicked_generate_full_flow_script
2025-06-23 22:33:20 | INFO     | QA-Suite | api_call:124 | API POST /generate_full_flow_script | Status: 200 | Time: 38.41s | Context: {"website_url": "https://valueinsightpro.jumpiq.com/auth/login"}
2025-06-23 22:33:20 | INFO     | QA-Suite | performance:157 | PERFORMANCE full_flow_script_generation_ui | Duration: 38.41s | Context: {"script_length": 22003}
2025-06-23 22:33:20 | INFO     | QA-Suite | step:108 | STEP [4/7] Generate Full Flow Script | Context: {"script_length": 22003}
2025-06-23 22:51:30 | INFO     | QA-Suite | user_action:150 | USER ACTION: clicked_run_script | Context: {"script_length": 22003}
2025-06-23 22:57:33 | INFO     | QA-Suite | api_call:124 | API POST /run_script | Status: 200 | Time: 362.54s | Context: {"script_length": 22003}
2025-06-23 22:57:33 | INFO     | QA-Suite | performance:157 | PERFORMANCE script_execution_ui | Duration: 362.54s | Context: {"script_length": 22003}
2025-06-23 22:57:33 | INFO     | QA-Suite | step:108 | STEP [6/7] Run Tests | Context: {"logs_count": 1, "stats": {"failed": 1, "passed": 0, "success_rate": "0.0%", "total": 1}}
2025-06-23 22:57:33 | INFO     | QA-Suite | user_action:150 | USER ACTION: downloaded_results | Context: {"script_length": 22003, "logs_count": 1}
2025-06-23 22:57:33 | INFO     | QA-Suite | step:108 | STEP [7/7] Download Results | Context: {"script_length": 22003, "logs_count": 1}
2025-06-23 23:30:33 | INFO     | QA-Suite | user_action:150 | USER ACTION: entered_website_url | Context: {"url": "https://valueinsightpro.jumpiq.com/auth/login"}
2025-06-23 23:30:33 | INFO     | QA-Suite | step:108 | STEP [1/7] Enter Website URL | Context: {"url": "https://valueinsightpro.jumpiq.com/auth/login"}
2025-06-23 23:30:35 | INFO     | QA-Suite | user_action:150 | USER ACTION: uploaded_js_file | Context: {"filename": "jump_full_flow.js", "file_size": 10540}
2025-06-23 23:30:35 | INFO     | QA-Suite | step:108 | STEP [2/7] Upload JS File | Context: {"filename": "jump_full_flow.js", "file_size": 10540}
2025-06-23 23:30:41 | INFO     | QA-Suite | user_action:150 | USER ACTION: clicked_generate_test_ideas | Context: {"functionality": "For full flow"}
2025-06-23 23:30:53 | INFO     | QA-Suite | api_call:124 | API POST /generate_test_ideas | Status: 200 | Time: 12.45s | Context: {"functionality": "For full flow", "js_content_length": 10540}
2025-06-23 23:30:53 | INFO     | QA-Suite | performance:157 | PERFORMANCE test_ideas_generation_ui | Duration: 12.45s | Context: {"functionality": "For full flow", "test_ideas_count": 20}
2025-06-23 23:30:53 | INFO     | QA-Suite | step:108 | STEP [3/7] Generate Test Ideas | Context: {"functionality": "For full flow", "test_ideas_count": 20}
2025-06-23 23:31:05 | INFO     | QA-Suite | user_action:150 | USER ACTION: clicked_generate_full_flow_script
2025-06-23 23:32:05 | INFO     | QA-Suite | api_call:124 | API POST /generate_full_flow_script | Status: 200 | Time: 59.96s | Context: {"website_url": "https://valueinsightpro.jumpiq.com/auth/login"}
2025-06-23 23:32:05 | INFO     | QA-Suite | performance:157 | PERFORMANCE full_flow_script_generation_ui | Duration: 59.96s | Context: {"script_length": 19558}
2025-06-23 23:32:05 | INFO     | QA-Suite | step:108 | STEP [4/7] Generate Full Flow Script | Context: {"script_length": 19558}
2025-06-23 23:32:17 | INFO     | QA-Suite | user_action:150 | USER ACTION: clicked_run_script | Context: {"script_length": 19558}
2025-06-23 23:38:19 | INFO     | QA-Suite | api_call:124 | API POST /run_script | Status: 200 | Time: 362.06s | Context: {"script_length": 19558}
2025-06-23 23:38:19 | INFO     | QA-Suite | performance:157 | PERFORMANCE script_execution_ui | Duration: 362.06s | Context: {"script_length": 19558}
2025-06-23 23:38:19 | INFO     | QA-Suite | step:108 | STEP [6/7] Run Tests | Context: {"logs_count": 1, "stats": {"failed": 1, "passed": 0, "success_rate": "0.0%", "total": 1}}
2025-06-23 23:38:19 | INFO     | QA-Suite | user_action:150 | USER ACTION: downloaded_results | Context: {"script_length": 19558, "logs_count": 1}
2025-06-23 23:38:19 | INFO     | QA-Suite | step:108 | STEP [7/7] Download Results | Context: {"script_length": 19558, "logs_count": 1}
