2025-06-22 23:41:48 | INFO     | Frontend | info:76 | Starting QA-Suite Frontend | Context: {"streamlit_version": "1.24.0", "python_version": "3.12.3 (main, May 26 2025, 18:50:19) [GCC 13.3.0]"}
2025-06-22 23:41:48 | INFO     | Frontend | info:76 | Initialized session state | Context: {"current_step": 0}
2025-06-22 23:41:54 | INFO     | QA-Suite | user_action:150 | USER ACTION: entered_website_url | Context: {"url": "https://geneconnectdoctor.shorthills.ai/login"}
2025-06-22 23:41:54 | INFO     | QA-Suite | step:108 | STEP [1/7] Enter Website URL | Context: {"url": "https://geneconnectdoctor.shorthills.ai/login"}
2025-06-22 23:42:09 | INFO     | QA-Suite | user_action:150 | USER ACTION: uploaded_js_file | Context: {"filename": "geneconnect 2 copy.js", "file_size": 4672}
2025-06-22 23:42:09 | INFO     | QA-Suite | step:108 | STEP [2/7] Upload JS File | Context: {"filename": "geneconnect 2 copy.js", "file_size": 4672}
2025-06-22 23:42:13 | INFO     | QA-Suite | user_action:150 | USER ACTION: entered_website_url | Context: {"url": "https://geneconnectdoctor.shorthills.ai/login"}
2025-06-22 23:42:13 | INFO     | QA-Suite | step:108 | STEP [1/7] Enter Website URL | Context: {"url": "https://geneconnectdoctor.shorthills.ai/login"}
2025-06-22 23:42:31 | INFO     | QA-Suite | user_action:150 | USER ACTION: clicked_generate_test_ideas | Context: {"functionality": "Generate Test Cases for Login and Forms"}
2025-06-22 23:42:50 | INFO     | QA-Suite | api_call:124 | API POST /generate_test_ideas | Status: 200 | Time: 18.30s | Context: {"functionality": "Generate Test Cases for Login and Forms", "js_content_length": 4672}
2025-06-22 23:42:50 | INFO     | QA-Suite | performance:157 | PERFORMANCE test_ideas_generation_ui | Duration: 18.30s | Context: {"functionality": "Generate Test Cases for Login and Forms", "test_ideas_count": 20}
2025-06-22 23:42:50 | INFO     | QA-Suite | step:108 | STEP [3/7] Generate Test Ideas | Context: {"functionality": "Generate Test Cases for Login and Forms", "test_ideas_count": 20}
2025-06-22 23:43:00 | INFO     | QA-Suite | user_action:150 | USER ACTION: clicked_generate_script | Context: {"selected_tests_count": 20, "selected_tests": ["Verify the application login page loads successfully.", "Verify successful user login with valid credentials and redirection to the dashboard.", "Verify the username field accepts input correctly.", "Verify the password field accepts input and masks characters.", "Verify login attempt with an empty username prevents navigation.", "Verify login attempt with an empty password prevents navigation.", "Verify login attempt with both username and password empty prevents navigation.", "Verify successful submission of Patient Information Form with all required fields filled.", "Verify navigation to the Medical History Form after Patient Information Form submission.", "Verify the First Name field accepts input correctly.", "Verify the Last Name field accepts input correctly.", "Verify the Date of Birth field accepts input in mm/dd/yyyy format.", "Verify the Age field auto-populates after entering the Date of Birth.", "Verify attempting to submit Patient Information Form with an empty First Name prevents progression.", "Verify attempting to submit Patient Information Form with an empty Last Name prevents progression.", "Verify attempting to submit Patient Information Form with an empty Date of Birth prevents progression.", "Verify attempting to submit Patient Information Form without selecting Gender prevents progression.", "Verify attempting to submit Patient Information Form without selecting Adoption Status prevents progression.", "Verify successful submission of Medical History Form with selected conditions.", "Verify successful user logout and redirection back to the login page."]}
2025-06-22 23:44:03 | INFO     | QA-Suite | api_call:124 | API POST /generate_script | Status: 200 | Time: 62.90s | Context: {"website_url": "https://geneconnectdoctor.shorthills.ai/login", "selected_tests_count": 20}
2025-06-22 23:44:03 | INFO     | QA-Suite | performance:157 | PERFORMANCE script_generation_ui | Duration: 62.90s | Context: {"selected_tests_count": 20, "script_length": 18186}
2025-06-22 23:44:03 | INFO     | QA-Suite | step:108 | STEP [4/7] Generate Script | Context: {"selected_tests_count": 20, "script_length": 18186}
2025-06-22 23:44:10 | INFO     | QA-Suite | user_action:150 | USER ACTION: clicked_run_script | Context: {"script_length": 18186}
2025-06-22 23:49:57 | INFO     | QA-Suite | api_call:124 | API POST /run_script | Status: 200 | Time: 346.53s | Context: {"script_length": 18186}
2025-06-22 23:49:57 | INFO     | QA-Suite | performance:157 | PERFORMANCE script_execution_ui | Duration: 346.53s | Context: {"script_length": 18186}
2025-06-22 23:49:57 | INFO     | QA-Suite | step:108 | STEP [6/7] Run Tests | Context: {"logs_count": 20, "stats": {"failed": 15, "passed": 5, "success_rate": "25.0%", "total": 20}}
2025-06-22 23:49:57 | INFO     | QA-Suite | user_action:150 | USER ACTION: downloaded_results | Context: {"script_length": 18186, "logs_count": 20}
2025-06-22 23:49:57 | INFO     | QA-Suite | step:108 | STEP [7/7] Download Results | Context: {"script_length": 18186, "logs_count": 20}
2025-06-22 23:57:46 | INFO     | QA-Suite | user_action:150 | USER ACTION: entered_website_url | Context: {"url": "https://geneconnectdoctor.shorthills.ai/login"}
2025-06-22 23:57:46 | INFO     | QA-Suite | step:108 | STEP [1/7] Enter Website URL | Context: {"url": "https://geneconnectdoctor.shorthills.ai/login"}
2025-06-22 23:57:50 | INFO     | QA-Suite | user_action:150 | USER ACTION: uploaded_js_file | Context: {"filename": "geneconnect 2 copy.js", "file_size": 4672}
2025-06-22 23:57:50 | INFO     | QA-Suite | step:108 | STEP [2/7] Upload JS File | Context: {"filename": "geneconnect 2 copy.js", "file_size": 4672}
2025-06-22 23:58:02 | INFO     | QA-Suite | user_action:150 | USER ACTION: clicked_generate_test_ideas | Context: {"functionality": "Generate Test Cases for Login and Forms"}
2025-06-22 23:58:11 | INFO     | QA-Suite | api_call:124 | API POST /generate_test_ideas | Status: 200 | Time: 9.27s | Context: {"functionality": "Generate Test Cases for Login and Forms", "js_content_length": 4672}
2025-06-22 23:58:11 | INFO     | QA-Suite | performance:157 | PERFORMANCE test_ideas_generation_ui | Duration: 9.27s | Context: {"functionality": "Generate Test Cases for Login and Forms", "test_ideas_count": 20}
2025-06-22 23:58:11 | INFO     | QA-Suite | step:108 | STEP [3/7] Generate Test Ideas | Context: {"functionality": "Generate Test Cases for Login and Forms", "test_ideas_count": 20}
2025-06-22 23:59:58 | INFO     | QA-Suite | user_action:150 | USER ACTION: clicked_generate_script | Context: {"selected_tests_count": 20, "selected_tests": ["Verify application login page loads successfully.", "Test successful user login with valid credentials.", "Verify username field accepts input.", "Verify password field masks input.", "Test login attempt with empty username field and observe submit button state.", "Test login attempt with empty password field and observe submit button state.", "Test login attempt with both username and password fields empty and observe submit button state.", "Verify redirection to dashboard after successful login.", "Test successful submission of Patient Information Form with all required fields filled.", "Test Patient Information Form submission with empty First Name and observe 'Next' button state.", "Test Patient Information Form submission with empty Last Name and observe 'Next' button state.", "Test Patient Information Form submission with empty Date of Birth and observe 'Next' button state.", "Test Patient Information Form submission without selecting Gender and observe 'Next' button state.", "Test Patient Information Form submission without selecting Adoption Status and observe 'Next' button state.", "Verify Age field auto-populates correctly after Date of Birth entry.", "Verify navigation to Medical History Form after successful Patient Information Form submission.", "Test successful submission of Medical History Form with selected conditions.", "Test successful submission of Medical History Form with no conditions selected.", "Verify Medical History Form checkboxes (Diabetes, Asthma) can be toggled.", "Test successful user logout and verify redirection to login page."]}
2025-06-23 00:00:50 | INFO     | QA-Suite | api_call:124 | API POST /generate_script | Status: 200 | Time: 51.67s | Context: {"website_url": "https://geneconnectdoctor.shorthills.ai/login", "selected_tests_count": 20}
2025-06-23 00:00:50 | INFO     | QA-Suite | performance:157 | PERFORMANCE script_generation_ui | Duration: 51.67s | Context: {"selected_tests_count": 20, "script_length": 16608}
2025-06-23 00:00:50 | INFO     | QA-Suite | step:108 | STEP [4/7] Generate Script | Context: {"selected_tests_count": 20, "script_length": 16608}
2025-06-23 00:01:38 | INFO     | QA-Suite | user_action:150 | USER ACTION: clicked_run_script | Context: {"script_length": 16608}
2025-06-23 00:02:41 | INFO     | QA-Suite | performance:157 | PERFORMANCE script_execution_ui | Duration: 63.24s | Context: {"script_length": 16608}
2025-06-23 00:02:41 | INFO     | QA-Suite | step:108 | STEP [6/7] Run Tests | Context: {"logs_count": 1, "stats": {"passed": 0, "failed": 0, "total": 0}}
2025-06-23 00:02:41 | INFO     | QA-Suite | user_action:150 | USER ACTION: downloaded_results | Context: {"script_length": 16608, "logs_count": 1}
2025-06-23 00:02:41 | INFO     | QA-Suite | step:108 | STEP [7/7] Download Results | Context: {"script_length": 16608, "logs_count": 1}
