2025-06-22 23:00:38 | INFO     | Frontend | info:76 | Starting QA-Suite Frontend | Context: {"streamlit_version": "1.24.0", "python_version": "3.12.3 (main, May 26 2025, 18:50:19) [GCC 13.3.0]"}
2025-06-22 23:00:38 | INFO     | Frontend | info:76 | Initialized session state | Context: {"current_step": 0}
2025-06-22 23:01:24 | INFO     | QA-Suite | user_action:150 | USER ACTION: entered_website_url | Context: {"url": "https://geneconnectdoctor.shorthills.ai/login"}
2025-06-22 23:01:24 | INFO     | QA-Suite | step:108 | STEP [1/7] Enter Website URL | Context: {"url": "https://geneconnectdoctor.shorthills.ai/login"}
2025-06-22 23:01:33 | INFO     | QA-Suite | user_action:150 | USER ACTION: uploaded_js_file | Context: {"filename": "geneconnect 2 copy.js", "file_size": 4672}
2025-06-22 23:01:33 | INFO     | QA-Suite | step:108 | STEP [2/7] Upload JS File | Context: {"filename": "geneconnect 2 copy.js", "file_size": 4672}
2025-06-22 23:01:59 | INFO     | QA-Suite | user_action:150 | USER ACTION: clicked_generate_test_ideas | Context: {"functionality": "Generate Test Cases for Login and First Form "}
2025-06-22 23:02:06 | INFO     | QA-Suite | api_call:124 | API POST /generate_test_ideas | Status: 200 | Time: 7.17s | Context: {"functionality": "Generate Test Cases for Login and First Form ", "js_content_length": 4672}
2025-06-22 23:02:06 | INFO     | QA-Suite | performance:157 | PERFORMANCE test_ideas_generation_ui | Duration: 7.17s | Context: {"functionality": "Generate Test Cases for Login and First Form ", "test_ideas_count": 20}
2025-06-22 23:02:06 | INFO     | QA-Suite | step:108 | STEP [3/7] Generate Test Ideas | Context: {"functionality": "Generate Test Cases for Login and First Form ", "test_ideas_count": 20}
2025-06-22 23:02:12 | INFO     | QA-Suite | user_action:150 | USER ACTION: clicked_generate_script | Context: {"selected_tests_count": 20, "selected_tests": ["Verify successful navigation to login page on initial load.", "Verify username field accepts input correctly.", "Verify password field masks input correctly.", "Verify successful login with valid credentials.", "Verify redirection to dashboard after successful login.", "Verify login button state or URL remains unchanged when username field is empty.", "Verify login button state or URL remains unchanged when password field is empty.", "Verify login button state or URL remains unchanged when both username and password fields are empty.", "Verify successful submission of Patient Information form with all required fields.", "Verify navigation to Medical History form after successful Patient Information form submission.", "Verify First Name field accepts input correctly.", "Verify Last Name field accepts input correctly.", "Verify Date of Birth field accepts input in mm/dd/yyyy format.", "Verify Age field auto-populates correctly after Date of Birth entry.", "Verify Gender radio buttons are selectable.", "Verify Adoption Status options are selectable.", "Verify 'Next' button is disabled or form does not submit when First Name is empty.", "Verify 'Next' button is disabled or form does not submit when Last Name is empty.", "Verify 'Next' button is disabled or form does not submit when Date of Birth is empty.", "Verify 'Next' button is disabled or form does not submit when Gender is not selected."]}
2025-06-22 23:02:46 | INFO     | QA-Suite | api_call:124 | API POST /generate_script | Status: 200 | Time: 33.58s | Context: {"website_url": "https://geneconnectdoctor.shorthills.ai/login", "selected_tests_count": 20}
2025-06-22 23:02:46 | INFO     | QA-Suite | performance:157 | PERFORMANCE script_generation_ui | Duration: 33.58s | Context: {"selected_tests_count": 20, "script_length": 16548}
2025-06-22 23:02:46 | INFO     | QA-Suite | step:108 | STEP [4/7] Generate Script | Context: {"selected_tests_count": 20, "script_length": 16548}
2025-06-22 23:02:59 | INFO     | QA-Suite | user_action:150 | USER ACTION: clicked_run_script | Context: {"script_length": 16548}
2025-06-22 23:05:11 | INFO     | QA-Suite | api_call:124 | API POST /run_script | Status: 200 | Time: 132.29s | Context: {"script_length": 16548}
2025-06-22 23:05:11 | INFO     | QA-Suite | performance:157 | PERFORMANCE script_execution_ui | Duration: 132.29s | Context: {"script_length": 16548}
2025-06-22 23:05:11 | INFO     | QA-Suite | step:108 | STEP [6/7] Run Tests | Context: {"logs_count": 20, "stats": {"failed": 2, "passed": 18, "success_rate": "90.0%", "total": 20}}
2025-06-22 23:05:11 | INFO     | QA-Suite | user_action:150 | USER ACTION: downloaded_results | Context: {"script_length": 16548, "logs_count": 20}
2025-06-22 23:05:11 | INFO     | QA-Suite | step:108 | STEP [7/7] Download Results | Context: {"script_length": 16548, "logs_count": 20}
