2025-06-24 20:13:04 | INFO     | Frontend | info:76 | Starting QA-Suite Frontend | Context: {"streamlit_version": "1.24.0", "python_version": "3.12.3 (main, May 26 2025, 18:50:19) [GCC 13.3.0]"}
2025-06-24 20:13:04 | INFO     | Frontend | info:76 | Initialized session state | Context: {"current_step": 0}
2025-06-24 20:13:42 | INFO     | QA-Suite | user_action:150 | USER ACTION: entered_website_url | Context: {"url": "https://valueinsightpro.jumpiq.com/auth/login?redirect=/"}
2025-06-24 20:13:42 | INFO     | QA-Suite | step:108 | STEP [1/7] Enter Website URL | Context: {"url": "https://valueinsightpro.jumpiq.com/auth/login?redirect=/"}
2025-06-24 20:13:49 | INFO     | QA-Suite | user_action:150 | USER ACTION: uploaded_js_file | Context: {"filename": "jump_full_flow.js", "file_size": 10432}
2025-06-24 20:13:49 | INFO     | QA-Suite | step:108 | STEP [2/7] Upload JS File | Context: {"filename": "jump_full_flow.js", "file_size": 10432}
2025-06-24 20:13:56 | INFO     | QA-Suite | user_action:150 | USER ACTION: clicked_generate_test_ideas | Context: {"functionality": "Generate full flow"}
2025-06-24 20:14:08 | INFO     | QA-Suite | api_call:124 | API POST /generate_test_ideas | Status: 200 | Time: 11.66s | Context: {"functionality": "Generate full flow", "js_content_length": 10432}
2025-06-24 20:14:08 | INFO     | QA-Suite | performance:157 | PERFORMANCE test_ideas_generation_ui | Duration: 11.66s | Context: {"functionality": "Generate full flow", "test_ideas_count": 20}
2025-06-24 20:14:08 | INFO     | QA-Suite | step:108 | STEP [3/7] Generate Test Ideas | Context: {"functionality": "Generate full flow", "test_ideas_count": 20}
2025-06-24 20:14:11 | INFO     | QA-Suite | user_action:150 | USER ACTION: clicked_generate_full_flow_script
2025-06-24 20:14:40 | INFO     | QA-Suite | api_call:124 | API POST /generate_full_flow_script | Status: 200 | Time: 28.48s | Context: {"website_url": "https://valueinsightpro.jumpiq.com/auth/login?redirect=/"}
2025-06-24 20:14:40 | INFO     | QA-Suite | performance:157 | PERFORMANCE full_flow_script_generation_ui | Duration: 28.48s | Context: {"script_length": 7151}
2025-06-24 20:14:40 | INFO     | QA-Suite | step:108 | STEP [4/7] Generate Full Flow Script | Context: {"script_length": 7151}
2025-06-24 20:14:42 | INFO     | QA-Suite | user_action:150 | USER ACTION: clicked_run_script | Context: {"script_length": 7151}
2025-06-24 20:18:58 | INFO     | QA-Suite | api_call:124 | API POST /run_script | Status: 200 | Time: 256.24s | Context: {"script_length": 7151}
2025-06-24 20:18:58 | INFO     | QA-Suite | performance:157 | PERFORMANCE script_execution_ui | Duration: 256.24s | Context: {"script_length": 7151}
2025-06-24 20:18:58 | INFO     | QA-Suite | step:108 | STEP [6/7] Run Tests | Context: {"logs_count": 1, "stats": {"failed": 0, "passed": 1, "total": 1}}
2025-06-24 20:18:58 | INFO     | QA-Suite | user_action:150 | USER ACTION: downloaded_results | Context: {"script_length": 7151, "logs_count": 1}
2025-06-24 20:18:58 | INFO     | QA-Suite | step:108 | STEP [7/7] Download Results | Context: {"script_length": 7151, "logs_count": 1}
2025-06-24 20:19:39 | INFO     | QA-Suite | user_action:150 | USER ACTION: downloaded_results | Context: {"script_length": 7151, "logs_count": 1}
2025-06-24 20:19:39 | INFO     | QA-Suite | step:108 | STEP [7/7] Download Results | Context: {"script_length": 7151, "logs_count": 1}
2025-06-24 21:39:50 | INFO     | QA-Suite | user_action:150 | USER ACTION: downloaded_results | Context: {"script_length": 7151, "logs_count": 1}
2025-06-24 21:39:50 | INFO     | QA-Suite | step:108 | STEP [7/7] Download Results | Context: {"script_length": 7151, "logs_count": 1}
2025-06-24 22:31:48 | INFO     | QA-Suite | user_action:150 | USER ACTION: clicked_generate_script | Context: {"selected_tests_count": 20, "selected_tests": ["Verify successful user login with valid credentials and accepted Terms & Conditions.", "Validate navigation to the OTP verification page after successful login.", "Confirm successful OTP verification and redirection to the main application dashboard.", "Test initiating the 'Instant Report' creation workflow from the dashboard.", "Verify successful selection of a dealership for Instant Report and proceeding to configuration.", "Validate navigation through various steps of the Instant Report configuration wizard.", "Test selecting different configuration tabs within the Instant Report setup (e.g., F&I).", "Verify navigation to specific sections of the Instant Report using anchor links (Highlights, KPIs, Financials).", "Confirm successful navigation to the Valuation Directory page via the main menu.", "Test filtering valuations by a specific start and end date range.", "Verify filtering valuations by selecting a specific dealership from the dropdown.", "Validate the execution of search with combined date and dealership filters in Valuation Directory.", "Confirm successful navigation to the Portfolio Directory page.", "Test initiating the creation of a new portfolio from the Portfolio Directory.", "Verify starting the portfolio creation wizard and proceeding to configuration.", "Validate configuring a new portfolio by selecting a specific dealership.", "Test navigating through multiple configuration steps during portfolio creation.", "Confirm successful search for dealerships within the portfolio configuration process.", "Verify the ability to modify and update dealership selections in an existing portfolio configuration.", "Test the functionality to exit or close the current application workflow."]}
2025-06-24 22:50:52 | INFO     | QA-Suite | user_action:150 | USER ACTION: entered_website_url | Context: {"url": "https://valueinsightpro.jumpiq.com/auth/login?redirect=/"}
2025-06-24 22:50:52 | INFO     | QA-Suite | step:108 | STEP [1/7] Enter Website URL | Context: {"url": "https://valueinsightpro.jumpiq.com/auth/login?redirect=/"}
2025-06-24 22:50:55 | INFO     | QA-Suite | user_action:150 | USER ACTION: uploaded_js_file | Context: {"filename": "jump_full_flow.js", "file_size": 10432}
2025-06-24 22:50:55 | INFO     | QA-Suite | step:108 | STEP [2/7] Upload JS File | Context: {"filename": "jump_full_flow.js", "file_size": 10432}
2025-06-24 22:51:53 | INFO     | QA-Suite | user_action:150 | USER ACTION: clicked_generate_test_ideas | Context: {"functionality": "Make test cases for login as well sanity testing"}
2025-06-24 22:55:23 | INFO     | QA-Suite | user_action:150 | USER ACTION: entered_website_url | Context: {"url": "https://valueinsightpro.jumpiq.com/auth/login?redirect=/"}
2025-06-24 22:55:23 | INFO     | QA-Suite | step:108 | STEP [1/7] Enter Website URL | Context: {"url": "https://valueinsightpro.jumpiq.com/auth/login?redirect=/"}
2025-06-24 22:55:26 | INFO     | QA-Suite | user_action:150 | USER ACTION: uploaded_js_file | Context: {"filename": "jump_full_flow.js", "file_size": 10432}
2025-06-24 22:55:26 | INFO     | QA-Suite | step:108 | STEP [2/7] Upload JS File | Context: {"filename": "jump_full_flow.js", "file_size": 10432}
2025-06-24 22:55:32 | INFO     | QA-Suite | user_action:150 | USER ACTION: clicked_generate_test_ideas | Context: {"functionality": "For login"}
