2025-06-21 13:11:37 | INFO     | Frontend | info:76 | Starting QA-Suite Frontend | Context: {"streamlit_version": "1.24.0", "python_version": "3.12.3 (main, May 26 2025, 18:50:19) [GCC 13.3.0]"}
2025-06-21 13:11:37 | INFO     | Frontend | info:76 | Initialized session state | Context: {"current_step": 0}
2025-06-21 13:11:40 | INFO     | QA-Suite | user_action:150 | USER ACTION: entered_website_url | Context: {"url": "12"}
2025-06-21 13:11:40 | INFO     | QA-Suite | step:108 | STEP [1/7] Enter Website URL | Context: {"url": "12"}
2025-06-21 13:11:45 | INFO     | QA-Suite | user_action:150 | USER ACTION: uploaded_js_file | Context: {"filename": "geneconnect 2.js", "file_size": 2615}
2025-06-21 13:11:45 | INFO     | QA-Suite | step:108 | STEP [2/7] Upload JS File | Context: {"filename": "geneconnect 2.js", "file_size": 2615}
2025-06-21 13:11:57 | INFO     | QA-Suite | user_action:150 | USER ACTION: clicked_generate_test_ideas | Context: {"functionality": "Generate test cases for login and form 1"}
2025-06-21 13:12:09 | INFO     | QA-Suite | api_call:124 | API POST /generate_test_ideas | Status: 200 | Time: 12.05s | Context: {"functionality": "Generate test cases for login and form 1", "js_content_length": 2615}
2025-06-21 13:12:09 | INFO     | QA-Suite | performance:157 | PERFORMANCE test_ideas_generation_ui | Duration: 12.05s | Context: {"functionality": "Generate test cases for login and form 1", "test_ideas_count": 20}
2025-06-21 13:12:09 | INFO     | QA-Suite | step:108 | STEP [3/7] Generate Test Ideas | Context: {"functionality": "Generate test cases for login and form 1", "test_ideas_count": 20}
2025-06-21 13:13:27 | INFO     | QA-Suite | user_action:150 | USER ACTION: clicked_generate_script | Context: {"selected_tests_count": 20, "selected_tests": ["Test successful login with valid credentials and verify navigation to dashboard.", "Test login with invalid username and verify user remains on login page with error message.", "Test login with invalid password and verify user remains on login page with error message.", "Test login with empty username field and verify submit button state or error message.", "Test login with empty password field and verify submit button state or error message.", "Test post-login flow when 'New Chat' button is present and clicked successfully.", "Test post-login flow when 'New Chat' button is absent and navigation proceeds correctly.", "Test successful submission of Form 1 (Personal Details) with all mandatory and optional fields filled.", "Test Form 1 submission with missing First Name and verify 'Next' button state or error message.", "Test Form 1 submission with missing Last Name and verify 'Next' button state or error message.", "Test Form 1 submission with missing Date of Birth and verify 'Next' button state or error message.", "Test Form 1 submission with missing Age and verify 'Next' button state or error message.", "Test Form 1 submission with missing Gender selection and verify 'Next' button state or error message.", "Test Form 1 submission with missing Adoption Status and verify 'Next' button state or error message.", "Test Form 1 with invalid Date of Birth format (e.g., non-date input) and verify error handling.", "Test 'Next' button in Form 1 is initially disabled until all mandatory fields are filled.", "Test 'Next' button in Form 1 becomes enabled after all mandatory fields are correctly filled.", "Test successful submission of Medical History form after selecting multiple conditions.", "Test successful logout from the application and verify redirection to the login page.", "Test logout confirmation and successful return to the login page."]}
2025-06-21 13:14:43 | INFO     | QA-Suite | api_call:124 | API POST /generate_script | Status: 200 | Time: 76.23s | Context: {"website_url": "123", "selected_tests_count": 20}
2025-06-21 13:14:43 | INFO     | QA-Suite | performance:157 | PERFORMANCE script_generation_ui | Duration: 76.24s | Context: {"selected_tests_count": 20, "script_length": 30655}
2025-06-21 13:14:43 | INFO     | QA-Suite | step:108 | STEP [4/7] Generate Script | Context: {"selected_tests_count": 20, "script_length": 30655}
2025-06-21 13:15:30 | INFO     | QA-Suite | user_action:150 | USER ACTION: clicked_run_script | Context: {"script_length": 30655}
2025-06-21 13:21:54 | INFO     | QA-Suite | api_call:124 | API POST /run_script | Status: 200 | Time: 383.25s | Context: {"script_length": 30655}
2025-06-21 13:21:54 | INFO     | QA-Suite | performance:157 | PERFORMANCE script_execution_ui | Duration: 383.25s | Context: {"script_length": 30655}
2025-06-21 13:21:54 | INFO     | QA-Suite | step:108 | STEP [6/7] Run Tests | Context: {"logs_count": 19, "stats": {"failed": 14, "passed": 5, "total": 19}}
2025-06-21 13:21:54 | INFO     | QA-Suite | user_action:150 | USER ACTION: downloaded_results | Context: {"script_length": 30655, "logs_count": 19}
2025-06-21 13:21:54 | INFO     | QA-Suite | step:108 | STEP [7/7] Download Results | Context: {"script_length": 30655, "logs_count": 19}
