2025-06-20 16:36:00 | INFO     | Frontend | info:76 | Starting QA-Suite Frontend | Context: {"streamlit_version": "1.24.0", "python_version": "3.12.3 (main, May 26 2025, 18:50:19) [GCC 13.3.0]"}
2025-06-20 16:36:00 | INFO     | Frontend | info:76 | Initialized session state | Context: {"current_step": 0}
2025-06-20 16:36:02 | INFO     | QA-Suite | user_action:150 | USER ACTION: entered_website_url | Context: {"url": "n"}
2025-06-20 16:36:02 | INFO     | QA-Suite | step:108 | STEP [1/7] Enter Website URL | Context: {"url": "n"}
2025-06-20 16:36:05 | INFO     | QA-Suite | user_action:150 | USER ACTION: uploaded_js_file | Context: {"filename": "geneconnect 2.js", "file_size": 3054}
2025-06-20 16:36:05 | INFO     | QA-Suite | step:108 | STEP [2/7] Upload JS File | Context: {"filename": "geneconnect 2.js", "file_size": 3054}
2025-06-20 16:36:19 | INFO     | QA-Suite | user_action:150 | USER ACTION: clicked_generate_test_ideas | Context: {"functionality": "login n form flow"}
2025-06-20 16:36:32 | INFO     | QA-Suite | api_call:124 | API POST /generate_test_ideas | Status: 200 | Time: 12.73s | Context: {"functionality": "login n form flow", "js_content_length": 3054}
2025-06-20 16:36:32 | INFO     | QA-Suite | performance:157 | PERFORMANCE test_ideas_generation_ui | Duration: 12.73s | Context: {"functionality": "login n form flow", "test_ideas_count": 20}
2025-06-20 16:36:32 | INFO     | QA-Suite | step:108 | STEP [3/7] Generate Test Ideas | Context: {"functionality": "login n form flow", "test_ideas_count": 20}
2025-06-20 16:37:28 | INFO     | QA-Suite | user_action:150 | USER ACTION: clicked_generate_script | Context: {"selected_tests_count": 20, "selected_tests": ["Verify successful login with valid credentials.", "Test login attempt with empty username field and observe button state/navigation.", "Test login attempt with empty password field and observe button state/navigation.", "Test login attempt with both username and password fields empty and observe button state/navigation.", "Verify initial navigation to the login page URL.", "Verify 'New Chat' button is clickable and redirects if displayed after login.", "Verify application flow continues correctly if 'New Chat' button is not displayed after login.", "Verify successful submission of the Personal Details form with all mandatory fields.", "Test Personal Details form submission with empty First Name field and observe 'Next' button state/navigation.", "Test Personal Details form submission with empty Last Name field and observe 'Next' button state/navigation.", "Test Personal Details form submission with empty Date of Birth field and observe 'Next' button state/navigation.", "Test Personal Details form submission without selecting Gender and observe 'Next' button state/navigation.", "Test Personal Details form submission with an invalid Date of Birth format.", "Verify 'Age' field behavior after Date of Birth input (e.g., auto-calculation or non-mandatory).", "Verify navigation to Medical History form after successful Personal Details submission.", "Verify successful submission of the Medical History form.", "Verify selection and deselection of 'Diabetes' medical condition.", "Verify selection and deselection of 'Asthma' medical condition.", "Verify navigation to the next screen/dashboard after successful Medical History submission.", "Verify successful logout and redirection to the login page."]}
2025-06-20 16:38:36 | INFO     | QA-Suite | api_call:124 | API POST /generate_script | Status: 200 | Time: 67.97s | Context: {"website_url": "n", "selected_tests_count": 20}
2025-06-20 16:38:36 | INFO     | QA-Suite | performance:157 | PERFORMANCE script_generation_ui | Duration: 67.97s | Context: {"selected_tests_count": 20, "script_length": 19446}
2025-06-20 16:38:36 | INFO     | QA-Suite | step:108 | STEP [4/7] Generate Script | Context: {"selected_tests_count": 20, "script_length": 19446}
2025-06-20 16:38:42 | INFO     | QA-Suite | user_action:150 | USER ACTION: saved_script | Context: {"original_length": 19446, "edited_length": 19446}
2025-06-20 16:38:45 | INFO     | QA-Suite | user_action:150 | USER ACTION: clicked_run_script | Context: {"script_length": 19446}
2025-06-20 16:38:46 | INFO     | QA-Suite | api_call:124 | API POST /run_script | Status: 200 | Time: 1.01s | Context: {"script_length": 19446}
2025-06-20 16:38:46 | INFO     | QA-Suite | performance:157 | PERFORMANCE script_execution_ui | Duration: 1.01s | Context: {"script_length": 19446}
2025-06-20 16:38:46 | INFO     | QA-Suite | step:108 | STEP [6/7] Run Tests | Context: {"logs_count": 0, "stats": {"failed": 0, "passed": 0, "total": 0}}
2025-06-20 16:39:49 | INFO     | QA-Suite | user_action:150 | USER ACTION: clicked_run_script | Context: {"script_length": 19446}
2025-06-20 16:39:50 | INFO     | QA-Suite | api_call:124 | API POST /run_script | Status: 200 | Time: 0.94s | Context: {"script_length": 19446}
2025-06-20 16:39:50 | INFO     | QA-Suite | performance:157 | PERFORMANCE script_execution_ui | Duration: 0.94s | Context: {"script_length": 19446}
2025-06-20 16:39:50 | INFO     | QA-Suite | step:108 | STEP [6/7] Run Tests | Context: {"logs_count": 0, "stats": {"failed": 0, "passed": 0, "total": 0}}
2025-06-20 16:44:33 | INFO     | QA-Suite | user_action:150 | USER ACTION: entered_website_url | Context: {"url": "123"}
2025-06-20 16:44:33 | INFO     | QA-Suite | step:108 | STEP [1/7] Enter Website URL | Context: {"url": "123"}
2025-06-20 16:44:37 | INFO     | QA-Suite | user_action:150 | USER ACTION: uploaded_js_file | Context: {"filename": "geneconnect 2.js", "file_size": 3054}
2025-06-20 16:44:37 | INFO     | QA-Suite | step:108 | STEP [2/7] Upload JS File | Context: {"filename": "geneconnect 2.js", "file_size": 3054}
2025-06-20 16:44:45 | INFO     | QA-Suite | user_action:150 | USER ACTION: clicked_generate_test_ideas | Context: {"functionality": "login n form flow"}
2025-06-20 16:44:56 | INFO     | QA-Suite | api_call:124 | API POST /generate_test_ideas | Status: 200 | Time: 10.77s | Context: {"functionality": "login n form flow", "js_content_length": 3054}
2025-06-20 16:44:56 | INFO     | QA-Suite | performance:157 | PERFORMANCE test_ideas_generation_ui | Duration: 10.77s | Context: {"functionality": "login n form flow", "test_ideas_count": 20}
2025-06-20 16:44:56 | INFO     | QA-Suite | step:108 | STEP [3/7] Generate Test Ideas | Context: {"functionality": "login n form flow", "test_ideas_count": 20}
2025-06-20 16:44:58 | INFO     | QA-Suite | user_action:150 | USER ACTION: clicked_generate_script | Context: {"selected_tests_count": 20, "selected_tests": ["Verify successful login with valid credentials and navigation to the dashboard.", "Verify login fails with invalid username and no navigation occurs.", "Verify login fails with invalid password and no navigation occurs.", "Verify submit button is disabled or no navigation occurs when username field is empty.", "Verify submit button is disabled or no navigation occurs when password field is empty.", "Verify submit button is disabled or no navigation occurs when both username and password fields are empty.", "Verify 'New Chat' button appears and is clickable after successful login.", "Verify the application flow continues correctly if 'New Chat' button does not appear after login.", "Verify successful submission of Patient Information form with all mandatory fields filled.", "Verify 'Next' button is disabled when 'gender' field is not selected in Patient Information form.", "Verify 'Next' button is disabled when 'age' field is not filled in Patient Information form.", "Verify 'Next' button is disabled when 'first name' field is empty in Patient Information form.", "Verify 'Next' button is disabled when 'last name' field is empty in Patient Information form.", "Verify 'Next' button is disabled when 'DOB' field is empty in Patient Information form.", "Verify 'DOB' field accepts valid date format (dd/mm/yyyy) in Patient Information form.", "Verify 'Next' button is disabled or no navigation occurs when an invalid DOB format is entered in Patient Information form.", "Verify navigation to Medical History form after submitting Patient Information form.", "Verify successful selection of multiple medical history options and progression to the next step.", "Verify 'Save and Continue' button is enabled and allows progression when no medical history options are selected.", "Verify successful logout and redirection to the login page after confirming logout."]}
2025-06-20 16:46:04 | INFO     | QA-Suite | api_call:124 | API POST /generate_script | Status: 200 | Time: 65.27s | Context: {"website_url": "123", "selected_tests_count": 20}
2025-06-20 16:46:04 | INFO     | QA-Suite | performance:157 | PERFORMANCE script_generation_ui | Duration: 65.27s | Context: {"selected_tests_count": 20, "script_length": 19950}
2025-06-20 16:46:04 | INFO     | QA-Suite | step:108 | STEP [4/7] Generate Script | Context: {"selected_tests_count": 20, "script_length": 19950}
2025-06-20 16:46:12 | INFO     | QA-Suite | user_action:150 | USER ACTION: clicked_run_script | Context: {"script_length": 19950}
2025-06-20 16:50:35 | INFO     | QA-Suite | api_call:124 | API POST /run_script | Status: 200 | Time: 262.71s | Context: {"script_length": 19950}
2025-06-20 16:50:35 | INFO     | QA-Suite | performance:157 | PERFORMANCE script_execution_ui | Duration: 262.71s | Context: {"script_length": 19950}
2025-06-20 16:50:35 | INFO     | QA-Suite | step:108 | STEP [6/7] Run Tests | Context: {"logs_count": 20, "stats": {"failed": 5, "passed": 15, "total": 20}}
2025-06-20 16:50:35 | INFO     | QA-Suite | user_action:150 | USER ACTION: downloaded_results | Context: {"script_length": 19950, "logs_count": 20}
2025-06-20 16:50:35 | INFO     | QA-Suite | step:108 | STEP [7/7] Download Results | Context: {"script_length": 19950, "logs_count": 20}
2025-06-20 16:50:36 | INFO     | QA-Suite | user_action:150 | USER ACTION: clicked_run_script | Context: {"script_length": 19950}
2025-06-20 16:55:31 | INFO     | QA-Suite | api_call:124 | API POST /run_script | Status: 200 | Time: 294.55s | Context: {"script_length": 19950}
2025-06-20 16:55:31 | INFO     | QA-Suite | performance:157 | PERFORMANCE script_execution_ui | Duration: 294.55s | Context: {"script_length": 19950}
2025-06-20 16:55:31 | INFO     | QA-Suite | user_action:150 | USER ACTION: downloaded_results | Context: {"script_length": 19950, "logs_count": 20}
2025-06-20 16:55:31 | INFO     | QA-Suite | step:108 | STEP [7/7] Download Results | Context: {"script_length": 19950, "logs_count": 20}
2025-06-20 17:18:42 | INFO     | QA-Suite | user_action:150 | USER ACTION: entered_website_url | Context: {"url": "123"}
2025-06-20 17:18:42 | INFO     | QA-Suite | step:108 | STEP [1/7] Enter Website URL | Context: {"url": "123"}
2025-06-20 17:19:27 | INFO     | QA-Suite | user_action:150 | USER ACTION: uploaded_js_file | Context: {"filename": "recorderjson.js", "file_size": 2338}
2025-06-20 17:19:27 | INFO     | QA-Suite | step:108 | STEP [2/7] Upload JS File | Context: {"filename": "recorderjson.js", "file_size": 2338}
2025-06-20 17:19:53 | INFO     | QA-Suite | user_action:150 | USER ACTION: clicked_generate_test_ideas | Context: {"functionality": "Use the creds and functionality in JS file to make a sanity check flow"}
2025-06-20 17:20:06 | INFO     | QA-Suite | api_call:124 | API POST /generate_test_ideas | Status: 200 | Time: 13.14s | Context: {"functionality": "Use the creds and functionality in JS file to make a sanity check flow", "js_content_length": 2338}
2025-06-20 17:20:06 | INFO     | QA-Suite | performance:157 | PERFORMANCE test_ideas_generation_ui | Duration: 13.14s | Context: {"functionality": "Use the creds and functionality in JS file to make a sanity check flow", "test_ideas_count": 20}
2025-06-20 17:20:06 | INFO     | QA-Suite | step:108 | STEP [3/7] Generate Test Ideas | Context: {"functionality": "Use the creds and functionality in JS file to make a sanity check flow", "test_ideas_count": 20}
2025-06-20 17:20:10 | INFO     | QA-Suite | user_action:150 | USER ACTION: clicked_generate_script | Context: {"selected_tests_count": 20, "selected_tests": ["Verify successful navigation to the Login page URL.", "Verify presence of Email, Password input fields, and 'Sign In' button on Login page.", "Verify 'Remember Me' checkbox is present and clickable on Login page.", "Test successful login with valid email and password.", "Verify navigation to OTP verification page after successful login.", "Verify presence of all 5 OTP input fields and 'Verify' button on OTP page.", "Test successful OTP verification with valid OTP.", "Verify navigation to the main application dashboard/home page after OTP verification.", "Test login attempt with empty email field and observe 'Sign In' button state or URL change.", "Test login attempt with empty password field and observe 'Sign In' button state or URL change.", "Test OTP verification attempt with partially filled fields and observe 'Verify' button state or URL change.", "Test OTP verification attempt with all OTP fields empty and observe 'Verify' button state or URL change.", "Verify 'Instant Report' card is displayed on the dashboard.", "Test clicking on 'Instant Report' card navigates to the expected section.", "Verify the presence of the dropdown '#home_screen_new_val_drop_down'.", "Test successful interaction and selection of an item from the dropdown.", "Verify the selected item is correctly displayed in the dropdown after selection.", "Verify the 'Next' button is displayed and enabled after dropdown selection.", "Test successful navigation after clicking the 'Next' button.", "Verify the final page URL or a key element on the page after clicking 'Next'."]}
2025-06-20 17:20:58 | INFO     | QA-Suite | api_call:124 | API POST /generate_script | Status: 200 | Time: 47.37s | Context: {"website_url": "123", "selected_tests_count": 20}
2025-06-20 17:20:58 | INFO     | QA-Suite | performance:157 | PERFORMANCE script_generation_ui | Duration: 47.37s | Context: {"selected_tests_count": 20, "script_length": 13291}
2025-06-20 17:20:58 | INFO     | QA-Suite | step:108 | STEP [4/7] Generate Script | Context: {"selected_tests_count": 20, "script_length": 13291}
2025-06-20 17:26:42 | INFO     | QA-Suite | user_action:150 | USER ACTION: clicked_run_script | Context: {"script_length": 13291}
2025-06-20 17:29:01 | INFO     | QA-Suite | api_call:124 | API POST /run_script | Status: 200 | Time: 139.17s | Context: {"script_length": 13291}
2025-06-20 17:29:01 | INFO     | QA-Suite | performance:157 | PERFORMANCE script_execution_ui | Duration: 139.17s | Context: {"script_length": 13291}
2025-06-20 17:29:01 | INFO     | QA-Suite | step:108 | STEP [6/7] Run Tests | Context: {"logs_count": 20, "stats": {"failed": 9, "passed": 11, "total": 20}}
2025-06-20 17:29:01 | INFO     | QA-Suite | user_action:150 | USER ACTION: downloaded_results | Context: {"script_length": 13291, "logs_count": 20}
2025-06-20 17:29:01 | INFO     | QA-Suite | step:108 | STEP [7/7] Download Results | Context: {"script_length": 13291, "logs_count": 20}
2025-06-20 17:30:59 | INFO     | QA-Suite | user_action:150 | USER ACTION: downloaded_results | Context: {"script_length": 13291, "logs_count": 20}
2025-06-20 17:30:59 | INFO     | QA-Suite | step:108 | STEP [7/7] Download Results | Context: {"script_length": 13291, "logs_count": 20}
2025-06-20 17:30:59 | INFO     | QA-Suite | user_action:150 | USER ACTION: clicked_generate_test_ideas | Context: {"functionality": "Use the creds to test for login and OTP verification"}
2025-06-20 17:31:09 | INFO     | QA-Suite | api_call:124 | API POST /generate_test_ideas | Status: 200 | Time: 9.92s | Context: {"functionality": "Use the creds to test for login and OTP verification", "js_content_length": 2338}
2025-06-20 17:31:09 | INFO     | QA-Suite | performance:157 | PERFORMANCE test_ideas_generation_ui | Duration: 9.92s | Context: {"functionality": "Use the creds to test for login and OTP verification", "test_ideas_count": 20}
2025-06-20 17:31:09 | INFO     | QA-Suite | user_action:150 | USER ACTION: downloaded_results | Context: {"script_length": 13291, "logs_count": 20}
2025-06-20 17:31:09 | INFO     | QA-Suite | step:108 | STEP [7/7] Download Results | Context: {"script_length": 13291, "logs_count": 20}
2025-06-20 17:31:12 | INFO     | QA-Suite | user_action:150 | USER ACTION: clicked_generate_script | Context: {"selected_tests_count": 20, "selected_tests": ["Verify successful user login with valid email and password.", "Verify 'Remember me' checkbox functionality during successful login.", "Verify login failure with an invalid email address.", "Verify login failure with an invalid password.", "Verify login failure with an unregistered email address.", "Verify login failure when email field is left empty.", "Verify login failure when password field is left empty.", "Verify login failure when both email and password fields are empty.", "Verify 'Sign In' button is disabled when email field is empty.", "Verify 'Sign In' button is disabled when password field is empty.", "Verify 'Sign In' button is disabled when both email and password fields are empty.", "Verify login failure with an email in an invalid format (e.g., missing '@' symbol).", "Verify successful OTP verification with a valid 5-digit code.", "Verify OTP verification failure with an incorrect 5-digit code.", "Verify OTP verification failure with an incomplete OTP code.", "Verify OTP verification failure when all OTP fields are empty.", "Verify OTP verification failure when non-numeric characters are entered in OTP fields.", "Verify 'Verify' button is disabled when all OTP fields are empty.", "Verify 'Verify' button is disabled when OTP fields are partially filled.", "Verify successful navigation to the dashboard after valid login and OTP verification."]}
2025-06-20 17:32:07 | INFO     | QA-Suite | api_call:124 | API POST /generate_script | Status: 200 | Time: 55.21s | Context: {"website_url": "123", "selected_tests_count": 20}
2025-06-20 17:32:07 | INFO     | QA-Suite | performance:157 | PERFORMANCE script_generation_ui | Duration: 55.21s | Context: {"selected_tests_count": 20, "script_length": 16470}
2025-06-20 17:32:07 | INFO     | QA-Suite | user_action:150 | USER ACTION: downloaded_results | Context: {"script_length": 16470, "logs_count": 20}
2025-06-20 17:32:07 | INFO     | QA-Suite | step:108 | STEP [7/7] Download Results | Context: {"script_length": 16470, "logs_count": 20}
2025-06-20 17:32:10 | INFO     | QA-Suite | user_action:150 | USER ACTION: clicked_run_script | Context: {"script_length": 16470}
2025-06-20 17:33:43 | INFO     | QA-Suite | api_call:124 | API POST /run_script | Status: 200 | Time: 93.28s | Context: {"script_length": 16470}
2025-06-20 17:33:43 | INFO     | QA-Suite | performance:157 | PERFORMANCE script_execution_ui | Duration: 93.28s | Context: {"script_length": 16470}
2025-06-20 17:33:43 | INFO     | QA-Suite | user_action:150 | USER ACTION: downloaded_results | Context: {"script_length": 16470, "logs_count": 20}
2025-06-20 17:33:43 | INFO     | QA-Suite | step:108 | STEP [7/7] Download Results | Context: {"script_length": 16470, "logs_count": 20}
2025-06-20 17:38:17 | INFO     | QA-Suite | user_action:150 | USER ACTION: entered_website_url | Context: {"url": "124"}
2025-06-20 17:38:17 | INFO     | QA-Suite | step:108 | STEP [1/7] Enter Website URL | Context: {"url": "124"}
2025-06-20 17:38:26 | INFO     | QA-Suite | user_action:150 | USER ACTION: uploaded_js_file | Context: {"filename": "geneconnectRecord.js", "file_size": 7298}
2025-06-20 17:38:26 | INFO     | QA-Suite | step:108 | STEP [2/7] Upload JS File | Context: {"filename": "geneconnectRecord.js", "file_size": 7298}
2025-06-20 17:38:52 | INFO     | QA-Suite | user_action:150 | USER ACTION: clicked_generate_test_ideas | Context: {"functionality": "Complete login and first form test cases"}
2025-06-20 17:39:10 | INFO     | QA-Suite | api_call:124 | API POST /generate_test_ideas | Status: 200 | Time: 18.30s | Context: {"functionality": "Complete login and first form test cases", "js_content_length": 7298}
2025-06-20 17:39:10 | INFO     | QA-Suite | performance:157 | PERFORMANCE test_ideas_generation_ui | Duration: 18.30s | Context: {"functionality": "Complete login and first form test cases", "test_ideas_count": 20}
2025-06-20 17:39:10 | INFO     | QA-Suite | step:108 | STEP [3/7] Generate Test Ideas | Context: {"functionality": "Complete login and first form test cases", "test_ideas_count": 20}
2025-06-20 17:39:20 | INFO     | QA-Suite | user_action:150 | USER ACTION: clicked_generate_script | Context: {"selected_tests_count": 20, "selected_tests": ["Verify successful login with valid credentials.", "Verify login button is disabled when username field is empty.", "Verify login button is disabled when password field is empty.", "Verify login button is disabled when both username and password fields are empty.", "Verify navigation to the dashboard/home page after successful login.", "Verify 'New Chat' button is present and clickable after successful login.", "Verify successful submission of Patient Details form with all valid required fields.", "Verify 'Next' button is disabled on Patient Details form when Patient First Name is empty.", "Verify 'Next' button is disabled on Patient Details form when Patient Last Name is empty.", "Verify 'Next' button is disabled on Patient Details form when Patient Date of Birth is empty.", "Verify 'Next' button is disabled on Patient Details form when Patient Gender is not selected.", "Verify Patient Date of Birth selection using the calendar component.", "Verify successful submission of Patient Medical History form with selected conditions.", "Verify successful submission of Patient Medical History form with no conditions selected.", "Verify successful submission of Father's Details form with all valid required fields.", "Verify 'Next' button is disabled on Father's Details form when Father's First Name is empty.", "Verify 'Next' button is disabled on Father's Details form when Father's Date of Birth is empty.", "Verify Father's Date of Birth selection using the calendar component.", "Verify age validation ensures Father's DOB is at least 12 years older than Patient's DOB.", "Verify successful logout functionality from the application."]}
2025-06-20 17:40:38 | INFO     | QA-Suite | api_call:124 | API POST /generate_script | Status: 200 | Time: 77.80s | Context: {"website_url": "124", "selected_tests_count": 20}
2025-06-20 17:40:38 | INFO     | QA-Suite | performance:157 | PERFORMANCE script_generation_ui | Duration: 77.80s | Context: {"selected_tests_count": 20, "script_length": 22074}
2025-06-20 17:40:38 | INFO     | QA-Suite | step:108 | STEP [4/7] Generate Script | Context: {"selected_tests_count": 20, "script_length": 22074}
2025-06-20 17:42:13 | INFO     | QA-Suite | user_action:150 | USER ACTION: clicked_run_script | Context: {"script_length": 22074}
2025-06-20 17:42:15 | INFO     | QA-Suite | api_call:124 | API POST /run_script | Status: 200 | Time: 2.49s | Context: {"script_length": 22074}
2025-06-20 17:42:15 | INFO     | QA-Suite | performance:157 | PERFORMANCE script_execution_ui | Duration: 2.49s | Context: {"script_length": 22074}
2025-06-20 17:42:15 | INFO     | QA-Suite | step:108 | STEP [6/7] Run Tests | Context: {"logs_count": 19, "stats": {"failed": 19, "passed": 0, "total": 19}}
2025-06-20 17:42:15 | INFO     | QA-Suite | user_action:150 | USER ACTION: downloaded_results | Context: {"script_length": 22074, "logs_count": 19}
2025-06-20 17:42:15 | INFO     | QA-Suite | step:108 | STEP [7/7] Download Results | Context: {"script_length": 22074, "logs_count": 19}
2025-06-20 17:42:30 | INFO     | QA-Suite | user_action:150 | USER ACTION: clicked_run_script | Context: {"script_length": 22074}
2025-06-20 17:42:32 | INFO     | QA-Suite | api_call:124 | API POST /run_script | Status: 200 | Time: 2.24s | Context: {"script_length": 22074}
2025-06-20 17:42:32 | INFO     | QA-Suite | performance:157 | PERFORMANCE script_execution_ui | Duration: 2.24s | Context: {"script_length": 22074}
2025-06-20 17:42:32 | INFO     | QA-Suite | user_action:150 | USER ACTION: downloaded_results | Context: {"script_length": 22074, "logs_count": 19}
2025-06-20 17:42:32 | INFO     | QA-Suite | step:108 | STEP [7/7] Download Results | Context: {"script_length": 22074, "logs_count": 19}
2025-06-20 17:42:38 | INFO     | QA-Suite | user_action:150 | USER ACTION: clicked_generate_test_ideas | Context: {"functionality": "Complete login and first form test cases"}
2025-06-20 17:42:50 | INFO     | QA-Suite | api_call:124 | API POST /generate_test_ideas | Status: 200 | Time: 11.75s | Context: {"functionality": "Complete login and first form test cases", "js_content_length": 7298}
2025-06-20 17:42:50 | INFO     | QA-Suite | performance:157 | PERFORMANCE test_ideas_generation_ui | Duration: 11.75s | Context: {"functionality": "Complete login and first form test cases", "test_ideas_count": 20}
2025-06-20 17:42:50 | INFO     | QA-Suite | user_action:150 | USER ACTION: downloaded_results | Context: {"script_length": 22074, "logs_count": 19}
2025-06-20 17:42:50 | INFO     | QA-Suite | step:108 | STEP [7/7] Download Results | Context: {"script_length": 22074, "logs_count": 19}
2025-06-20 17:43:01 | INFO     | QA-Suite | user_action:150 | USER ACTION: clicked_generate_script | Context: {"selected_tests_count": 20, "selected_tests": ["Verify successful login with valid username and password and navigation to the dashboard.", "Test login with an incorrect username and verify no navigation occurs.", "Test login with an incorrect password and verify no navigation occurs.", "Test login attempt with an empty username field and verify 'Submit' button state.", "Test login attempt with an empty password field and verify 'Submit' button state.", "Test login attempt with both username and password fields empty and verify 'Submit' button state.", "Verify 'Submit' button is enabled only when both username and password fields are filled.", "Verify clicking 'New Chat' button successfully navigates to the Patient Details form.", "Verify successful submission of Patient Details form with all valid required data.", "Test Patient Details form submission with an empty First Name field.", "Test Patient Details form submission with an empty Last Name field.", "Test Patient Details form submission with an empty Date of Birth field.", "Test Patient Details form submission with an unselected Gender.", "Verify 'Next' button on Patient Details form is disabled when required fields (gender, DOB) are missing.", "Verify 'Next' button on Patient Details form is enabled when all required fields are filled.", "Verify Date of Birth selection process correctly sets the chosen date.", "Verify successful submission of Medical History form with selected conditions.", "Verify successful submission of Medical History form when no conditions are selected.", "Verify 'Save and Continue' button on Medical History form is enabled regardless of condition selections.", "Verify navigation to the next section/form after Medical History submission."]}
2025-06-20 17:44:19 | INFO     | QA-Suite | api_call:124 | API POST /generate_script | Status: 200 | Time: 77.80s | Context: {"website_url": "124", "selected_tests_count": 20}
2025-06-20 17:44:19 | INFO     | QA-Suite | performance:157 | PERFORMANCE script_generation_ui | Duration: 77.80s | Context: {"selected_tests_count": 20, "script_length": 18889}
2025-06-20 17:44:19 | INFO     | QA-Suite | user_action:150 | USER ACTION: downloaded_results | Context: {"script_length": 18889, "logs_count": 19}
2025-06-20 17:44:19 | INFO     | QA-Suite | step:108 | STEP [7/7] Download Results | Context: {"script_length": 18889, "logs_count": 19}
2025-06-20 17:44:24 | INFO     | QA-Suite | user_action:150 | USER ACTION: clicked_run_script | Context: {"script_length": 18889}
2025-06-20 17:49:27 | INFO     | QA-Suite | api_call:124 | API POST /run_script | Status: 200 | Time: 303.29s | Context: {"script_length": 18889}
2025-06-20 17:49:27 | INFO     | QA-Suite | performance:157 | PERFORMANCE script_execution_ui | Duration: 303.29s | Context: {"script_length": 18889}
2025-06-20 17:49:27 | INFO     | QA-Suite | user_action:150 | USER ACTION: downloaded_results | Context: {"script_length": 18889, "logs_count": 17}
2025-06-20 17:49:27 | INFO     | QA-Suite | step:108 | STEP [7/7] Download Results | Context: {"script_length": 18889, "logs_count": 17}
2025-06-20 18:19:38 | INFO     | QA-Suite | user_action:150 | USER ACTION: downloaded_results | Context: {"script_length": 18889, "logs_count": 17}
2025-06-20 18:19:38 | INFO     | QA-Suite | step:108 | STEP [7/7] Download Results | Context: {"script_length": 18889, "logs_count": 17}
