2025-06-23 22:03:23 | INFO     | Frontend | info:76 | Starting QA-Suite Frontend | Context: {"streamlit_version": "1.24.0", "python_version": "3.12.3 (main, May 26 2025, 18:50:19) [GCC 13.3.0]"}
2025-06-23 22:03:23 | INFO     | Frontend | info:76 | Initialized session state | Context: {"current_step": 0}
2025-06-23 22:03:23 | INFO     | Frontend | info:76 | Starting QA-Suite Frontend | Context: {"streamlit_version": "1.24.0", "python_version": "3.12.3 (main, May 26 2025, 18:50:19) [GCC 13.3.0]"}
2025-06-23 22:03:23 | INFO     | Frontend | info:76 | Initialized session state | Context: {"current_step": 0}
2025-06-23 22:03:23 | INFO     | QA-Suite | user_action:150 | USER ACTION: entered_website_url | Context: {"url": "https://valueinsightpro.jumpiq.com/auth/login"}
2025-06-23 22:03:23 | INFO     | QA-Suite | step:108 | STEP [1/7] Enter Website URL | Context: {"url": "https://valueinsightpro.jumpiq.com/auth/login"}
2025-06-23 22:03:27 | INFO     | QA-Suite | user_action:150 | USER ACTION: entered_website_url | Context: {"url": "https://valueinsightpro.jumpiq.com/auth/login"}
2025-06-23 22:03:27 | INFO     | QA-Suite | step:108 | STEP [1/7] Enter Website URL | Context: {"url": "https://valueinsightpro.jumpiq.com/auth/login"}
2025-06-23 22:03:29 | INFO     | QA-Suite | user_action:150 | USER ACTION: uploaded_js_file | Context: {"filename": "jump_full_flow.js", "file_size": 10540}
2025-06-23 22:03:29 | INFO     | QA-Suite | step:108 | STEP [2/7] Upload JS File | Context: {"filename": "jump_full_flow.js", "file_size": 10540}
2025-06-23 22:03:36 | INFO     | QA-Suite | user_action:150 | USER ACTION: clicked_generate_test_ideas | Context: {"functionality": "Generate full flow"}
2025-06-23 22:03:45 | INFO     | QA-Suite | api_call:124 | API POST /generate_test_ideas | Status: 200 | Time: 9.08s | Context: {"functionality": "Generate full flow", "js_content_length": 10540}
2025-06-23 22:03:45 | INFO     | QA-Suite | performance:157 | PERFORMANCE test_ideas_generation_ui | Duration: 9.08s | Context: {"functionality": "Generate full flow", "test_ideas_count": 20}
2025-06-23 22:03:45 | INFO     | QA-Suite | step:108 | STEP [3/7] Generate Test Ideas | Context: {"functionality": "Generate full flow", "test_ideas_count": 20}
2025-06-23 22:03:47 | INFO     | QA-Suite | user_action:150 | USER ACTION: clicked_generate_full_flow_script
2025-06-23 22:04:31 | INFO     | QA-Suite | api_call:124 | API POST /generate_full_flow_script | Status: 200 | Time: 44.09s | Context: {"website_url": "https://valueinsightpro.jumpiq.com/auth/login"}
2025-06-23 22:04:31 | INFO     | QA-Suite | performance:157 | PERFORMANCE full_flow_script_generation_ui | Duration: 44.09s | Context: {"script_length": 13318}
2025-06-23 22:04:31 | INFO     | QA-Suite | step:108 | STEP [4/7] Generate Full Flow Script | Context: {"script_length": 13318}
2025-06-23 22:04:36 | INFO     | QA-Suite | user_action:150 | USER ACTION: clicked_run_script | Context: {"script_length": 13318}
2025-06-23 22:04:46 | INFO     | QA-Suite | api_call:124 | API POST /run_script | Status: 200 | Time: 9.62s | Context: {"script_length": 13318}
2025-06-23 22:04:46 | INFO     | QA-Suite | performance:157 | PERFORMANCE script_execution_ui | Duration: 9.62s | Context: {"script_length": 13318}
2025-06-23 22:04:46 | INFO     | QA-Suite | step:108 | STEP [6/7] Run Tests | Context: {"logs_count": 1, "stats": {"failed": 1, "passed": 0, "success_rate": "0.0%", "total": 1}}
2025-06-23 22:04:46 | INFO     | QA-Suite | user_action:150 | USER ACTION: downloaded_results | Context: {"script_length": 13318, "logs_count": 1}
2025-06-23 22:04:46 | INFO     | QA-Suite | step:108 | STEP [7/7] Download Results | Context: {"script_length": 13318, "logs_count": 1}
2025-06-23 22:05:37 | INFO     | QA-Suite | user_action:150 | USER ACTION: entered_website_url | Context: {"url": "https://valueinsightpro.jumpiq.com/auth/login"}
2025-06-23 22:05:37 | INFO     | QA-Suite | step:108 | STEP [1/7] Enter Website URL | Context: {"url": "https://valueinsightpro.jumpiq.com/auth/login"}
2025-06-23 22:05:39 | INFO     | QA-Suite | user_action:150 | USER ACTION: uploaded_js_file | Context: {"filename": "jump_full_flow.js", "file_size": 10540}
2025-06-23 22:05:39 | INFO     | QA-Suite | step:108 | STEP [2/7] Upload JS File | Context: {"filename": "jump_full_flow.js", "file_size": 10540}
2025-06-23 22:05:50 | INFO     | QA-Suite | user_action:150 | USER ACTION: clicked_generate_test_ideas | Context: {"functionality": "Generate full flow"}
2025-06-23 22:06:00 | INFO     | QA-Suite | api_call:124 | API POST /generate_test_ideas | Status: 200 | Time: 10.15s | Context: {"functionality": "Generate full flow", "js_content_length": 10540}
2025-06-23 22:06:00 | INFO     | QA-Suite | performance:157 | PERFORMANCE test_ideas_generation_ui | Duration: 10.15s | Context: {"functionality": "Generate full flow", "test_ideas_count": 20}
2025-06-23 22:06:00 | INFO     | QA-Suite | step:108 | STEP [3/7] Generate Test Ideas | Context: {"functionality": "Generate full flow", "test_ideas_count": 20}
2025-06-23 22:06:07 | INFO     | QA-Suite | user_action:150 | USER ACTION: clicked_generate_full_flow_script
2025-06-23 22:06:07 | INFO     | QA-Suite | api_call:124 | API POST /generate_full_flow_script | Status: 404 | Time: 0.01s | Context: {"website_url": "https://valueinsightpro.jumpiq.com/auth/login"}
2025-06-23 22:06:07 | INFO     | QA-Suite | performance:157 | PERFORMANCE full_flow_script_generation_ui | Duration: 0.01s | Context: {"script_length": 25}
2025-06-23 22:08:18 | INFO     | QA-Suite | user_action:150 | USER ACTION: entered_website_url | Context: {"url": "https://valueinsightpro.jumpiq.com/auth/login"}
2025-06-23 22:08:18 | INFO     | QA-Suite | step:108 | STEP [1/7] Enter Website URL | Context: {"url": "https://valueinsightpro.jumpiq.com/auth/login"}
2025-06-23 22:08:20 | INFO     | QA-Suite | user_action:150 | USER ACTION: uploaded_js_file | Context: {"filename": "jump_full_flow.js", "file_size": 10540}
2025-06-23 22:08:20 | INFO     | QA-Suite | step:108 | STEP [2/7] Upload JS File | Context: {"filename": "jump_full_flow.js", "file_size": 10540}
2025-06-23 22:08:29 | INFO     | QA-Suite | user_action:150 | USER ACTION: clicked_generate_test_ideas | Context: {"functionality": "generate test flow"}
2025-06-23 22:08:45 | INFO     | QA-Suite | api_call:124 | API POST /generate_test_ideas | Status: 200 | Time: 15.79s | Context: {"functionality": "generate test flow", "js_content_length": 10540}
2025-06-23 22:08:45 | INFO     | QA-Suite | performance:157 | PERFORMANCE test_ideas_generation_ui | Duration: 15.79s | Context: {"functionality": "generate test flow", "test_ideas_count": 20}
2025-06-23 22:08:45 | INFO     | QA-Suite | step:108 | STEP [3/7] Generate Test Ideas | Context: {"functionality": "generate test flow", "test_ideas_count": 20}
2025-06-23 22:08:57 | INFO     | QA-Suite | user_action:150 | USER ACTION: clicked_generate_full_flow_script
2025-06-23 22:10:01 | INFO     | QA-Suite | api_call:124 | API POST /generate_full_flow_script | Status: 200 | Time: 64.12s | Context: {"website_url": "https://valueinsightpro.jumpiq.com/auth/login"}
2025-06-23 22:10:01 | INFO     | QA-Suite | performance:157 | PERFORMANCE full_flow_script_generation_ui | Duration: 64.12s | Context: {"script_length": 14924}
2025-06-23 22:10:01 | INFO     | QA-Suite | step:108 | STEP [4/7] Generate Full Flow Script | Context: {"script_length": 14924}
2025-06-23 22:10:29 | INFO     | QA-Suite | user_action:150 | USER ACTION: clicked_run_script | Context: {"script_length": 14924}
2025-06-23 22:10:38 | INFO     | QA-Suite | api_call:124 | API POST /run_script | Status: 200 | Time: 8.94s | Context: {"script_length": 14924}
2025-06-23 22:10:38 | INFO     | QA-Suite | performance:157 | PERFORMANCE script_execution_ui | Duration: 8.94s | Context: {"script_length": 14924}
2025-06-23 22:10:38 | INFO     | QA-Suite | step:108 | STEP [6/7] Run Tests | Context: {"logs_count": 1, "stats": {"failed": 1, "passed": 0, "success_rate": "0.0%", "total": 1}}
2025-06-23 22:10:38 | INFO     | QA-Suite | user_action:150 | USER ACTION: downloaded_results | Context: {"script_length": 14924, "logs_count": 1}
2025-06-23 22:10:38 | INFO     | QA-Suite | step:108 | STEP [7/7] Download Results | Context: {"script_length": 14924, "logs_count": 1}
2025-06-23 22:14:43 | INFO     | QA-Suite | user_action:150 | USER ACTION: entered_website_url | Context: {"url": "https://valueinsightpro.jumpiq.com/auth/login"}
2025-06-23 22:14:43 | INFO     | QA-Suite | step:108 | STEP [1/7] Enter Website URL | Context: {"url": "https://valueinsightpro.jumpiq.com/auth/login"}
2025-06-23 22:14:45 | INFO     | QA-Suite | user_action:150 | USER ACTION: uploaded_js_file | Context: {"filename": "jump_full_flow.js", "file_size": 10540}
2025-06-23 22:14:45 | INFO     | QA-Suite | step:108 | STEP [2/7] Upload JS File | Context: {"filename": "jump_full_flow.js", "file_size": 10540}
2025-06-23 22:14:51 | INFO     | QA-Suite | user_action:150 | USER ACTION: clicked_generate_test_ideas | Context: {"functionality": "For full flow"}
2025-06-23 22:15:05 | INFO     | QA-Suite | api_call:124 | API POST /generate_test_ideas | Status: 200 | Time: 13.76s | Context: {"functionality": "For full flow", "js_content_length": 10540}
2025-06-23 22:15:05 | INFO     | QA-Suite | performance:157 | PERFORMANCE test_ideas_generation_ui | Duration: 13.76s | Context: {"functionality": "For full flow", "test_ideas_count": 20}
2025-06-23 22:15:05 | INFO     | QA-Suite | step:108 | STEP [3/7] Generate Test Ideas | Context: {"functionality": "For full flow", "test_ideas_count": 20}
2025-06-23 22:16:09 | INFO     | QA-Suite | user_action:150 | USER ACTION: clicked_generate_full_flow_script
2025-06-23 22:16:36 | INFO     | QA-Suite | api_call:124 | API POST /generate_full_flow_script | Status: 200 | Time: 27.43s | Context: {"website_url": "https://valueinsightpro.jumpiq.com/auth/login"}
2025-06-23 22:16:36 | INFO     | QA-Suite | performance:157 | PERFORMANCE full_flow_script_generation_ui | Duration: 27.44s | Context: {"script_length": 15350}
2025-06-23 22:16:36 | INFO     | QA-Suite | step:108 | STEP [4/7] Generate Full Flow Script | Context: {"script_length": 15350}
2025-06-23 22:16:40 | INFO     | QA-Suite | user_action:150 | USER ACTION: saved_script | Context: {"original_length": 15350, "edited_length": 15350}
2025-06-23 22:16:42 | INFO     | QA-Suite | user_action:150 | USER ACTION: clicked_run_script | Context: {"script_length": 15350}
2025-06-23 22:17:05 | INFO     | QA-Suite | api_call:124 | API POST /run_script | Status: 200 | Time: 23.66s | Context: {"script_length": 15350}
2025-06-23 22:17:05 | INFO     | QA-Suite | performance:157 | PERFORMANCE script_execution_ui | Duration: 23.66s | Context: {"script_length": 15350}
2025-06-23 22:17:05 | INFO     | QA-Suite | step:108 | STEP [6/7] Run Tests | Context: {"logs_count": 1, "stats": {"failed": 1, "passed": 0, "success_rate": "0.0%", "total": 1}}
2025-06-23 22:17:05 | INFO     | QA-Suite | user_action:150 | USER ACTION: downloaded_results | Context: {"script_length": 15350, "logs_count": 1}
2025-06-23 22:17:05 | INFO     | QA-Suite | step:108 | STEP [7/7] Download Results | Context: {"script_length": 15350, "logs_count": 1}
