2025-06-20 14:48:19 | INFO     | Frontend | info:76 | Starting QA-Suite Frontend | Context: {"streamlit_version": "1.24.0", "python_version": "3.12.3 (main, May 26 2025, 18:50:19) [GCC 13.3.0]"}
2025-06-20 14:48:19 | INFO     | Frontend | info:76 | Initialized session state | Context: {"current_step": 0}
2025-06-20 14:48:29 | INFO     | QA-Suite | user_action:150 | USER ACTION: entered_website_url | Context: {"url": "xy"}
2025-06-20 14:48:29 | INFO     | QA-Suite | step:108 | STEP [1/7] Enter Website URL | Context: {"url": "xy"}
2025-06-20 14:48:44 | INFO     | QA-Suite | user_action:150 | USER ACTION: uploaded_js_file | Context: {"filename": "geneconnect 2.js", "file_size": 3054}
2025-06-20 14:48:44 | INFO     | QA-Suite | step:108 | STEP [2/7] Upload JS File | Context: {"filename": "geneconnect 2.js", "file_size": 3054}
2025-06-20 14:49:10 | INFO     | QA-Suite | user_action:150 | USER ACTION: clicked_generate_test_ideas | Context: {"functionality": "Login and Form shall be tested"}
2025-06-20 14:49:29 | INFO     | QA-Suite | api_call:124 | API POST /generate_test_ideas | Status: 200 | Time: 19.18s | Context: {"functionality": "Login and Form shall be tested", "js_content_length": 3054}
2025-06-20 14:49:29 | INFO     | QA-Suite | performance:157 | PERFORMANCE test_ideas_generation_ui | Duration: 19.18s | Context: {"functionality": "Login and Form shall be tested", "test_ideas_count": 20}
2025-06-20 14:49:29 | INFO     | QA-Suite | step:108 | STEP [3/7] Generate Test Ideas | Context: {"functionality": "Login and Form shall be tested", "test_ideas_count": 20}
2025-06-20 14:49:32 | INFO     | QA-Suite | user_action:150 | USER ACTION: clicked_generate_script | Context: {"selected_tests_count": 20, "selected_tests": ["Verify successful login with valid username and password.", "Test login with incorrect username, verify no navigation to dashboard.", "Test login with incorrect password, verify no navigation to dashboard.", "Test login with empty username, verify submit button is disabled or page remains on login.", "Test login with empty password, verify submit button is disabled or page remains on login.", "Test login with both username and password empty, verify submit button is disabled or page remains on login.", "Verify navigation to the expected page after successful login.", "Verify 'New Chat' button is visible and clickable after successful login (if present).", "Verify successful submission of Patient Information form with all fields filled.", "Test 'Next' button is disabled when First Name is empty in Patient Information form.", "Test 'Next' button is disabled when Last Name is empty in Patient Information form.", "Test 'Next' button is disabled when Date of Birth is empty in Patient Information form.", "Test 'Next' button is disabled when Gender is not selected in Patient Information form.", "Verify 'Next' button is enabled when all mandatory fields (First Name, Last Name, DOB, Gender) are filled.", "Verify Date of Birth field accepts the specified 'dd/mm/yyyy' format.", "Verify 'Male' gender option can be successfully selected.", "Verify 'Unknown' adoption status option can be successfully selected.", "Verify successful submission of Medical History form after selecting options.", "Verify 'Save and Continue' button is enabled even if no medical history options are selected.", "Verify successful logout and redirection to the login page."]}
2025-06-20 14:50:35 | INFO     | QA-Suite | api_call:124 | API POST /generate_script | Status: 200 | Time: 62.45s | Context: {"website_url": "xy", "selected_tests_count": 20}
2025-06-20 14:50:35 | INFO     | QA-Suite | performance:157 | PERFORMANCE script_generation_ui | Duration: 62.45s | Context: {"selected_tests_count": 20, "script_length": 21654}
2025-06-20 14:50:35 | INFO     | QA-Suite | step:108 | STEP [4/7] Generate Script | Context: {"selected_tests_count": 20, "script_length": 21654}
2025-06-20 14:50:48 | INFO     | QA-Suite | user_action:150 | USER ACTION: clicked_run_script | Context: {"script_length": 21654}
2025-06-20 14:56:52 | INFO     | QA-Suite | api_call:124 | API POST /run_script | Status: 500 | Time: 363.21s | Context: {"script_length": 21654}
2025-06-20 14:56:52 | INFO     | QA-Suite | performance:157 | PERFORMANCE script_execution_ui | Duration: 363.21s | Context: {"script_length": 21654}
2025-06-20 14:56:52 | INFO     | QA-Suite | step:108 | STEP [6/7] Run Tests | Context: {"logs_count": 1, "stats": {"passed": 0, "failed": 0, "total": 0}}
2025-06-20 14:56:52 | INFO     | QA-Suite | user_action:150 | USER ACTION: downloaded_results | Context: {"script_length": 21654, "logs_count": 1}
2025-06-20 14:56:52 | INFO     | QA-Suite | step:108 | STEP [7/7] Download Results | Context: {"script_length": 21654, "logs_count": 1}
2025-06-20 15:38:49 | INFO     | QA-Suite | user_action:150 | USER ACTION: downloaded_results | Context: {"script_length": 21654, "logs_count": 1}
2025-06-20 15:38:49 | INFO     | QA-Suite | step:108 | STEP [7/7] Download Results | Context: {"script_length": 21654, "logs_count": 1}
2025-06-20 15:56:10 | INFO     | QA-Suite | user_action:150 | USER ACTION: entered_website_url | Context: {"url": "12"}
2025-06-20 15:56:10 | INFO     | QA-Suite | step:108 | STEP [1/7] Enter Website URL | Context: {"url": "12"}
2025-06-20 15:56:14 | INFO     | QA-Suite | user_action:150 | USER ACTION: uploaded_js_file | Context: {"filename": "geneconnect 2.js", "file_size": 3054}
2025-06-20 15:56:14 | INFO     | QA-Suite | step:108 | STEP [2/7] Upload JS File | Context: {"filename": "geneconnect 2.js", "file_size": 3054}
2025-06-20 15:56:27 | INFO     | QA-Suite | user_action:150 | USER ACTION: clicked_generate_test_ideas | Context: {"functionality": "Login and form test cases."}
2025-06-20 15:56:36 | INFO     | QA-Suite | api_call:124 | API POST /generate_test_ideas | Status: 200 | Time: 9.28s | Context: {"functionality": "Login and form test cases.", "js_content_length": 3054}
2025-06-20 15:56:36 | INFO     | QA-Suite | performance:157 | PERFORMANCE test_ideas_generation_ui | Duration: 9.28s | Context: {"functionality": "Login and form test cases.", "test_ideas_count": 20}
2025-06-20 15:56:36 | INFO     | QA-Suite | step:108 | STEP [3/7] Generate Test Ideas | Context: {"functionality": "Login and form test cases.", "test_ideas_count": 20}
2025-06-20 15:58:16 | INFO     | QA-Suite | user_action:150 | USER ACTION: clicked_generate_script | Context: {"selected_tests_count": 20, "selected_tests": ["Verify successful login with valid credentials.", "Verify login failure when username field is empty.", "Verify login failure when password field is empty.", "Verify login failure when both username and password fields are empty.", "Verify login failure with incorrect username and valid password.", "Verify login failure with valid username and incorrect password.", "Verify login failure with incorrect username and incorrect password.", "Verify 'New Chat' button appears and is clickable after successful login.", "Verify flow proceeds correctly if 'New Chat' button does not appear after login.", "Verify successful submission of Personal Details form with all valid mandatory and optional fields.", "Verify 'Next' button is disabled when First Name field is empty in Personal Details form.", "Verify 'Next' button is disabled when Last Name field is empty in Personal Details form.", "Verify 'Next' button is disabled when Date of Birth field is empty in Personal Details form.", "Verify 'Next' button is disabled when Age field is empty in Personal Details form.", "Verify 'Next' button is disabled when Gender is not selected in Personal Details form.", "Verify correct date format input for Date of Birth field in Personal Details form.", "Verify 'Next' button is enabled after filling all mandatory fields in Personal Details form.", "Verify successful submission of Medical History form with selected options.", "Verify 'Save and Continue' button is enabled after selecting medical history options.", "Verify successful logout from the application."]}
2025-06-20 15:59:11 | INFO     | QA-Suite | api_call:124 | API POST /generate_script | Status: 200 | Time: 54.83s | Context: {"website_url": "123", "selected_tests_count": 20}
2025-06-20 15:59:11 | INFO     | QA-Suite | performance:157 | PERFORMANCE script_generation_ui | Duration: 54.83s | Context: {"selected_tests_count": 20, "script_length": 17959}
2025-06-20 15:59:11 | INFO     | QA-Suite | step:108 | STEP [4/7] Generate Script | Context: {"selected_tests_count": 20, "script_length": 17959}
2025-06-20 16:00:10 | INFO     | QA-Suite | user_action:150 | USER ACTION: clicked_run_script | Context: {"script_length": 17959}
2025-06-20 16:00:52 | INFO     | QA-Suite | api_call:124 | API POST /run_script | Status: 200 | Time: 41.25s | Context: {"script_length": 17959}
2025-06-20 16:00:52 | INFO     | QA-Suite | performance:157 | PERFORMANCE script_execution_ui | Duration: 41.25s | Context: {"script_length": 17959}
2025-06-20 16:00:52 | INFO     | QA-Suite | step:108 | STEP [6/7] Run Tests | Context: {"logs_count": 20, "stats": {"failed": 20, "passed": 0, "total": 20}}
2025-06-20 16:00:52 | INFO     | QA-Suite | user_action:150 | USER ACTION: downloaded_results | Context: {"script_length": 17959, "logs_count": 20}
2025-06-20 16:00:52 | INFO     | QA-Suite | step:108 | STEP [7/7] Download Results | Context: {"script_length": 17959, "logs_count": 20}
2025-06-20 16:00:59 | INFO     | QA-Suite | user_action:150 | USER ACTION: clicked_run_script | Context: {"script_length": 17959}
