2025-06-25 16:00:03 | INFO     | Frontend | info:76 | Starting QA-Suite Frontend | Context: {"streamlit_version": "1.24.0", "python_version": "3.12.3 (main, Jun 18 2025, 17:59:45) [GCC 13.3.0]"}
2025-06-25 16:00:03 | INFO     | Frontend | info:76 | JS file uploaded and processed | Context: {"filename": "jump_full_flow.js", "file_size": 10432, "content_length": 10432}
2025-06-25 16:00:03 | INFO     | QA-Suite | user_action:150 | USER ACTION: downloaded_results | Context: {"script_length": 3398, "logs_count": 2}
2025-06-25 16:00:03 | INFO     | QA-Suite | step:108 | STEP [7/7] Download Results | Context: {"script_length": 3398, "logs_count": 2}
2025-06-25 16:00:03 | INFO     | Frontend | info:76 | User completed all workflow steps | Context: {"final_step": 6, "total_steps": 7}
2025-06-25 16:00:14 | INFO     | QA-Suite | user_action:150 | USER ACTION: downloaded_results | Context: {"script_length": 3398, "logs_count": 2}
2025-06-25 16:00:14 | INFO     | QA-Suite | step:108 | STEP [7/7] Download Results | Context: {"script_length": 3398, "logs_count": 2}
2025-06-25 16:00:53 | INFO     | QA-Suite | user_action:150 | USER ACTION: entered_website_url | Context: {"url": "https://valueinsightpro.jumpiq.com/auth/login?redirect=/"}
2025-06-25 16:00:53 | INFO     | QA-Suite | step:108 | STEP [1/7] Enter Website URL | Context: {"url": "https://valueinsightpro.jumpiq.com/auth/login?redirect=/"}
2025-06-25 16:00:57 | INFO     | QA-Suite | user_action:150 | USER ACTION: uploaded_js_file | Context: {"filename": "jump_full_flow.js", "file_size": 10432}
2025-06-25 16:00:57 | INFO     | QA-Suite | step:108 | STEP [2/7] Upload JS File | Context: {"filename": "jump_full_flow.js", "file_size": 10432}
2025-06-25 16:01:10 | INFO     | QA-Suite | user_action:150 | USER ACTION: clicked_generate_test_ideas | Context: {"functionality": "Generate 40 test cases for full flow"}
2025-06-25 16:01:23 | INFO     | QA-Suite | api_call:124 | API POST /generate_test_ideas | Status: 200 | Time: 12.83s | Context: {"functionality": "Generate 40 test cases for full flow", "js_content_length": 10432}
2025-06-25 16:01:23 | INFO     | QA-Suite | performance:157 | PERFORMANCE test_ideas_generation_ui | Duration: 12.83s | Context: {"functionality": "Generate 40 test cases for full flow", "test_ideas_count": 40}
2025-06-25 16:01:23 | INFO     | QA-Suite | step:108 | STEP [3/7] Generate Test Ideas | Context: {"functionality": "Generate 40 test cases for full flow", "test_ideas_count": 40}
2025-06-25 16:03:56 | INFO     | QA-Suite | user_action:150 | USER ACTION: clicked_generate_script | Context: {"selected_tests_count": 40, "selected_tests": ["Verify successful user login with valid credentials.", "Test login failure with invalid company email.", "Test login failure with invalid password.", "Test login failure when Terms & Conditions checkbox is not accepted.", "Verify error messages for empty login fields.", "Verify successful navigation to OTP verification page after valid login.", "Verify successful OTP verification with a valid code.", "Test OTP verification failure with an invalid code.", "Test OTP verification failure with an expired OTP code.", "Verify 'Resend OTP' functionality is available and works.", "Verify error message for empty OTP input fields.", "Verify successful navigation to the main application dashboard after OTP verification.", "Test selecting the 'Instant Report' workflow card from the dashboard.", "Verify the 'Create Instant Report' modal opens correctly.", "Test selecting a specific dealership from the dropdown for Instant Report creation.", "Verify successful navigation to the report configuration wizard after dealership selection.", "Test direct navigation to Step 4 in the report configuration process.", "Verify the 'F&I' tab selection in the report configuration interface.", "Test scrolling functionality within the report configuration interface.", "Test direct navigation to Step 5 in the report configuration process.", "Test direct navigation to Step 6 in the report configuration process.", "Verify navigation to the 'Highlights' section within the report configuration.", "Verify navigation to the 'KPIs' section within the report configuration.", "Verify navigation to the 'Financials' section within the report configuration.", "Test opening the main navigation menu (hamburger menu).", "Verify successful navigation to the 'Valuation Directory' page from the main menu.", "Test opening and selecting a start date in the Valuation Directory filters.", "Test opening and selecting an end date in the Valuation Directory filters.", "Test selecting a specific dealership for filtering in the Valuation Directory.", "Verify search functionality in Valuation Directory with all filters applied.", "Test search functionality with only the start date filter applied.", "Test search functionality with only the dealership filter applied.", "Verify scrolling through search results in the Valuation Directory.", "Verify successful navigation to the 'Portfolio Directory' page from the main menu.", "Test initiating the creation of a new portfolio from the Portfolio Directory.", "Verify 'Get Started' button successfully initiates portfolio configuration.", "Test selecting a specific dealership for portfolio configuration.", "Verify successful progression through multiple portfolio configuration steps.", "Test executing search for dealerships within portfolio configuration.", "Test modifying and updating dealership selection in portfolio configuration and re-searching."]}
2025-06-25 16:09:49 | INFO     | QA-Suite | api_call:124 | API POST /generate_script | Status: 200 | Time: 353.19s | Context: {"website_url": "https://valueinsightpro.jumpiq.com/auth/login?redirect=/", "selected_tests_count": 40}
2025-06-25 16:09:49 | INFO     | QA-Suite | performance:157 | PERFORMANCE script_generation_ui | Duration: 353.20s | Context: {"selected_tests_count": 40, "script_length": 93200}
2025-06-25 16:09:49 | INFO     | QA-Suite | step:108 | STEP [4/7] Generate Script | Context: {"selected_tests_count": 40, "script_length": 93200}
2025-06-25 16:11:33 | INFO     | QA-Suite | user_action:150 | USER ACTION: clicked_run_script | Context: {"script_length": 93200}
2025-06-25 16:38:28 | INFO     | QA-Suite | api_call:124 | API POST /run_script | Status: 200 | Time: 1614.42s | Context: {"script_length": 93200, "execution_mode": "specific_tests"}
2025-06-25 16:38:28 | INFO     | QA-Suite | performance:157 | PERFORMANCE script_execution_ui | Duration: 1614.42s | Context: {"script_length": 93200}
2025-06-25 16:38:28 | INFO     | QA-Suite | step:108 | STEP [6/7] Run Tests | Context: {"logs_count": 46, "stats": {"failed": 28, "passed": 18, "total": 46}}
2025-06-25 16:38:28 | INFO     | QA-Suite | user_action:150 | USER ACTION: downloaded_results | Context: {"script_length": 93200, "logs_count": 46}
2025-06-25 16:38:28 | INFO     | QA-Suite | step:108 | STEP [7/7] Download Results | Context: {"script_length": 93200, "logs_count": 46}
